#-----------------------------------------------------------
# Vivado v2018.3 (64-bit)
# SW Build 2405991 on Thu Dec  6 23:38:27 MST 2018
# IP Build 2404404 on Fri Dec  7 01:43:56 MST 2018
# Start of session at: Fri Jul 31 20:35:38 2020
# Process ID: 16712
# Current directory: D:/RecView/HDMI_Demo
# Command line: vivado.exe -gui_launcher_event rodinguilauncherevent2388 D:\RecView\HDMI_Demo\HDMI_Demo.xpr
# Log file: D:/RecView/HDMI_Demo/vivado.log
# Journal file: D:/RecView/HDMI_Demo\vivado.jou
#-----------------------------------------------------------
start_gui
open_project D:/RecView/HDMI_Demo/HDMI_Demo.xpr
INFO: [Project 1-313] Project file moved from 'D:/HDMI_Demo' since last save.
WARNING: [Project 1-312] File not found as 'D:/RecView/SDRAM_VGA/ROM/NUM0_bb.v'; using path 'D:/SDRAM_VGA/ROM/NUM0_bb.v' instead.
WARNING: [Project 1-312] File not found as 'D:/RecView/SDRAM_VGA/SRC/disp_data2.v'; using path 'D:/SDRAM_VGA/SRC/disp_data2.v' instead.
WARNING: [Project 1-312] File not found as 'D:/RecView/SDRAM_VGA/SRC/disp_data3.v'; using path 'D:/SDRAM_VGA/SRC/disp_data3.v' instead.
WARNING: [Project 1-312] File not found as 'D:/RecView/SDRAM_VGA/SRC/disp_data4.v'; using path 'D:/SDRAM_VGA/SRC/disp_data4.v' instead.
WARNING: [Project 1-312] File not found as 'D:/RecView/SDRAM_VGA/ROM/num1_bb.v'; using path 'D:/SDRAM_VGA/ROM/num1_bb.v' instead.
WARNING: [Project 1-312] File not found as 'D:/RecView/SDRAM_VGA/ROM/num2_bb.v'; using path 'D:/SDRAM_VGA/ROM/num2_bb.v' instead.
WARNING: [Project 1-312] File not found as 'D:/RecView/SDRAM_VGA/ROM/num3_bb.v'; using path 'D:/SDRAM_VGA/ROM/num3_bb.v' instead.
WARNING: [Project 1-312] File not found as 'D:/RecView/SDRAM_VGA/ROM/num4_bb.v'; using path 'D:/SDRAM_VGA/ROM/num4_bb.v' instead.
WARNING: [Project 1-312] File not found as 'D:/RecView/SDRAM_VGA/ROM/num5_bb.v'; using path 'D:/SDRAM_VGA/ROM/num5_bb.v' instead.
WARNING: [Project 1-312] File not found as 'D:/RecView/SDRAM_VGA/ROM/num6_bb.v'; using path 'D:/SDRAM_VGA/ROM/num6_bb.v' instead.
WARNING: [Project 1-312] File not found as 'D:/RecView/SDRAM_VGA/ROM/num7_bb.v'; using path 'D:/SDRAM_VGA/ROM/num7_bb.v' instead.
WARNING: [Project 1-312] File not found as 'D:/RecView/SDRAM_VGA/ROM/num8_bb.v'; using path 'D:/SDRAM_VGA/ROM/num8_bb.v' instead.
WARNING: [Project 1-312] File not found as 'D:/RecView/SDRAM_VGA/ROM/num9_bb.v'; using path 'D:/SDRAM_VGA/ROM/num9_bb.v' instead.
WARNING: [Project 1-312] File not found as 'D:/RecView/Matlab_Demo/SEU_Picture_R_Rom.coe'; using path 'D:/Matlab_Demo/SEU_Picture_R_Rom.coe' instead.
WARNING: [Project 1-312] File not found as 'D:/RecView/Matlab_Demo/SEU_Picture_G_Rom.coe'; using path 'D:/Matlab_Demo/SEU_Picture_G_Rom.coe' instead.
WARNING: [Project 1-312] File not found as 'D:/RecView/Matlab_Demo/SEU_Picture_B_Rom.coe'; using path 'D:/Matlab_Demo/SEU_Picture_B_Rom.coe' instead.
WARNING: [Project 1-312] File not found as 'D:/RecView/Matlab_Demo/0_Picture_R_Rom.coe'; using path 'D:/Matlab_Demo/0_Picture_R_Rom.coe' instead.
WARNING: [Project 1-312] File not found as 'D:/RecView/Matlab_Demo/0_Picture_G_Rom.coe'; using path 'D:/Matlab_Demo/0_Picture_G_Rom.coe' instead.
WARNING: [Project 1-312] File not found as 'D:/RecView/Matlab_Demo/0_Picture_B_Rom.coe'; using path 'D:/Matlab_Demo/0_Picture_B_Rom.coe' instead.
WARNING: [Project 1-312] File not found as 'D:/RecView/0_Picture_R_Rom.coe'; using path 'D:/0_Picture_R_Rom.coe' instead.
WARNING: [Project 1-312] File not found as 'D:/RecView/0_Picture_G_Rom.coe'; using path 'D:/0_Picture_G_Rom.coe' instead.
WARNING: [Project 1-312] File not found as 'D:/RecView/0_Picture_B_Rom.coe'; using path 'D:/0_Picture_B_Rom.coe' instead.
Scanning sources...
Finished scanning sources
WARNING: [Project 1-312] File not found as 'D:/RecView/SDRAM_VGA/ROM/NUM0_bb.v'; using path 'D:/SDRAM_VGA/ROM/NUM0_bb.v' instead.
WARNING: [Project 1-312] File not found as 'D:/RecView/SDRAM_VGA/SRC/disp_data2.v'; using path 'D:/SDRAM_VGA/SRC/disp_data2.v' instead.
WARNING: [Project 1-312] File not found as 'D:/RecView/SDRAM_VGA/SRC/disp_data3.v'; using path 'D:/SDRAM_VGA/SRC/disp_data3.v' instead.
WARNING: [Project 1-312] File not found as 'D:/RecView/SDRAM_VGA/SRC/disp_data4.v'; using path 'D:/SDRAM_VGA/SRC/disp_data4.v' instead.
WARNING: [Project 1-312] File not found as 'D:/RecView/SDRAM_VGA/ROM/num1_bb.v'; using path 'D:/SDRAM_VGA/ROM/num1_bb.v' instead.
WARNING: [Project 1-312] File not found as 'D:/RecView/SDRAM_VGA/ROM/num2_bb.v'; using path 'D:/SDRAM_VGA/ROM/num2_bb.v' instead.
WARNING: [Project 1-312] File not found as 'D:/RecView/SDRAM_VGA/ROM/num3_bb.v'; using path 'D:/SDRAM_VGA/ROM/num3_bb.v' instead.
WARNING: [Project 1-312] File not found as 'D:/RecView/SDRAM_VGA/ROM/num4_bb.v'; using path 'D:/SDRAM_VGA/ROM/num4_bb.v' instead.
WARNING: [Project 1-312] File not found as 'D:/RecView/SDRAM_VGA/ROM/num5_bb.v'; using path 'D:/SDRAM_VGA/ROM/num5_bb.v' instead.
WARNING: [Project 1-312] File not found as 'D:/RecView/SDRAM_VGA/ROM/num6_bb.v'; using path 'D:/SDRAM_VGA/ROM/num6_bb.v' instead.
WARNING: [Project 1-312] File not found as 'D:/RecView/SDRAM_VGA/ROM/num7_bb.v'; using path 'D:/SDRAM_VGA/ROM/num7_bb.v' instead.
WARNING: [Project 1-312] File not found as 'D:/RecView/SDRAM_VGA/ROM/num8_bb.v'; using path 'D:/SDRAM_VGA/ROM/num8_bb.v' instead.
WARNING: [Project 1-312] File not found as 'D:/RecView/SDRAM_VGA/ROM/num9_bb.v'; using path 'D:/SDRAM_VGA/ROM/num9_bb.v' instead.
WARNING: [Project 1-312] File not found as 'D:/RecView/Matlab_Demo/SEU_Picture_R_Rom.coe'; using path 'D:/Matlab_Demo/SEU_Picture_R_Rom.coe' instead.
WARNING: [Project 1-312] File not found as 'D:/RecView/Matlab_Demo/SEU_Picture_G_Rom.coe'; using path 'D:/Matlab_Demo/SEU_Picture_G_Rom.coe' instead.
WARNING: [Project 1-312] File not found as 'D:/RecView/Matlab_Demo/SEU_Picture_B_Rom.coe'; using path 'D:/Matlab_Demo/SEU_Picture_B_Rom.coe' instead.
WARNING: [Project 1-312] File not found as 'D:/RecView/Matlab_Demo/0_Picture_R_Rom.coe'; using path 'D:/Matlab_Demo/0_Picture_R_Rom.coe' instead.
WARNING: [Project 1-312] File not found as 'D:/RecView/Matlab_Demo/0_Picture_G_Rom.coe'; using path 'D:/Matlab_Demo/0_Picture_G_Rom.coe' instead.
WARNING: [Project 1-312] File not found as 'D:/RecView/Matlab_Demo/0_Picture_B_Rom.coe'; using path 'D:/Matlab_Demo/0_Picture_B_Rom.coe' instead.
WARNING: [Project 1-312] File not found as 'D:/RecView/0_Picture_R_Rom.coe'; using path 'D:/0_Picture_R_Rom.coe' instead.
WARNING: [Project 1-312] File not found as 'D:/RecView/0_Picture_G_Rom.coe'; using path 'D:/0_Picture_G_Rom.coe' instead.
WARNING: [Project 1-312] File not found as 'D:/RecView/0_Picture_B_Rom.coe'; using path 'D:/0_Picture_B_Rom.coe' instead.
WARNING: [Project 1-312] File not found as 'D:/RecView/SDRAM_VGA/ROM/NUM0_bb.v'; using path 'D:/SDRAM_VGA/ROM/NUM0_bb.v' instead.
WARNING: [Project 1-312] File not found as 'D:/RecView/SDRAM_VGA/SRC/disp_data2.v'; using path 'D:/SDRAM_VGA/SRC/disp_data2.v' instead.
WARNING: [Project 1-312] File not found as 'D:/RecView/SDRAM_VGA/SRC/disp_data3.v'; using path 'D:/SDRAM_VGA/SRC/disp_data3.v' instead.
WARNING: [Project 1-312] File not found as 'D:/RecView/SDRAM_VGA/SRC/disp_data4.v'; using path 'D:/SDRAM_VGA/SRC/disp_data4.v' instead.
WARNING: [Project 1-312] File not found as 'D:/RecView/SDRAM_VGA/ROM/num1_bb.v'; using path 'D:/SDRAM_VGA/ROM/num1_bb.v' instead.
WARNING: [Project 1-312] File not found as 'D:/RecView/SDRAM_VGA/ROM/num2_bb.v'; using path 'D:/SDRAM_VGA/ROM/num2_bb.v' instead.
WARNING: [Project 1-312] File not found as 'D:/RecView/SDRAM_VGA/ROM/num3_bb.v'; using path 'D:/SDRAM_VGA/ROM/num3_bb.v' instead.
WARNING: [Project 1-312] File not found as 'D:/RecView/SDRAM_VGA/ROM/num4_bb.v'; using path 'D:/SDRAM_VGA/ROM/num4_bb.v' instead.
WARNING: [Project 1-312] File not found as 'D:/RecView/SDRAM_VGA/ROM/num5_bb.v'; using path 'D:/SDRAM_VGA/ROM/num5_bb.v' instead.
WARNING: [Project 1-312] File not found as 'D:/RecView/SDRAM_VGA/ROM/num6_bb.v'; using path 'D:/SDRAM_VGA/ROM/num6_bb.v' instead.
WARNING: [Project 1-312] File not found as 'D:/RecView/SDRAM_VGA/ROM/num7_bb.v'; using path 'D:/SDRAM_VGA/ROM/num7_bb.v' instead.
WARNING: [Project 1-312] File not found as 'D:/RecView/SDRAM_VGA/ROM/num8_bb.v'; using path 'D:/SDRAM_VGA/ROM/num8_bb.v' instead.
WARNING: [Project 1-312] File not found as 'D:/RecView/SDRAM_VGA/ROM/num9_bb.v'; using path 'D:/SDRAM_VGA/ROM/num9_bb.v' instead.
WARNING: [Project 1-312] File not found as 'D:/RecView/Matlab_Demo/SEU_Picture_R_Rom.coe'; using path 'D:/Matlab_Demo/SEU_Picture_R_Rom.coe' instead.
WARNING: [Project 1-312] File not found as 'D:/RecView/Matlab_Demo/SEU_Picture_G_Rom.coe'; using path 'D:/Matlab_Demo/SEU_Picture_G_Rom.coe' instead.
WARNING: [Project 1-312] File not found as 'D:/RecView/Matlab_Demo/SEU_Picture_B_Rom.coe'; using path 'D:/Matlab_Demo/SEU_Picture_B_Rom.coe' instead.
WARNING: [Project 1-312] File not found as 'D:/RecView/Matlab_Demo/0_Picture_R_Rom.coe'; using path 'D:/Matlab_Demo/0_Picture_R_Rom.coe' instead.
WARNING: [Project 1-312] File not found as 'D:/RecView/Matlab_Demo/0_Picture_G_Rom.coe'; using path 'D:/Matlab_Demo/0_Picture_G_Rom.coe' instead.
WARNING: [Project 1-312] File not found as 'D:/RecView/Matlab_Demo/0_Picture_B_Rom.coe'; using path 'D:/Matlab_Demo/0_Picture_B_Rom.coe' instead.
WARNING: [Project 1-312] File not found as 'D:/RecView/0_Picture_R_Rom.coe'; using path 'D:/0_Picture_R_Rom.coe' instead.
WARNING: [Project 1-312] File not found as 'D:/RecView/0_Picture_G_Rom.coe'; using path 'D:/0_Picture_G_Rom.coe' instead.
WARNING: [Project 1-312] File not found as 'D:/RecView/0_Picture_B_Rom.coe'; using path 'D:/0_Picture_B_Rom.coe' instead.
WARNING: [filemgmt 56-2] IP Repository Path: Could not find the directory 'D:/RecView/HDMI_Demo/IP_Core/HDMI-IP/IP/RGB2DVI_IP', nor could it be found using path 'D:/HDMI_Demo/IP_Core/HDMI-IP/IP/RGB2DVI_IP'.
INFO: [filemgmt 56-1] IP Repository Path: Directory not found as 'D:/RecView/SEA-master/Examples/FPGA-IP/Mini-HDMI-IP'; using path 'D:/SEA-master/Examples/FPGA-IP/Mini-HDMI-IP' instead.
INFO: [filemgmt 56-1] IP Repository Path: Directory not found as 'D:/RecView/SEA-master/Examples/FPGA-IP/Image-Process-IP'; using path 'D:/SEA-master/Examples/FPGA-IP/Image-Process-IP' instead.
INFO: [filemgmt 56-1] IP Repository Path: Directory not found as 'D:/RecView/IP_Core'; using path 'D:/IP_Core' instead.
INFO: [IP_Flow 19-234] Refreshing IP repositories
WARNING: [IP_Flow 19-2248] Failed to load user IP repository 'd:/RecView/HDMI_Demo/IP_Core/HDMI-IP/IP/RGB2DVI_IP'; Can't find the specified path.
If this directory should no longer be in your list of user repositories, go to the IP Settings dialog and remove it.
INFO: [IP_Flow 19-1700] Loaded user IP repository 'd:/SEA-master/Examples/FPGA-IP/Mini-HDMI-IP'.
INFO: [IP_Flow 19-1700] Loaded user IP repository 'd:/SEA-master/Examples/FPGA-IP/Image-Process-IP'.
INFO: [IP_Flow 19-1700] Loaded user IP repository 'd:/IP_Core'.
INFO: [IP_Flow 19-2313] Loaded Vivado IP repository 'D:/vivado2018.3/Vivado/2018.3/data/ip'.
CRITICAL WARNING: [IP_Flow 19-1663] Duplicate IP found for 'digilentinc.com:ip:rgb2dvi:1.2'. The one found in IP location 'd:/SEA-master/Examples/FPGA-IP/Mini-HDMI-IP/IP/RGB2DVI_IP' will take precedence over the same IP in location d:/IP_Core/RGB2DVI_IP
open_project: Time (s): cpu = 00:00:21 ; elapsed = 00:00:11 . Memory (MB): peak = 825.957 ; gain = 242.047
update_compile_order -fileset sources_1
INFO: [Device 21-403] Loading part xc7s15ftgb196-1
WARNING: [IP_Flow 19-4067] Ignoring invalid widget type specified checkbox.Providing a default widget
WARNING: [IP_Flow 19-4067] Ignoring invalid widget type specified checkbox.Providing a default widget
WARNING: [IP_Flow 19-4067] Ignoring invalid widget type specified checkbox.Providing a default widget
WARNING: [IP_Flow 19-4067] Ignoring invalid widget type specified checkbox.Providing a default widget
set_property -dict [list CONFIG.Write_Width_B {16} CONFIG.Read_Width_B {16}] [get_ips AXIS_Data_RAM]
exit
INFO: [Common 17-206] Exiting Vivado at Fri Jul 31 20:39:57 2020...
