#-----------------------------------------------------------
# Vivado v2018.3 (64-bit)
# SW Build 2405991 on Thu Dec  6 23:38:27 MST 2018
# IP Build 2404404 on Fri Dec  7 01:43:56 MST 2018
# Start of session at: Thu Jul 30 20:01:41 2020
# Process ID: 128
# Current directory: D:/HDMI_Demo
# Command line: vivado.exe -gui_launcher_event rodinguilauncherevent16116 D:\HDMI_Demo\HDMI_Demo.xpr
# Log file: D:/HDMI_Demo/vivado.log
# Journal file: D:/HDMI_Demo\vivado.jou
#-----------------------------------------------------------
start_gui
open_project D:/HDMI_Demo/HDMI_Demo.xpr
INFO: [Project 1-313] Project file moved from 'C:/Users/mac/Desktop/Mini-HDMI-Interface/HDMI_Demo' since last save.
CRITICAL WARNING: [Project 1-311] Could not find the file 'D:/Matlab_Demo/SEU_Picture_R_Rom.coe', nor could it be found using path 'C:/Users/mac/Desktop/Mini-HDMI-Interface/Matlab_Demo/SEU_Picture_R_Rom.coe'.
CRITICAL WARNING: [Project 1-311] Could not find the file 'D:/Matlab_Demo/SEU_Picture_G_Rom.coe', nor could it be found using path 'C:/Users/mac/Desktop/Mini-HDMI-Interface/Matlab_Demo/SEU_Picture_G_Rom.coe'.
CRITICAL WARNING: [Project 1-311] Could not find the file 'D:/Matlab_Demo/SEU_Picture_B_Rom.coe', nor could it be found using path 'C:/Users/mac/Desktop/Mini-HDMI-Interface/Matlab_Demo/SEU_Picture_B_Rom.coe'.
CRITICAL WARNING: [Project 1-311] Could not find the file 'D:/Matlab_Demo/0_Picture_R_Rom.coe', nor could it be found using path 'C:/Users/mac/Desktop/Mini-HDMI-Interface/Matlab_Demo/0_Picture_R_Rom.coe'.
CRITICAL WARNING: [Project 1-311] Could not find the file 'D:/Matlab_Demo/0_Picture_G_Rom.coe', nor could it be found using path 'C:/Users/mac/Desktop/Mini-HDMI-Interface/Matlab_Demo/0_Picture_G_Rom.coe'.
CRITICAL WARNING: [Project 1-311] Could not find the file 'D:/Matlab_Demo/0_Picture_B_Rom.coe', nor could it be found using path 'C:/Users/mac/Desktop/Mini-HDMI-Interface/Matlab_Demo/0_Picture_B_Rom.coe'.
Scanning sources...
Finished scanning sources
WARNING: [filemgmt 56-2] IP Repository Path: Could not find the directory 'D:/../../IP_Core/HDMI-IP/IP/RGB2DVI_IP', nor could it be found using path 'C:/Users/mac/IP_Core/HDMI-IP/IP/RGB2DVI_IP'.
INFO: [IP_Flow 19-234] Refreshing IP repositories
WARNING: [IP_Flow 19-2248] Failed to load user IP repository 'd:/HDMI_Demo/IP_Core/HDMI-IP/IP/RGB2DVI_IP'; Can't find the specified path.
If this directory should no longer be in your list of user repositories, go to the IP Settings dialog and remove it.
INFO: [IP_Flow 19-1700] Loaded user IP repository 'd:/SEA-master/Examples/FPGA-IP/Mini-HDMI-IP'.
INFO: [IP_Flow 19-1700] Loaded user IP repository 'd:/SEA-master/Examples/FPGA-IP/Image-Process-IP'.
INFO: [IP_Flow 19-2313] Loaded Vivado IP repository 'D:/vivado2018.3/Vivado/2018.3/data/ip'.
open_project: Time (s): cpu = 00:00:26 ; elapsed = 00:00:15 . Memory (MB): peak = 808.043 ; gain = 190.078
update_compile_order -fileset sources_1
INFO: [Device 21-403] Loading part xc7s15ftgb196-1
WARNING: [IP_Flow 19-4067] Ignoring invalid widget type specified checkbox.Providing a default widget
WARNING: [IP_Flow 19-4067] Ignoring invalid widget type specified checkbox.Providing a default widget
INFO: [IP_Flow 19-3484] Absolute path of file 'd:/0_Picture_R_Rom.coe' provided. It will be converted relative to IP Instance files '../../../../../0_Picture_R_Rom.coe'
set_property -dict [list CONFIG.Coe_File {D:/0_Picture_R_Rom.coe}] [get_ips Picture_R_Rom]
INFO: [IP_Flow 19-3484] Absolute path of file 'd:/0_Picture_R_Rom.coe' provided. It will be converted relative to IP Instance files '../../../../../0_Picture_R_Rom.coe'
WARNING: [IP_Flow 19-4067] Ignoring invalid widget type specified checkbox.Providing a default widget
WARNING: [IP_Flow 19-4067] Ignoring invalid widget type specified checkbox.Providing a default widget
INFO: [IP_Flow 19-3484] Absolute path of file 'd:/0_Picture_G_Rom.coe' provided. It will be converted relative to IP Instance files '../../../../../0_Picture_G_Rom.coe'
set_property -dict [list CONFIG.Coe_File {D:/0_Picture_G_Rom.coe}] [get_ips Picture_G_Rom]
INFO: [IP_Flow 19-3484] Absolute path of file 'd:/0_Picture_G_Rom.coe' provided. It will be converted relative to IP Instance files '../../../../../0_Picture_G_Rom.coe'
WARNING: [IP_Flow 19-4067] Ignoring invalid widget type specified checkbox.Providing a default widget
WARNING: [IP_Flow 19-4067] Ignoring invalid widget type specified checkbox.Providing a default widget
INFO: [IP_Flow 19-3484] Absolute path of file 'd:/0_Picture_B_Rom.coe' provided. It will be converted relative to IP Instance files '../../../../../0_Picture_B_Rom.coe'
set_property -dict [list CONFIG.Coe_File {D:/0_Picture_B_Rom.coe}] [get_ips Picture_B_Rom]
INFO: [IP_Flow 19-3484] Absolute path of file 'd:/0_Picture_B_Rom.coe' provided. It will be converted relative to IP Instance files '../../../../../0_Picture_B_Rom.coe'
reset_run Picture_R_Rom_synth_1
reset_run Picture_G_Rom_synth_1
reset_run Picture_B_Rom_synth_1
reset_run synth_1
launch_runs synth_1 -jobs 4
INFO: [IP_Flow 19-1686] Generating 'Synthesis' target for IP 'Picture_R_Rom'...
INFO: [IP_Flow 19-1686] Generating 'Synthesis' target for IP 'Picture_G_Rom'...
INFO: [IP_Flow 19-1686] Generating 'Synthesis' target for IP 'Picture_B_Rom'...
[Thu Jul 30 20:05:43 2020] Launched Picture_R_Rom_synth_1, Picture_G_Rom_synth_1, Picture_B_Rom_synth_1...
Run output will be captured here:
Picture_R_Rom_synth_1: D:/HDMI_Demo/HDMI_Demo.runs/Picture_R_Rom_synth_1/runme.log
Picture_G_Rom_synth_1: D:/HDMI_Demo/HDMI_Demo.runs/Picture_G_Rom_synth_1/runme.log
Picture_B_Rom_synth_1: D:/HDMI_Demo/HDMI_Demo.runs/Picture_B_Rom_synth_1/runme.log
[Thu Jul 30 20:05:43 2020] Launched synth_1...
Run output will be captured here: D:/HDMI_Demo/HDMI_Demo.runs/synth_1/runme.log
launch_runs: Time (s): cpu = 00:00:20 ; elapsed = 00:00:20 . Memory (MB): peak = 1210.258 ; gain = 0.000
reset_run synth_1
launch_runs synth_1 -jobs 4
[Thu Jul 30 20:12:46 2020] Launched synth_1...
Run output will be captured here: D:/HDMI_Demo/HDMI_Demo.runs/synth_1/runme.log
launch_runs impl_1 -jobs 4
[Thu Jul 30 20:14:02 2020] Launched impl_1...
Run output will be captured here: D:/HDMI_Demo/HDMI_Demo.runs/impl_1/runme.log
launch_runs impl_1 -to_step write_bitstream -jobs 4
[Thu Jul 30 20:16:42 2020] Launched impl_1...
Run output will be captured here: D:/HDMI_Demo/HDMI_Demo.runs/impl_1/runme.log
close [ open D:/HDMI_Demo/HDMI_Demo.srcs/sources_1/new/digitalRcg.v w ]
add_files D:/HDMI_Demo/HDMI_Demo.srcs/sources_1/new/digitalRcg.v
update_compile_order -fileset sources_1
reset_run synth_1
launch_runs synth_1 -jobs 4
[Thu Jul 30 22:51:50 2020] Launched synth_1...
Run output will be captured here: D:/HDMI_Demo/HDMI_Demo.runs/synth_1/runme.log
launch_runs impl_1 -jobs 4
[Thu Jul 30 22:53:28 2020] Launched impl_1...
Run output will be captured here: D:/HDMI_Demo/HDMI_Demo.runs/impl_1/runme.log
launch_runs impl_1 -to_step write_bitstream -jobs 4
[Thu Jul 30 22:55:04 2020] Launched impl_1...
Run output will be captured here: D:/HDMI_Demo/HDMI_Demo.runs/impl_1/runme.log
update_compile_order -fileset sources_1
exit
INFO: [Common 17-206] Exiting Vivado at Fri Jul 31 00:59:20 2020...
