
*** Running vivado
    with args -log HDMI_Demo.vds -m64 -product Vivado -mode batch -messageDb vivado.pb -notrace -source HDMI_Demo.tcl


****** Vivado v2018.3 (64-bit)
  **** SW Build 2405991 on Thu Dec  6 23:38:27 MST 2018
  **** IP Build 2404404 on Fri Dec  7 01:43:56 MST 2018
    ** Copyright 1986-2018 Xilinx, Inc. All Rights Reserved.

source HDMI_Demo.tcl -notrace
INFO: [IP_Flow 19-234] Refreshing IP repositories
WARNING: [IP_Flow 19-2248] Failed to load user IP repository 'c:/Users/mac/IP_Core/HDMI-IP/IP/RGB2DVI_IP'; Can't find the specified path.
If this directory should no longer be in your list of user repositories, go to the IP Settings dialog and remove it.
INFO: [IP_Flow 19-1700] Loaded user IP repository 'd:/SEA-master/Examples/FPGA-IP/Mini-HDMI-IP'.
INFO: [IP_Flow 19-1700] Loaded user IP repository 'd:/SEA-master/Examples/FPGA-IP/Image-Process-IP'.
INFO: [IP_Flow 19-2313] Loaded Vivado IP repository 'D:/XILINX/vivado/2018.3/data/ip'.
Command: synth_design -top HDMI_Demo -part xc7s15ftgb196-1
Starting synth_design
Attempting to get a license for feature 'Synthesis' and/or device 'xc7s15'
INFO: [Common 17-349] Got license for feature 'Synthesis' and/or device 'xc7s15'
INFO: Launching helper process for spawning children vivado processes
INFO: Helper process launched with PID 13596 
---------------------------------------------------------------------------------
Starting RTL Elaboration : Time (s): cpu = 00:00:04 ; elapsed = 00:00:04 . Memory (MB): peak = 479.164 ; gain = 104.426
---------------------------------------------------------------------------------
INFO: [Synth 8-6157] synthesizing module 'HDMI_Demo' [C:/Users/mac/Desktop/Mini-HDMI-Interface/HDMI_Demo/HDMI_Demo.srcs/sources_1/new/HDMI_Demo.v:23]
INFO: [Synth 8-6157] synthesizing module 'clk_wiz_0' [C:/Users/mac/Desktop/Mini-HDMI-Interface/HDMI_Demo/HDMI_Demo.runs/synth_1/.Xil/Vivado-1504-DESKTOP-QPN994V/realtime/clk_wiz_0_stub.v:5]
INFO: [Synth 8-6155] done synthesizing module 'clk_wiz_0' (1#1) [C:/Users/mac/Desktop/Mini-HDMI-Interface/HDMI_Demo/HDMI_Demo.runs/synth_1/.Xil/Vivado-1504-DESKTOP-QPN994V/realtime/clk_wiz_0_stub.v:5]
WARNING: [Synth 8-350] instance 'clk_10' of module 'clk_wiz_0' requires 4 connections, but only 2 given [C:/Users/mac/Desktop/Mini-HDMI-Interface/HDMI_Demo/HDMI_Demo.srcs/sources_1/new/HDMI_Demo.v:43]
INFO: [Synth 8-6157] synthesizing module 'rgb2dvi_0' [C:/Users/mac/Desktop/Mini-HDMI-Interface/HDMI_Demo/HDMI_Demo.runs/synth_1/.Xil/Vivado-1504-DESKTOP-QPN994V/realtime/rgb2dvi_0_stub.v:6]
INFO: [Synth 8-6155] done synthesizing module 'rgb2dvi_0' (2#1) [C:/Users/mac/Desktop/Mini-HDMI-Interface/HDMI_Demo/HDMI_Demo.runs/synth_1/.Xil/Vivado-1504-DESKTOP-QPN994V/realtime/rgb2dvi_0_stub.v:6]
INFO: [Synth 8-6157] synthesizing module 'Driver_HDMI' [C:/Users/mac/Desktop/Mini-HDMI-Interface/HDMI_Demo/HDMI_Demo.srcs/sources_1/new/Driver_HDMI.v:24]
	Parameter H_ACTIVE_1280_720 bound to: 16'b0000010100000000 
	Parameter H_FP_1280_720 bound to: 16'b0000000001101110 
	Parameter H_SYNC_1280_720 bound to: 16'b0000000000101000 
	Parameter H_BP_1280_720 bound to: 16'b0000000011011100 
	Parameter V_ACTIVE_1280_720 bound to: 16'b0000001011010000 
	Parameter V_FP_1280_720 bound to: 16'b0000000000000101 
	Parameter V_SYNC_1280_720 bound to: 16'b0000000000000101 
	Parameter V_BP_1280_720 bound to: 16'b0000000000010100 
	Parameter H_TOTAL_1280_720 bound to: 16'b0000011001110010 
	Parameter V_TOTAL_1280_720 bound to: 16'b0000001011101110 
	Parameter H_ACTIVE_1920_1080 bound to: 16'b0000011110000000 
	Parameter H_FP_1920_1080 bound to: 16'b0000000001011000 
	Parameter H_SYNC_1920_1080 bound to: 16'b0000000000101100 
	Parameter H_BP_1920_1080 bound to: 16'b0000000010010100 
	Parameter V_ACTIVE_1920_1080 bound to: 16'b0000010000111000 
	Parameter V_FP_1920_1080 bound to: 16'b0000000000000100 
	Parameter V_SYNC_1920_1080 bound to: 16'b0000000000000101 
	Parameter V_BP_1920_1080 bound to: 16'b0000000000100100 
	Parameter H_TOTAL_1920_1080 bound to: 16'b0000100010011000 
	Parameter V_TOTAL_1920_1080 bound to: 16'b0000010001100101 
INFO: [Synth 8-6155] done synthesizing module 'Driver_HDMI' (3#1) [C:/Users/mac/Desktop/Mini-HDMI-Interface/HDMI_Demo/HDMI_Demo.srcs/sources_1/new/Driver_HDMI.v:24]
INFO: [Synth 8-6157] synthesizing module 'Video_Generator' [C:/Users/mac/Desktop/Mini-HDMI-Interface/HDMI_Demo/HDMI_Demo.srcs/sources_1/new/Video_Generator.v:23]
INFO: [Synth 8-6157] synthesizing module 'Picture_R_Rom' [C:/Users/mac/Desktop/Mini-HDMI-Interface/HDMI_Demo/HDMI_Demo.runs/synth_1/.Xil/Vivado-1504-DESKTOP-QPN994V/realtime/Picture_R_Rom_stub.v:6]
INFO: [Synth 8-6155] done synthesizing module 'Picture_R_Rom' (4#1) [C:/Users/mac/Desktop/Mini-HDMI-Interface/HDMI_Demo/HDMI_Demo.runs/synth_1/.Xil/Vivado-1504-DESKTOP-QPN994V/realtime/Picture_R_Rom_stub.v:6]
INFO: [Synth 8-6157] synthesizing module 'Picture_G_Rom' [C:/Users/mac/Desktop/Mini-HDMI-Interface/HDMI_Demo/HDMI_Demo.runs/synth_1/.Xil/Vivado-1504-DESKTOP-QPN994V/realtime/Picture_G_Rom_stub.v:6]
INFO: [Synth 8-6155] done synthesizing module 'Picture_G_Rom' (5#1) [C:/Users/mac/Desktop/Mini-HDMI-Interface/HDMI_Demo/HDMI_Demo.runs/synth_1/.Xil/Vivado-1504-DESKTOP-QPN994V/realtime/Picture_G_Rom_stub.v:6]
INFO: [Synth 8-6157] synthesizing module 'Picture_B_Rom' [C:/Users/mac/Desktop/Mini-HDMI-Interface/HDMI_Demo/HDMI_Demo.runs/synth_1/.Xil/Vivado-1504-DESKTOP-QPN994V/realtime/Picture_B_Rom_stub.v:6]
INFO: [Synth 8-6155] done synthesizing module 'Picture_B_Rom' (6#1) [C:/Users/mac/Desktop/Mini-HDMI-Interface/HDMI_Demo/HDMI_Demo.runs/synth_1/.Xil/Vivado-1504-DESKTOP-QPN994V/realtime/Picture_B_Rom_stub.v:6]
INFO: [Synth 8-6155] done synthesizing module 'Video_Generator' (7#1) [C:/Users/mac/Desktop/Mini-HDMI-Interface/HDMI_Demo/HDMI_Demo.srcs/sources_1/new/Video_Generator.v:23]
INFO: [Synth 8-6157] synthesizing module 'Image_Process' [C:/Users/mac/Desktop/Mini-HDMI-Interface/HDMI_Demo/HDMI_Demo.srcs/sources_1/new/Image_Process_Edge.v:23]
	Parameter RGB2Gray_Accuracy_N bound to: 8 - type: integer 
INFO: [Synth 8-6157] synthesizing module 'Edge_Check_0' [C:/Users/mac/Desktop/Mini-HDMI-Interface/HDMI_Demo/HDMI_Demo.runs/synth_1/.Xil/Vivado-1504-DESKTOP-QPN994V/realtime/Edge_Check_0_stub.v:6]
INFO: [Synth 8-6155] done synthesizing module 'Edge_Check_0' (8#1) [C:/Users/mac/Desktop/Mini-HDMI-Interface/HDMI_Demo/HDMI_Demo.runs/synth_1/.Xil/Vivado-1504-DESKTOP-QPN994V/realtime/Edge_Check_0_stub.v:6]
INFO: [Synth 8-6157] synthesizing module 'RGB_To_Gray_0' [C:/Users/mac/Desktop/Mini-HDMI-Interface/HDMI_Demo/HDMI_Demo.runs/synth_1/.Xil/Vivado-1504-DESKTOP-QPN994V/realtime/RGB_To_Gray_0_stub.v:6]
INFO: [Synth 8-6155] done synthesizing module 'RGB_To_Gray_0' (9#1) [C:/Users/mac/Desktop/Mini-HDMI-Interface/HDMI_Demo/HDMI_Demo.runs/synth_1/.Xil/Vivado-1504-DESKTOP-QPN994V/realtime/RGB_To_Gray_0_stub.v:6]
INFO: [Synth 8-6157] synthesizing module 'Delay_Signal' [C:/Users/mac/Desktop/Mini-HDMI-Interface/HDMI_Demo/HDMI_Demo.srcs/sources_1/new/Delay_Signal.v:24]
INFO: [Synth 8-6155] done synthesizing module 'Delay_Signal' (10#1) [C:/Users/mac/Desktop/Mini-HDMI-Interface/HDMI_Demo/HDMI_Demo.srcs/sources_1/new/Delay_Signal.v:24]
INFO: [Synth 8-6157] synthesizing module 'Data_1' [C:/Users/mac/Desktop/Mini-HDMI-Interface/HDMI_Demo/HDMI_Demo.srcs/sources_1/new/Data_1.v:23]
INFO: [Synth 8-6155] done synthesizing module 'Data_1' (11#1) [C:/Users/mac/Desktop/Mini-HDMI-Interface/HDMI_Demo/HDMI_Demo.srcs/sources_1/new/Data_1.v:23]
INFO: [Synth 8-6155] done synthesizing module 'Image_Process' (12#1) [C:/Users/mac/Desktop/Mini-HDMI-Interface/HDMI_Demo/HDMI_Demo.srcs/sources_1/new/Image_Process_Edge.v:23]
INFO: [Synth 8-6155] done synthesizing module 'HDMI_Demo' (13#1) [C:/Users/mac/Desktop/Mini-HDMI-Interface/HDMI_Demo/HDMI_Demo.srcs/sources_1/new/HDMI_Demo.v:23]
WARNING: [Synth 8-3331] design Video_Generator has unconnected port RGB_VDE
---------------------------------------------------------------------------------
Finished RTL Elaboration : Time (s): cpu = 00:00:05 ; elapsed = 00:00:06 . Memory (MB): peak = 535.316 ; gain = 160.578
---------------------------------------------------------------------------------

Report Check Netlist: 
+------+------------------+-------+---------+-------+------------------+
|      |Item              |Errors |Warnings |Status |Description       |
+------+------------------+-------+---------+-------+------------------+
|1     |multi_driven_nets |      0|        0|Passed |Multi driven nets |
+------+------------------+-------+---------+-------+------------------+
---------------------------------------------------------------------------------
Start Handling Custom Attributes
---------------------------------------------------------------------------------
---------------------------------------------------------------------------------
Finished Handling Custom Attributes : Time (s): cpu = 00:00:05 ; elapsed = 00:00:06 . Memory (MB): peak = 535.316 ; gain = 160.578
---------------------------------------------------------------------------------
---------------------------------------------------------------------------------
Finished RTL Optimization Phase 1 : Time (s): cpu = 00:00:05 ; elapsed = 00:00:06 . Memory (MB): peak = 535.316 ; gain = 160.578
---------------------------------------------------------------------------------
INFO: [Device 21-403] Loading part xc7s15ftgb196-1
INFO: [Project 1-570] Preparing netlist for logic optimization

Processing XDC Constraints
Initializing timing engine
Parsing XDC File [c:/Users/mac/Desktop/Mini-HDMI-Interface/HDMI_Demo/HDMI_Demo.srcs/sources_1/ip/clk_wiz_0_1/clk_wiz_0/clk_wiz_0_in_context.xdc] for cell 'clk_10'
Finished Parsing XDC File [c:/Users/mac/Desktop/Mini-HDMI-Interface/HDMI_Demo/HDMI_Demo.srcs/sources_1/ip/clk_wiz_0_1/clk_wiz_0/clk_wiz_0_in_context.xdc] for cell 'clk_10'
Parsing XDC File [c:/Users/mac/Desktop/Mini-HDMI-Interface/HDMI_Demo/HDMI_Demo.srcs/sources_1/ip/rgb2dvi_0_1/rgb2dvi_0/rgb2dvi_0_in_context.xdc] for cell 'rgb2dvi'
Finished Parsing XDC File [c:/Users/mac/Desktop/Mini-HDMI-Interface/HDMI_Demo/HDMI_Demo.srcs/sources_1/ip/rgb2dvi_0_1/rgb2dvi_0/rgb2dvi_0_in_context.xdc] for cell 'rgb2dvi'
Parsing XDC File [c:/Users/mac/Desktop/Mini-HDMI-Interface/HDMI_Demo/HDMI_Demo.srcs/sources_1/ip/Picture_R_Rom_1/Picture_R_Rom/Picture_R_Rom_in_context.xdc] for cell 'Video_Generator0/R_ROM'
Finished Parsing XDC File [c:/Users/mac/Desktop/Mini-HDMI-Interface/HDMI_Demo/HDMI_Demo.srcs/sources_1/ip/Picture_R_Rom_1/Picture_R_Rom/Picture_R_Rom_in_context.xdc] for cell 'Video_Generator0/R_ROM'
Parsing XDC File [c:/Users/mac/Desktop/Mini-HDMI-Interface/HDMI_Demo/HDMI_Demo.srcs/sources_1/ip/Picture_G_Rom_1/Picture_G_Rom/Picture_G_Rom_in_context.xdc] for cell 'Video_Generator0/G_ROM'
Finished Parsing XDC File [c:/Users/mac/Desktop/Mini-HDMI-Interface/HDMI_Demo/HDMI_Demo.srcs/sources_1/ip/Picture_G_Rom_1/Picture_G_Rom/Picture_G_Rom_in_context.xdc] for cell 'Video_Generator0/G_ROM'
Parsing XDC File [c:/Users/mac/Desktop/Mini-HDMI-Interface/HDMI_Demo/HDMI_Demo.srcs/sources_1/ip/Picture_B_Rom_1/Picture_B_Rom/Picture_B_Rom_in_context.xdc] for cell 'Video_Generator0/B_ROM'
Finished Parsing XDC File [c:/Users/mac/Desktop/Mini-HDMI-Interface/HDMI_Demo/HDMI_Demo.srcs/sources_1/ip/Picture_B_Rom_1/Picture_B_Rom/Picture_B_Rom_in_context.xdc] for cell 'Video_Generator0/B_ROM'
Parsing XDC File [c:/Users/mac/Desktop/Mini-HDMI-Interface/HDMI_Demo/HDMI_Demo.srcs/sources_1/ip/RGB_To_Gray_0/RGB_To_Gray_0/RGB_To_Gray_0_in_context.xdc] for cell 'Image_Process_Edge/RGB2Gray'
Finished Parsing XDC File [c:/Users/mac/Desktop/Mini-HDMI-Interface/HDMI_Demo/HDMI_Demo.srcs/sources_1/ip/RGB_To_Gray_0/RGB_To_Gray_0/RGB_To_Gray_0_in_context.xdc] for cell 'Image_Process_Edge/RGB2Gray'
Parsing XDC File [c:/Users/mac/Desktop/Mini-HDMI-Interface/HDMI_Demo/HDMI_Demo.srcs/sources_1/ip/Edge_Check_0/Edge_Check_0/Edge_Check_0_in_context.xdc] for cell 'Image_Process_Edge/Edge_Check0'
Finished Parsing XDC File [c:/Users/mac/Desktop/Mini-HDMI-Interface/HDMI_Demo/HDMI_Demo.srcs/sources_1/ip/Edge_Check_0/Edge_Check_0/Edge_Check_0_in_context.xdc] for cell 'Image_Process_Edge/Edge_Check0'
Parsing XDC File [C:/Users/mac/Desktop/Mini-HDMI-Interface/HDMI_Demo/HDMI_Demo.srcs/constrs_1/new/system.xdc]
Finished Parsing XDC File [C:/Users/mac/Desktop/Mini-HDMI-Interface/HDMI_Demo/HDMI_Demo.srcs/constrs_1/new/system.xdc]
INFO: [Project 1-236] Implementation specific constraints were found while reading constraint file [C:/Users/mac/Desktop/Mini-HDMI-Interface/HDMI_Demo/HDMI_Demo.srcs/constrs_1/new/system.xdc]. These constraints will be ignored for synthesis but will be used in implementation. Impacted constraints are listed in the file [.Xil/HDMI_Demo_propImpl.xdc].
Resolution: To avoid this warning, move constraints listed in [.Xil/HDMI_Demo_propImpl.xdc] to another XDC file and exclude this new file from synthesis with the used_in_synthesis property (File Properties dialog in GUI) and re-run elaboration/synthesis.
Netlist sorting complete. Time (s): cpu = 00:00:00 ; elapsed = 00:00:00.001 . Memory (MB): peak = 836.266 ; gain = 0.000
Completed Processing XDC Constraints

Netlist sorting complete. Time (s): cpu = 00:00:00 ; elapsed = 00:00:00 . Memory (MB): peak = 836.266 ; gain = 0.000
INFO: [Project 1-111] Unisim Transformation Summary:
No Unisim elements were transformed.

Netlist sorting complete. Time (s): cpu = 00:00:00 ; elapsed = 00:00:00 . Memory (MB): peak = 836.266 ; gain = 0.000
Constraint Validation Runtime : Time (s): cpu = 00:00:00 ; elapsed = 00:00:00.007 . Memory (MB): peak = 836.266 ; gain = 0.000
WARNING: [Timing 38-316] Clock period '20.000' specified during out-of-context synthesis of instance 'Video_Generator0/B_ROM' at clock pin 'clka' is different from the actual clock period '10.000', this can lead to different synthesis results.
WARNING: [Timing 38-316] Clock period '20.000' specified during out-of-context synthesis of instance 'Video_Generator0/G_ROM' at clock pin 'clka' is different from the actual clock period '10.000', this can lead to different synthesis results.
WARNING: [Timing 38-316] Clock period '20.000' specified during out-of-context synthesis of instance 'Video_Generator0/R_ROM' at clock pin 'clka' is different from the actual clock period '10.000', this can lead to different synthesis results.
---------------------------------------------------------------------------------
Finished Constraint Validation : Time (s): cpu = 00:00:15 ; elapsed = 00:00:18 . Memory (MB): peak = 836.266 ; gain = 461.527
---------------------------------------------------------------------------------
---------------------------------------------------------------------------------
Start Loading Part and Timing Information
---------------------------------------------------------------------------------
Loading part: xc7s15ftgb196-1
---------------------------------------------------------------------------------
Finished Loading Part and Timing Information : Time (s): cpu = 00:00:15 ; elapsed = 00:00:18 . Memory (MB): peak = 836.266 ; gain = 461.527
---------------------------------------------------------------------------------
---------------------------------------------------------------------------------
Start Applying 'set_property' XDC Constraints
---------------------------------------------------------------------------------
Applied set_property IO_BUFFER_TYPE = NONE for TMDS_Tx_Clk_N. (constraint file  c:/Users/mac/Desktop/Mini-HDMI-Interface/HDMI_Demo/HDMI_Demo.srcs/sources_1/ip/rgb2dvi_0_1/rgb2dvi_0/rgb2dvi_0_in_context.xdc, line 1).
Applied set_property CLOCK_BUFFER_TYPE = NONE for TMDS_Tx_Clk_N. (constraint file  c:/Users/mac/Desktop/Mini-HDMI-Interface/HDMI_Demo/HDMI_Demo.srcs/sources_1/ip/rgb2dvi_0_1/rgb2dvi_0/rgb2dvi_0_in_context.xdc, line 2).
Applied set_property IO_BUFFER_TYPE = NONE for TMDS_Tx_Clk_P. (constraint file  c:/Users/mac/Desktop/Mini-HDMI-Interface/HDMI_Demo/HDMI_Demo.srcs/sources_1/ip/rgb2dvi_0_1/rgb2dvi_0/rgb2dvi_0_in_context.xdc, line 3).
Applied set_property CLOCK_BUFFER_TYPE = NONE for TMDS_Tx_Clk_P. (constraint file  c:/Users/mac/Desktop/Mini-HDMI-Interface/HDMI_Demo/HDMI_Demo.srcs/sources_1/ip/rgb2dvi_0_1/rgb2dvi_0/rgb2dvi_0_in_context.xdc, line 4).
Applied set_property IO_BUFFER_TYPE = NONE for TMDS_Tx_Data_N[0]. (constraint file  c:/Users/mac/Desktop/Mini-HDMI-Interface/HDMI_Demo/HDMI_Demo.srcs/sources_1/ip/rgb2dvi_0_1/rgb2dvi_0/rgb2dvi_0_in_context.xdc, line 5).
Applied set_property CLOCK_BUFFER_TYPE = NONE for TMDS_Tx_Data_N[0]. (constraint file  c:/Users/mac/Desktop/Mini-HDMI-Interface/HDMI_Demo/HDMI_Demo.srcs/sources_1/ip/rgb2dvi_0_1/rgb2dvi_0/rgb2dvi_0_in_context.xdc, line 6).
Applied set_property IO_BUFFER_TYPE = NONE for TMDS_Tx_Data_N[1]. (constraint file  c:/Users/mac/Desktop/Mini-HDMI-Interface/HDMI_Demo/HDMI_Demo.srcs/sources_1/ip/rgb2dvi_0_1/rgb2dvi_0/rgb2dvi_0_in_context.xdc, line 7).
Applied set_property CLOCK_BUFFER_TYPE = NONE for TMDS_Tx_Data_N[1]. (constraint file  c:/Users/mac/Desktop/Mini-HDMI-Interface/HDMI_Demo/HDMI_Demo.srcs/sources_1/ip/rgb2dvi_0_1/rgb2dvi_0/rgb2dvi_0_in_context.xdc, line 8).
Applied set_property IO_BUFFER_TYPE = NONE for TMDS_Tx_Data_N[2]. (constraint file  c:/Users/mac/Desktop/Mini-HDMI-Interface/HDMI_Demo/HDMI_Demo.srcs/sources_1/ip/rgb2dvi_0_1/rgb2dvi_0/rgb2dvi_0_in_context.xdc, line 9).
Applied set_property CLOCK_BUFFER_TYPE = NONE for TMDS_Tx_Data_N[2]. (constraint file  c:/Users/mac/Desktop/Mini-HDMI-Interface/HDMI_Demo/HDMI_Demo.srcs/sources_1/ip/rgb2dvi_0_1/rgb2dvi_0/rgb2dvi_0_in_context.xdc, line 10).
Applied set_property IO_BUFFER_TYPE = NONE for TMDS_Tx_Data_P[0]. (constraint file  c:/Users/mac/Desktop/Mini-HDMI-Interface/HDMI_Demo/HDMI_Demo.srcs/sources_1/ip/rgb2dvi_0_1/rgb2dvi_0/rgb2dvi_0_in_context.xdc, line 11).
Applied set_property CLOCK_BUFFER_TYPE = NONE for TMDS_Tx_Data_P[0]. (constraint file  c:/Users/mac/Desktop/Mini-HDMI-Interface/HDMI_Demo/HDMI_Demo.srcs/sources_1/ip/rgb2dvi_0_1/rgb2dvi_0/rgb2dvi_0_in_context.xdc, line 12).
Applied set_property IO_BUFFER_TYPE = NONE for TMDS_Tx_Data_P[1]. (constraint file  c:/Users/mac/Desktop/Mini-HDMI-Interface/HDMI_Demo/HDMI_Demo.srcs/sources_1/ip/rgb2dvi_0_1/rgb2dvi_0/rgb2dvi_0_in_context.xdc, line 13).
Applied set_property CLOCK_BUFFER_TYPE = NONE for TMDS_Tx_Data_P[1]. (constraint file  c:/Users/mac/Desktop/Mini-HDMI-Interface/HDMI_Demo/HDMI_Demo.srcs/sources_1/ip/rgb2dvi_0_1/rgb2dvi_0/rgb2dvi_0_in_context.xdc, line 14).
Applied set_property IO_BUFFER_TYPE = NONE for TMDS_Tx_Data_P[2]. (constraint file  c:/Users/mac/Desktop/Mini-HDMI-Interface/HDMI_Demo/HDMI_Demo.srcs/sources_1/ip/rgb2dvi_0_1/rgb2dvi_0/rgb2dvi_0_in_context.xdc, line 15).
Applied set_property CLOCK_BUFFER_TYPE = NONE for TMDS_Tx_Data_P[2]. (constraint file  c:/Users/mac/Desktop/Mini-HDMI-Interface/HDMI_Demo/HDMI_Demo.srcs/sources_1/ip/rgb2dvi_0_1/rgb2dvi_0/rgb2dvi_0_in_context.xdc, line 16).
Applied set_property DONT_TOUCH = true for clk_10. (constraint file  auto generated constraint, line ).
Applied set_property DONT_TOUCH = true for rgb2dvi. (constraint file  auto generated constraint, line ).
Applied set_property DONT_TOUCH = true for Video_Generator0/R_ROM. (constraint file  auto generated constraint, line ).
Applied set_property DONT_TOUCH = true for Video_Generator0/G_ROM. (constraint file  auto generated constraint, line ).
Applied set_property DONT_TOUCH = true for Video_Generator0/B_ROM. (constraint file  auto generated constraint, line ).
Applied set_property DONT_TOUCH = true for Image_Process_Edge/RGB2Gray. (constraint file  auto generated constraint, line ).
Applied set_property DONT_TOUCH = true for Image_Process_Edge/Edge_Check0. (constraint file  auto generated constraint, line ).
---------------------------------------------------------------------------------
Finished applying 'set_property' XDC Constraints : Time (s): cpu = 00:00:15 ; elapsed = 00:00:18 . Memory (MB): peak = 836.266 ; gain = 461.527
---------------------------------------------------------------------------------
INFO: [Synth 8-5546] ROM "Data_1" won't be mapped to RAM because it is too sparse
WARNING: [Synth 8-327] inferring latch for variable 'Address_reg' [C:/Users/mac/Desktop/Mini-HDMI-Interface/HDMI_Demo/HDMI_Demo.srcs/sources_1/new/Video_Generator.v:40]
---------------------------------------------------------------------------------
Finished RTL Optimization Phase 2 : Time (s): cpu = 00:00:15 ; elapsed = 00:00:19 . Memory (MB): peak = 836.266 ; gain = 461.527
---------------------------------------------------------------------------------

Report RTL Partitions: 
+-+--------------+------------+----------+
| |RTL Partition |Replication |Instances |
+-+--------------+------------+----------+
+-+--------------+------------+----------+
---------------------------------------------------------------------------------
Start RTL Component Statistics 
---------------------------------------------------------------------------------
Detailed RTL Component Info : 
+---Adders : 
	   2 Input     32 Bit       Adders := 5     
	   3 Input     32 Bit       Adders := 1     
	   5 Input     12 Bit       Adders := 1     
	   3 Input     12 Bit       Adders := 1     
	   2 Input      8 Bit       Adders := 1     
	   3 Input      7 Bit       Adders := 2     
	   2 Input      4 Bit       Adders := 2     
+---Registers : 
	               12 Bit    Registers := 2     
	                8 Bit    Registers := 3     
	                1 Bit    Registers := 6     
+---Muxes : 
	   2 Input     24 Bit        Muxes := 3     
	   2 Input     12 Bit        Muxes := 1     
	   2 Input     11 Bit        Muxes := 1     
	   2 Input      7 Bit        Muxes := 1     
	   2 Input      6 Bit        Muxes := 2     
	   2 Input      1 Bit        Muxes := 5     
---------------------------------------------------------------------------------
Finished RTL Component Statistics 
---------------------------------------------------------------------------------
---------------------------------------------------------------------------------
Start RTL Hierarchical Component Statistics 
---------------------------------------------------------------------------------
Hierarchical RTL Component report 
Module Driver_HDMI 
Detailed RTL Component Info : 
+---Adders : 
	   2 Input     32 Bit       Adders := 5     
	   3 Input     32 Bit       Adders := 1     
	   5 Input     12 Bit       Adders := 1     
	   3 Input     12 Bit       Adders := 1     
	   2 Input      8 Bit       Adders := 1     
	   3 Input      7 Bit       Adders := 2     
	   2 Input      4 Bit       Adders := 2     
+---Registers : 
	               12 Bit    Registers := 2     
	                1 Bit    Registers := 5     
+---Muxes : 
	   2 Input     12 Bit        Muxes := 1     
	   2 Input     11 Bit        Muxes := 1     
	   2 Input      7 Bit        Muxes := 1     
	   2 Input      6 Bit        Muxes := 2     
	   2 Input      1 Bit        Muxes := 4     
Module Video_Generator 
Detailed RTL Component Info : 
+---Muxes : 
	   2 Input     24 Bit        Muxes := 2     
Module Delay_Signal 
Detailed RTL Component Info : 
+---Registers : 
	                8 Bit    Registers := 1     
Module Data_1 
Detailed RTL Component Info : 
+---Registers : 
	                1 Bit    Registers := 1     
+---Muxes : 
	   2 Input      1 Bit        Muxes := 1     
Module Image_Process 
Detailed RTL Component Info : 
+---Muxes : 
	   2 Input     24 Bit        Muxes := 1     
---------------------------------------------------------------------------------
Finished RTL Hierarchical Component Statistics
---------------------------------------------------------------------------------
---------------------------------------------------------------------------------
Start Part Resource Summary
---------------------------------------------------------------------------------
Part Resources:
DSPs: 20 (col length:20)
BRAMs: 20 (col length: RAMB18 20 RAMB36 10)
---------------------------------------------------------------------------------
Finished Part Resource Summary
---------------------------------------------------------------------------------
---------------------------------------------------------------------------------
Start Cross Boundary and Area Optimization
---------------------------------------------------------------------------------
Warning: Parallel synthesis criteria is not met 
DSP Report: Generating DSP Video_Generator0/Address0, operation Mode is: C'+A2*(B:0x64).
DSP Report: register Driver_HDMI0/Set_X_reg is absorbed into DSP Video_Generator0/Address0.
DSP Report: register Driver_HDMI0/Set_Y_reg is absorbed into DSP Video_Generator0/Address0.
DSP Report: operator Video_Generator0/Address0 is absorbed into DSP Video_Generator0/Address0.
DSP Report: operator Video_Generator0/Address1 is absorbed into DSP Video_Generator0/Address0.
---------------------------------------------------------------------------------
Finished Cross Boundary and Area Optimization : Time (s): cpu = 00:00:16 ; elapsed = 00:00:20 . Memory (MB): peak = 836.266 ; gain = 461.527
---------------------------------------------------------------------------------
---------------------------------------------------------------------------------
Start ROM, RAM, DSP and Shift Register Reporting
---------------------------------------------------------------------------------

DSP: Preliminary Mapping  Report (see note below)
+------------+----------------+--------+--------+--------+--------+--------+------+------+------+------+-------+------+------+
|Module Name | DSP Mapping    | A Size | B Size | C Size | D Size | P Size | AREG | BREG | CREG | DREG | ADREG | MREG | PREG | 
+------------+----------------+--------+--------+--------+--------+--------+------+------+------+------+-------+------+------+
|HDMI_Demo   | C'+A2*(B:0x64) | 12     | 7      | 12     | -      | 14     | 1    | 0    | 1    | -    | -     | 0    | 0    | 
+------------+----------------+--------+--------+--------+--------+--------+------+------+------+------+-------+------+------+

Note: The table above is a preliminary report that shows the DSPs inferred at the current stage of the synthesis flow. Some DSP may be reimplemented as non DSP primitives later in the synthesis flow. Multiple instantiated DSPs are reported only once.
---------------------------------------------------------------------------------
Finished ROM, RAM, DSP and Shift Register Reporting
---------------------------------------------------------------------------------

Report RTL Partitions: 
+-+--------------+------------+----------+
| |RTL Partition |Replication |Instances |
+-+--------------+------------+----------+
+-+--------------+------------+----------+
---------------------------------------------------------------------------------
Start Applying XDC Timing Constraints
---------------------------------------------------------------------------------
INFO: [Synth 8-5578] Moved timing constraint from pin 'clk_10/clk_out1' to pin 'clk_10/bbstub_clk_out1/O'
INFO: [Synth 8-5819] Moved 1 constraints on hierarchical pins to their respective driving/loading pins
---------------------------------------------------------------------------------
Finished Applying XDC Timing Constraints : Time (s): cpu = 00:00:33 ; elapsed = 00:00:38 . Memory (MB): peak = 868.645 ; gain = 493.906
---------------------------------------------------------------------------------
---------------------------------------------------------------------------------
Start Timing Optimization
---------------------------------------------------------------------------------
---------------------------------------------------------------------------------
Finished Timing Optimization : Time (s): cpu = 00:00:33 ; elapsed = 00:00:38 . Memory (MB): peak = 878.719 ; gain = 503.980
---------------------------------------------------------------------------------

Report RTL Partitions: 
+-+--------------+------------+----------+
| |RTL Partition |Replication |Instances |
+-+--------------+------------+----------+
+-+--------------+------------+----------+
---------------------------------------------------------------------------------
Start Technology Mapping
---------------------------------------------------------------------------------
---------------------------------------------------------------------------------
Finished Technology Mapping : Time (s): cpu = 00:00:33 ; elapsed = 00:00:38 . Memory (MB): peak = 879.754 ; gain = 505.016
---------------------------------------------------------------------------------

Report RTL Partitions: 
+-+--------------+------------+----------+
| |RTL Partition |Replication |Instances |
+-+--------------+------------+----------+
+-+--------------+------------+----------+
---------------------------------------------------------------------------------
Start IO Insertion
---------------------------------------------------------------------------------
---------------------------------------------------------------------------------
Start Flattening Before IO Insertion
---------------------------------------------------------------------------------
---------------------------------------------------------------------------------
Finished Flattening Before IO Insertion
---------------------------------------------------------------------------------
---------------------------------------------------------------------------------
Start Final Netlist Cleanup
---------------------------------------------------------------------------------
---------------------------------------------------------------------------------
Finished Final Netlist Cleanup
---------------------------------------------------------------------------------
CRITICAL WARNING: [Synth 8-4442] BlackBox module clk_10 has unconnected pin reset
---------------------------------------------------------------------------------
Finished IO Insertion : Time (s): cpu = 00:00:35 ; elapsed = 00:00:40 . Memory (MB): peak = 879.754 ; gain = 505.016
---------------------------------------------------------------------------------

Report Check Netlist: 
+------+------------------+-------+---------+-------+------------------+
|      |Item              |Errors |Warnings |Status |Description       |
+------+------------------+-------+---------+-------+------------------+
|1     |multi_driven_nets |      0|        0|Passed |Multi driven nets |
+------+------------------+-------+---------+-------+------------------+
---------------------------------------------------------------------------------
Start Renaming Generated Instances
---------------------------------------------------------------------------------
---------------------------------------------------------------------------------
Finished Renaming Generated Instances : Time (s): cpu = 00:00:35 ; elapsed = 00:00:40 . Memory (MB): peak = 879.754 ; gain = 505.016
---------------------------------------------------------------------------------

Report RTL Partitions: 
+-+--------------+------------+----------+
| |RTL Partition |Replication |Instances |
+-+--------------+------------+----------+
+-+--------------+------------+----------+
---------------------------------------------------------------------------------
Start Rebuilding User Hierarchy
---------------------------------------------------------------------------------
---------------------------------------------------------------------------------
Finished Rebuilding User Hierarchy : Time (s): cpu = 00:00:35 ; elapsed = 00:00:40 . Memory (MB): peak = 879.754 ; gain = 505.016
---------------------------------------------------------------------------------
---------------------------------------------------------------------------------
Start Renaming Generated Ports
---------------------------------------------------------------------------------
---------------------------------------------------------------------------------
Finished Renaming Generated Ports : Time (s): cpu = 00:00:35 ; elapsed = 00:00:40 . Memory (MB): peak = 879.754 ; gain = 505.016
---------------------------------------------------------------------------------
---------------------------------------------------------------------------------
Start Handling Custom Attributes
---------------------------------------------------------------------------------
---------------------------------------------------------------------------------
Finished Handling Custom Attributes : Time (s): cpu = 00:00:35 ; elapsed = 00:00:40 . Memory (MB): peak = 879.754 ; gain = 505.016
---------------------------------------------------------------------------------
---------------------------------------------------------------------------------
Start Renaming Generated Nets
---------------------------------------------------------------------------------
---------------------------------------------------------------------------------
Finished Renaming Generated Nets : Time (s): cpu = 00:00:35 ; elapsed = 00:00:40 . Memory (MB): peak = 879.754 ; gain = 505.016
---------------------------------------------------------------------------------
---------------------------------------------------------------------------------
Start Writing Synthesis Report
---------------------------------------------------------------------------------

Report BlackBoxes: 
+------+--------------+----------+
|      |BlackBox name |Instances |
+------+--------------+----------+
|1     |clk_wiz_0     |         1|
|2     |rgb2dvi_0     |         1|
|3     |Edge_Check_0  |         1|
|4     |RGB_To_Gray_0 |         1|
|5     |Picture_R_Rom |         1|
|6     |Picture_G_Rom |         1|
|7     |Picture_B_Rom |         1|
+------+--------------+----------+

Report Cell Usage: 
+------+--------------+------+
|      |Cell          |Count |
+------+--------------+------+
|1     |Edge_Check_0  |     1|
|2     |Picture_B_Rom |     1|
|3     |Picture_G_Rom |     1|
|4     |Picture_R_Rom |     1|
|5     |RGB_To_Gray_0 |     1|
|6     |clk_wiz_0     |     1|
|7     |rgb2dvi_0     |     1|
|8     |CARRY4        |    24|
|9     |DSP48E1       |     1|
|10    |LUT1          |    17|
|11    |LUT2          |    45|
|12    |LUT3          |    58|
|13    |LUT4          |     2|
|14    |LUT5          |     2|
|15    |LUT6          |     8|
|16    |MUXF7         |     3|
|17    |FDRE          |    73|
|18    |LD            |    14|
|19    |IBUF          |     1|
+------+--------------+------+

Report Instance Areas: 
+------+---------------------+----------------+------+
|      |Instance             |Module          |Cells |
+------+---------------------+----------------+------+
|1     |top                  |                |   317|
|2     |  Driver_HDMI0       |Driver_HDMI     |   199|
|3     |  Image_Process_Edge |Image_Process   |    68|
|4     |    Delay_De         |Delay_Signal    |    11|
|5     |    Delay_HSync      |Delay_Signal_0  |    11|
|6     |    Delay_VSync      |Delay_Signal_1  |    11|
|7     |  Video_Generator0   |Video_Generator |    39|
+------+---------------------+----------------+------+
---------------------------------------------------------------------------------
Finished Writing Synthesis Report : Time (s): cpu = 00:00:35 ; elapsed = 00:00:40 . Memory (MB): peak = 879.754 ; gain = 505.016
---------------------------------------------------------------------------------
Synthesis finished with 0 errors, 1 critical warnings and 1 warnings.
Synthesis Optimization Runtime : Time (s): cpu = 00:00:24 ; elapsed = 00:00:32 . Memory (MB): peak = 879.754 ; gain = 204.066
Synthesis Optimization Complete : Time (s): cpu = 00:00:35 ; elapsed = 00:00:40 . Memory (MB): peak = 879.754 ; gain = 505.016
INFO: [Project 1-571] Translating synthesized netlist
INFO: [Netlist 29-17] Analyzing 42 Unisim elements for replacement
INFO: [Netlist 29-28] Unisim Transformation completed in 0 CPU seconds
INFO: [Project 1-570] Preparing netlist for logic optimization
INFO: [Opt 31-138] Pushed 0 inverter(s) to 0 load pin(s).
Netlist sorting complete. Time (s): cpu = 00:00:00 ; elapsed = 00:00:00 . Memory (MB): peak = 879.754 ; gain = 0.000
INFO: [Project 1-111] Unisim Transformation Summary:
  A total of 14 instances were transformed.
  LD => LDCE: 14 instances

INFO: [Common 17-83] Releasing license: Synthesis
45 Infos, 7 Warnings, 1 Critical Warnings and 0 Errors encountered.
synth_design completed successfully
synth_design: Time (s): cpu = 00:00:37 ; elapsed = 00:00:43 . Memory (MB): peak = 879.754 ; gain = 517.414
Netlist sorting complete. Time (s): cpu = 00:00:00 ; elapsed = 00:00:00 . Memory (MB): peak = 879.754 ; gain = 0.000
WARNING: [Constraints 18-5210] No constraints selected for write.
Resolution: This message can indicate that there are no constraints for the design, or it can indicate that the used_in flags are set such that the constraints are ignored. This later case is used when running synth_design to not write synthesis constraints to the resulting checkpoint. Instead, project constraints are read when the synthesized design is opened.
INFO: [Common 17-1381] The checkpoint 'C:/Users/mac/Desktop/Mini-HDMI-Interface/HDMI_Demo/HDMI_Demo.runs/synth_1/HDMI_Demo.dcp' has been generated.
INFO: [runtcl-4] Executing : report_utilization -file HDMI_Demo_utilization_synth.rpt -pb HDMI_Demo_utilization_synth.pb
INFO: [Common 17-206] Exiting Vivado at Sat Aug  1 23:27:04 2020...
