Copyright 1986-2018 Xilinx, Inc. All Rights Reserved.
-------------------------------------------------------------------------------------------------------------------------------------------------
| Tool Version     : Vivado v.2018.3 (win64) Build 2405991 Thu Dec  6 23:38:27 MST 2018
| Date             : Sat Aug  1 12:28:23 2020
| Host             : hollander running 64-bit major release  (build 9200)
| Command          : report_power -file HDMI_Demo_power_routed.rpt -pb HDMI_Demo_power_summary_routed.pb -rpx HDMI_Demo_power_routed.rpx
| Design           : HDMI_Demo
| Device           : xc7s15ftgb196-1
| Design State     : routed
| Grade            : commercial
| Process          : typical
| Characterization : Production
-------------------------------------------------------------------------------------------------------------------------------------------------

Power Report

Table of Contents
-----------------
1. Summary
1.1 On-Chip Components
1.2 Power Supply Summary
1.3 Confidence Level
2. Settings
2.1 Environment
2.2 Clock Constraints
3. Detailed Reports
3.1 By Hierarchy

1. Summary
----------

+--------------------------+--------------+
| Total On-Chip Power (W)  | 0.525        |
| Design Power Budget (W)  | Unspecified* |
| Power Budget Margin (W)  | NA           |
| Dynamic (W)              | 0.505        |
| Device Static (W)        | 0.020        |
| Effective TJA (C/W)      | 3.4          |
| Max Ambient (C)          | 83.2         |
| Junction Temperature (C) | 26.8         |
| Confidence Level         | Medium       |
| Setting File             | ---          |
| Simulation Activity File | ---          |
| Design Nets Matched      | NA           |
+--------------------------+--------------+
* Specify Design Power Budget using, set_operating_conditions -design_power_budget <value in Watts>


1.1 On-Chip Components
----------------------

+-------------------------+-----------+----------+-----------+-----------------+
| On-Chip                 | Power (W) | Used     | Available | Utilization (%) |
+-------------------------+-----------+----------+-----------+-----------------+
| Clocks                  |     0.020 |       22 |       --- |             --- |
| Slice Logic             |     0.011 |     3173 |       --- |             --- |
|   LUT as Logic          |     0.005 |      869 |      8000 |           10.86 |
|   LUT as Shift Register |     0.005 |      648 |      2400 |           27.00 |
|   Register              |    <0.001 |     1177 |     16000 |            7.36 |
|   CARRY4                |    <0.001 |       96 |      2000 |            4.80 |
|   F7/F8 Muxes           |    <0.001 |       21 |      8000 |            0.26 |
|   Others                |     0.000 |      100 |       --- |             --- |
| Signals                 |     0.010 |     2080 |       --- |             --- |
| Block RAM               |     0.004 |        2 |        10 |           20.00 |
| MMCM                    |     0.187 |        2 |         2 |          100.00 |
| PLL                     |     0.108 |        1 |         2 |           50.00 |
| DSPs                    |     0.002 |        3 |        20 |           15.00 |
| I/O                     |     0.163 |       21 |       100 |           21.00 |
| Static Power            |     0.020 |          |           |                 |
| Total                   |     0.525 |          |           |                 |
+-------------------------+-----------+----------+-----------+-----------------+


1.2 Power Supply Summary
------------------------

+-----------+-------------+-----------+-------------+------------+
| Source    | Voltage (V) | Total (A) | Dynamic (A) | Static (A) |
+-----------+-------------+-----------+-------------+------------+
| Vccint    |       1.000 |     0.067 |       0.063 |      0.004 |
| Vccaux    |       1.800 |     0.175 |       0.168 |      0.007 |
| Vcco33    |       3.300 |     0.043 |       0.042 |      0.001 |
| Vcco25    |       2.500 |     0.000 |       0.000 |      0.000 |
| Vcco18    |       1.800 |     0.000 |       0.000 |      0.000 |
| Vcco15    |       1.500 |     0.000 |       0.000 |      0.000 |
| Vcco135   |       1.350 |     0.000 |       0.000 |      0.000 |
| Vcco12    |       1.200 |     0.000 |       0.000 |      0.000 |
| Vccaux_io |       1.800 |     0.000 |       0.000 |      0.000 |
| Vccbram   |       1.000 |     0.000 |       0.000 |      0.000 |
| Vccadc    |       1.800 |     0.000 |       0.000 |      0.000 |
+-----------+-------------+-----------+-------------+------------+


1.3 Confidence Level
--------------------

+-----------------------------+------------+-------------------------------------------------------+------------------------------------------------------------------------------------------------------------+
| User Input Data             | Confidence | Details                                               | Action                                                                                                     |
+-----------------------------+------------+-------------------------------------------------------+------------------------------------------------------------------------------------------------------------+
| Design implementation state | High       | Design is routed                                      |                                                                                                            |
| Clock nodes activity        | High       | User specified more than 95% of clocks                |                                                                                                            |
| I/O nodes activity          | Medium     | More than 5% of inputs are missing user specification | Provide missing input activity with simulation results or by editing the "By Resource Type -> I/Os" view   |
| Internal nodes activity     | Medium     | User specified less than 25% of internal nodes        | Provide missing internal nodes activity with simulation results or by editing the "By Resource Type" views |
| Device models               | High       | Device models are Production                          |                                                                                                            |
|                             |            |                                                       |                                                                                                            |
| Overall confidence level    | Medium     |                                                       |                                                                                                            |
+-----------------------------+------------+-------------------------------------------------------+------------------------------------------------------------------------------------------------------------+


2. Settings
-----------

2.1 Environment
---------------

+-----------------------+--------------------------+
| Ambient Temp (C)      | 25.0                     |
| ThetaJA (C/W)         | 3.4                      |
| Airflow (LFM)         | 250                      |
| Heat Sink             | medium (Medium Profile)  |
| ThetaSA (C/W)         | 15.4                     |
| Board Selection       | medium (10"x10")         |
| # of Board Layers     | 12to15 (12 to 15 Layers) |
| Board Temperature (C) | 25.0                     |
+-----------------------+--------------------------+


2.2 Clock Constraints
---------------------

+----------------------+--------------------------------------------------------+-----------------+
| Clock                | Domain                                                 | Constraint (ns) |
+----------------------+--------------------------------------------------------+-----------------+
| CLKFBIN              | rgb2dvi/U0/ClockGenInternal.ClockGenX/CLKFBIN          |            10.0 |
| CLKFBIN_1            | rgb2dvi/U0/ClockGenInternal.ClockGenX/CLKFBIN          |            10.0 |
| PixelClkIO           | rgb2dvi/U0/ClockGenInternal.ClockGenX/PixelClk         |            10.0 |
| PixelClkIO_1         | rgb2dvi/U0/ClockGenInternal.ClockGenX/PixelClk         |            10.0 |
| SerialClkIO          | rgb2dvi/U0/ClockGenInternal.ClockGenX/SerialClk        |             2.0 |
| SerialClkIO_1        | rgb2dvi/U0/ClockGenInternal.ClockGenX/SerialClk        |             2.0 |
| clk_100MHz           | clk_100MHz                                             |            10.0 |
| clk_out1_clk_wiz_0   | clk_10/inst/clk_out1_clk_wiz_0                         |            10.0 |
| clk_out1_clk_wiz_0_1 | clk_10/inst/clk_out1_clk_wiz_0                         |            10.0 |
| clk_out1_clk_wiz_1   | MIPI_Trans_Driver/camera_clock/inst/clk_out1_clk_wiz_1 |            10.0 |
| clk_out2_clk_wiz_0   | clk_10/inst/clk_out2_clk_wiz_0                         |             5.0 |
| clk_out2_clk_wiz_0_1 | clk_10/inst/clk_out2_clk_wiz_0                         |             5.0 |
| clkfbout_clk_wiz_0   | clk_10/inst/clkfbout_clk_wiz_0                         |            10.0 |
| clkfbout_clk_wiz_0_1 | clk_10/inst/clkfbout_clk_wiz_0                         |            10.0 |
| clkfbout_clk_wiz_1   | MIPI_Trans_Driver/camera_clock/inst/clkfbout_clk_wiz_1 |            10.0 |
| dphy_hs_clock_p      | i_clk_rx_data_p                                        |             4.8 |
| pclk                 | MIPI_Trans_Driver/Data_Read/U0/clock_system_inst/CLK   |            19.0 |
| pclk                 | MIPI_Trans_Driver/Data_Read/U0/clock_system_inst/pclk  |            19.0 |
| sys_clk_pin          | clk_100MHz                                             |            10.0 |
+----------------------+--------------------------------------------------------+-----------------+


3. Detailed Reports
-------------------

3.1 By Hierarchy
----------------

+--------------------------------------+-----------+
| Name                                 | Power (W) |
+--------------------------------------+-----------+
| HDMI_Demo                            |     0.505 |
|   Image_Process_Edge                 |     0.021 |
|     Edge_Check0                      |     0.019 |
|       inst                           |     0.019 |
|     RGB2Gray                         |     0.001 |
|       inst                           |     0.001 |
|   MIPI_Camera_Driver                 |     0.001 |
|   MIPI_Camera_IIC                    |     0.001 |
|   MIPI_Trans_Driver                  |     0.113 |
|     Data_Read                        |     0.022 |
|       U0                             |     0.022 |
|     Driver_Bayer_To_RGB0             |     0.007 |
|       RAM_Line_Buff0                 |     0.001 |
|       RAM_Line_Buff1                 |     0.001 |
|     Driver_Csi_To_Dvp0               |     0.002 |
|       RAM_AXIS                       |     0.001 |
|     camera_clock                     |     0.081 |
|       inst                           |     0.081 |
|   clk_10                             |     0.107 |
|     inst                             |     0.107 |
|   rgb2dvi                            |     0.257 |
|     U0                               |     0.257 |
|       ClockGenInternal.ClockGenX     |     0.108 |
|       ClockSerializer                |     0.034 |
|       DataEncoders[0].DataEncoder    |     0.001 |
|       DataEncoders[0].DataSerializer |     0.037 |
|       DataEncoders[1].DataEncoder    |     0.001 |
|       DataEncoders[1].DataSerializer |     0.037 |
|       DataEncoders[2].DataEncoder    |     0.001 |
|       DataEncoders[2].DataSerializer |     0.037 |
+--------------------------------------+-----------+


