#-----------------------------------------------------------
# Vivado v2018.3 (64-bit)
# SW Build 2405991 on Thu Dec  6 23:38:27 MST 2018
# IP Build 2404404 on Fri Dec  7 01:43:56 MST 2018
# Start of session at: Fri Jul 31 12:23:19 2020
# Process ID: 10048
# Current directory: D:/HDMI_Demo
# Command line: vivado.exe -gui_launcher_event rodinguilauncherevent12704 D:\HDMI_Demo\HDMI_Demo.xpr
# Log file: D:/HDMI_Demo/vivado.log
# Journal file: D:/HDMI_Demo\vivado.jou
#-----------------------------------------------------------
start_gui
open_project D:/HDMI_Demo/HDMI_Demo.xpr
Scanning sources...
Finished scanning sources
WARNING: [filemgmt 56-3] IP Repository Path: Could not find the directory 'D:/../../IP_Core/HDMI-IP/IP/RGB2DVI_IP'.
INFO: [IP_Flow 19-234] Refreshing IP repositories
WARNING: [IP_Flow 19-2248] Failed to load user IP repository 'd:/HDMI_Demo/IP_Core/HDMI-IP/IP/RGB2DVI_IP'; Can't find the specified path.
If this directory should no longer be in your list of user repositories, go to the IP Settings dialog and remove it.
INFO: [IP_Flow 19-1700] Loaded user IP repository 'd:/SEA-master/Examples/FPGA-IP/Mini-HDMI-IP'.
INFO: [IP_Flow 19-1700] Loaded user IP repository 'd:/SEA-master/Examples/FPGA-IP/Image-Process-IP'.
INFO: [IP_Flow 19-2313] Loaded Vivado IP repository 'D:/vivado2018.3/Vivado/2018.3/data/ip'.
open_project: Time (s): cpu = 00:00:44 ; elapsed = 00:00:23 . Memory (MB): peak = 823.301 ; gain = 194.848
update_compile_order -fileset sources_1
set_property -dict [list CONFIG.CLKOUT2_USED {true} CONFIG.CLKOUT2_REQUESTED_OUT_FREQ {200.000} CONFIG.MMCM_DIVCLK_DIVIDE {1} CONFIG.MMCM_CLKFBOUT_MULT_F {10} CONFIG.MMCM_CLKOUT0_DIVIDE_F {10} CONFIG.MMCM_CLKOUT1_DIVIDE {5} CONFIG.NUM_OUT_CLKS {2} CONFIG.CLKOUT1_JITTER {130.958} CONFIG.CLKOUT1_PHASE_ERROR {98.575} CONFIG.CLKOUT2_JITTER {114.829} CONFIG.CLKOUT2_PHASE_ERROR {98.575}] [get_ips clk_wiz_0]
update_compile_order -fileset sources_1
close [ open D:/HDMI_Demo/HDMI_Demo.srcs/sources_1/new/Driver_MIPI.v w ]
add_files D:/HDMI_Demo/HDMI_Demo.srcs/sources_1/new/Driver_MIPI.v
update_compile_order -fileset sources_1
close [ open D:/HDMI_Demo/HDMI_Demo.srcs/sources_1/new/Driver_IIC.v w ]
add_files D:/HDMI_Demo/HDMI_Demo.srcs/sources_1/new/Driver_IIC.v
update_compile_order -fileset sources_1
close [ open D:/HDMI_Demo/HDMI_Demo.srcs/sources_1/new/OV5647_Init.v w ]
add_files D:/HDMI_Demo/HDMI_Demo.srcs/sources_1/new/OV5647_Init.v
update_compile_order -fileset sources_1
close [ open D:/HDMI_Demo/HDMI_Demo.srcs/sources_1/new/Driver_Csi_To_Dvp.v w ]
add_files D:/HDMI_Demo/HDMI_Demo.srcs/sources_1/new/Driver_Csi_To_Dvp.v
export_ip_user_files -of_objects  [get_files D:/HDMI_Demo/HDMI_Demo.srcs/sources_1/new/Driver_HDMI.v] -no_script -reset -force -quiet
remove_files  D:/HDMI_Demo/HDMI_Demo.srcs/sources_1/new/Driver_HDMI.v
update_compile_order -fileset sources_1
INFO: [Device 21-403] Loading part xc7s15ftgb196-1
WARNING: [IP_Flow 19-4067] Ignoring invalid widget type specified checkbox.Providing a default widget
WARNING: [IP_Flow 19-4067] Ignoring invalid widget type specified checkbox.Providing a default widget
create_ip -name blk_mem_gen -vendor xilinx.com -library ip -version 8.4 -module_name AXIS_Data_RAM -dir d:/HDMI_Demo/HDMI_Demo.srcs/sources_1/ip
set_property -dict [list CONFIG.Component_Name {AXIS_Data_RAM} CONFIG.Interface_Type {Native} CONFIG.Use_AXI_ID {false} CONFIG.Memory_Type {Simple_Dual_Port_RAM} CONFIG.Use_Byte_Write_Enable {false} CONFIG.Byte_Size {9} CONFIG.Assume_Synchronous_Clk {true} CONFIG.Write_Width_A {8} CONFIG.Write_Depth_A {640} CONFIG.Read_Width_A {8} CONFIG.Operating_Mode_A {NO_CHANGE} CONFIG.Write_Width_B {8} CONFIG.Read_Width_B {8} CONFIG.Operating_Mode_B {READ_FIRST} CONFIG.Enable_B {Use_ENB_Pin} CONFIG.Register_PortA_Output_of_Memory_Primitives {false} CONFIG.Register_PortB_Output_of_Memory_Primitives {true} CONFIG.Use_RSTB_Pin {false} CONFIG.Reset_Type {SYNC} CONFIG.Port_B_Clock {100} CONFIG.Port_B_Enable_Rate {100} CONFIG.EN_SAFETY_CKT {false}] [get_ips AXIS_Data_RAM]
WARNING: [Vivado 12-3523] Attempt to change 'Component_Name' from 'AXIS_Data_RAM' to 'AXIS_Data_RAM' is not allowed and is ignored.
generate_target {instantiation_template} [get_files d:/HDMI_Demo/HDMI_Demo.srcs/sources_1/ip/AXIS_Data_RAM/AXIS_Data_RAM.xci]
INFO: [IP_Flow 19-1686] Generating 'Instantiation Template' target for IP 'AXIS_Data_RAM'...
update_compile_order -fileset sources_1
create_ip -name clk_wiz -vendor xilinx.com -library ip -version 6.0 -module_name clk_wiz_1 -dir d:/HDMI_Demo/HDMI_Demo.srcs/sources_1/ip
set_property -dict [list CONFIG.CLKOUT1_REQUESTED_OUT_FREQ {400.000} CONFIG.MMCM_DIVCLK_DIVIDE {1} CONFIG.MMCM_CLKOUT0_DIVIDE_F {2.500} CONFIG.CLKOUT1_JITTER {101.114}] [get_ips clk_wiz_1]
generate_target {instantiation_template} [get_files d:/HDMI_Demo/HDMI_Demo.srcs/sources_1/ip/clk_wiz_1/clk_wiz_1.xci]
INFO: [IP_Flow 19-1686] Generating 'Instantiation Template' target for IP 'clk_wiz_1'...
update_compile_order -fileset sources_1
set_property  ip_repo_paths  {d:/HDMI_Demo/IP_Core/HDMI-IP/IP/RGB2DVI_IP d:/SEA-master/Examples/FPGA-IP/Mini-HDMI-IP d:/SEA-master/Examples/FPGA-IP/Image-Process-IP D:/IP_Core} [current_project]
update_ip_catalog
INFO: [IP_Flow 19-234] Refreshing IP repositories
WARNING: [IP_Flow 19-2248] Failed to load user IP repository 'd:/HDMI_Demo/IP_Core/HDMI-IP/IP/RGB2DVI_IP'; Can't find the specified path.
If this directory should no longer be in your list of user repositories, go to the IP Settings dialog and remove it.
INFO: [IP_Flow 19-1700] Loaded user IP repository 'd:/SEA-master/Examples/FPGA-IP/Mini-HDMI-IP'.
INFO: [IP_Flow 19-1700] Loaded user IP repository 'd:/SEA-master/Examples/FPGA-IP/Image-Process-IP'.
INFO: [IP_Flow 19-1700] Loaded user IP repository 'd:/IP_Core'.
CRITICAL WARNING: [IP_Flow 19-1663] Duplicate IP found for 'digilentinc.com:ip:rgb2dvi:1.2'. The one found in IP location 'd:/SEA-master/Examples/FPGA-IP/Mini-HDMI-IP/IP/RGB2DVI_IP' will take precedence over the same IP in location d:/IP_Core/RGB2DVI_IP
create_ip -name csi2_d_phy_rx -vendor trenz.biz -library user -version 1.0 -module_name csi2_d_phy_rx_0 -dir d:/HDMI_Demo/HDMI_Demo.srcs/sources_1/ip
set_property -dict [list CONFIG.C_ADD_IDELAYCTRL {true} CONFIG.C_CALIB_WAIT {8191} CONFIG.C_RATE_LIMIT {50}] [get_ips csi2_d_phy_rx_0]
generate_target {instantiation_template} [get_files d:/HDMI_Demo/HDMI_Demo.srcs/sources_1/ip/csi2_d_phy_rx_0/csi2_d_phy_rx_0.xci]
INFO: [IP_Flow 19-1686] Generating 'Instantiation Template' target for IP 'csi2_d_phy_rx_0'...
update_compile_order -fileset sources_1
create_ip -name csi_to_axis -vendor trenz.biz -library user -version 1.0 -module_name csi_to_axis_0 -dir d:/HDMI_Demo/HDMI_Demo.srcs/sources_1/ip
set_property -dict [list CONFIG.C_TIMEOUT {255}] [get_ips csi_to_axis_0]
generate_target {instantiation_template} [get_files d:/HDMI_Demo/HDMI_Demo.srcs/sources_1/ip/csi_to_axis_0/csi_to_axis_0.xci]
INFO: [IP_Flow 19-1686] Generating 'Instantiation Template' target for IP 'csi_to_axis_0'...
update_compile_order -fileset sources_1
export_ip_user_files -of_objects  [get_files D:/HDMI_Demo/HDMI_Demo.srcs/sources_1/new/Video_Generator.v] -no_script -reset -force -quiet
remove_files  D:/HDMI_Demo/HDMI_Demo.srcs/sources_1/new/Video_Generator.v
close [ open D:/HDMI_Demo/HDMI_Demo.srcs/sources_1/new/Driver_Bayer_To_RGB.v w ]
add_files D:/HDMI_Demo/HDMI_Demo.srcs/sources_1/new/Driver_Bayer_To_RGB.v
update_compile_order -fileset sources_1
WARNING: [IP_Flow 19-4067] Ignoring invalid widget type specified checkbox.Providing a default widget
WARNING: [IP_Flow 19-4067] Ignoring invalid widget type specified checkbox.Providing a default widget
create_ip -name blk_mem_gen -vendor xilinx.com -library ip -version 8.4 -module_name RAM_Line -dir d:/HDMI_Demo/HDMI_Demo.srcs/sources_1/ip
set_property -dict [list CONFIG.Component_Name {RAM_Line} CONFIG.Interface_Type {Native} CONFIG.Use_AXI_ID {false} CONFIG.Memory_Type {Simple_Dual_Port_RAM} CONFIG.Use_Byte_Write_Enable {false} CONFIG.Byte_Size {9} CONFIG.Assume_Synchronous_Clk {true} CONFIG.Write_Width_A {8} CONFIG.Write_Depth_A {640} CONFIG.Read_Width_A {8} CONFIG.Operating_Mode_A {NO_CHANGE} CONFIG.Write_Width_B {8} CONFIG.Read_Width_B {8} CONFIG.Operating_Mode_B {READ_FIRST} CONFIG.Enable_B {Use_ENB_Pin} CONFIG.Register_PortA_Output_of_Memory_Primitives {false} CONFIG.Register_PortB_Output_of_Memory_Primitives {true} CONFIG.Use_RSTB_Pin {false} CONFIG.Reset_Type {SYNC} CONFIG.Port_B_Clock {100} CONFIG.Port_B_Enable_Rate {100} CONFIG.EN_SAFETY_CKT {false}] [get_ips RAM_Line]
WARNING: [Vivado 12-3523] Attempt to change 'Component_Name' from 'RAM_Line' to 'RAM_Line' is not allowed and is ignored.
generate_target {instantiation_template} [get_files d:/HDMI_Demo/HDMI_Demo.srcs/sources_1/ip/RAM_Line/RAM_Line.xci]
INFO: [IP_Flow 19-1686] Generating 'Instantiation Template' target for IP 'RAM_Line'...
update_compile_order -fileset sources_1
reset_run clk_wiz_0_synth_1
reset_run synth_1
close [ open D:/HDMI_Demo/HDMI_Demo.srcs/sources_1/new/identf_number.v w ]
add_files D:/HDMI_Demo/HDMI_Demo.srcs/sources_1/new/identf_number.v
update_compile_order -fileset sources_1
close [ open D:/HDMI_Demo/HDMI_Demo.srcs/sources_1/new/disp_data1.v w ]
add_files D:/HDMI_Demo/HDMI_Demo.srcs/sources_1/new/disp_data1.v
close [ open D:/HDMI_Demo/HDMI_Demo.srcs/sources_1/new/disp_data2.v w ]
add_files D:/HDMI_Demo/HDMI_Demo.srcs/sources_1/new/disp_data2.v
close [ open D:/HDMI_Demo/HDMI_Demo.srcs/sources_1/new/disp_data3.v w ]
add_files D:/HDMI_Demo/HDMI_Demo.srcs/sources_1/new/disp_data3.v
close [ open D:/HDMI_Demo/HDMI_Demo.srcs/sources_1/new/disp_data4.v w ]
add_files D:/HDMI_Demo/HDMI_Demo.srcs/sources_1/new/disp_data4.v
update_compile_order -fileset sources_1
export_ip_user_files -of_objects  [get_files D:/HDMI_Demo/HDMI_Demo.srcs/sources_1/new/disp_data2.v] -no_script -reset -force -quiet
remove_files  D:/HDMI_Demo/HDMI_Demo.srcs/sources_1/new/disp_data2.v
export_ip_user_files -of_objects  [get_files D:/HDMI_Demo/HDMI_Demo.srcs/sources_1/new/disp_data4.v] -no_script -reset -force -quiet
remove_files  D:/HDMI_Demo/HDMI_Demo.srcs/sources_1/new/disp_data4.v
export_ip_user_files -of_objects  [get_files D:/HDMI_Demo/HDMI_Demo.srcs/sources_1/new/disp_data3.v] -no_script -reset -force -quiet
remove_files  D:/HDMI_Demo/HDMI_Demo.srcs/sources_1/new/disp_data3.v
add_files -norecurse {D:/SDRAM_VGA/SRC/disp_data4.v D:/SDRAM_VGA/SRC/disp_data3.v D:/SDRAM_VGA/SRC/disp_data2.v}
update_compile_order -fileset sources_1
add_files -norecurse {D:/SDRAM_VGA/ROM/num1_bb.v D:/SDRAM_VGA/ROM/num3_bb.v D:/SDRAM_VGA/ROM/num9_bb.v D:/SDRAM_VGA/ROM/num6_bb.v D:/SDRAM_VGA/ROM/NUM0_bb.v D:/SDRAM_VGA/ROM/num4_bb.v D:/SDRAM_VGA/ROM/num8_bb.v D:/SDRAM_VGA/ROM/num5_bb.v D:/SDRAM_VGA/ROM/num7_bb.v D:/SDRAM_VGA/ROM/num2_bb.v}
update_compile_order -fileset sources_1
launch_runs synth_1 -jobs 4
INFO: [IP_Flow 19-1686] Generating 'Synthesis' target for IP 'RAM_Line'...
INFO: [IP_Flow 19-1686] Generating 'Synthesis' target for IP 'AXIS_Data_RAM'...
INFO: [IP_Flow 19-1686] Generating 'Synthesis' target for IP 'csi_to_axis_0'...
INFO: [IP_Flow 19-1686] Generating 'Synthesis' target for IP 'csi2_d_phy_rx_0'...
INFO: [IP_Flow 19-1686] Generating 'Synthesis' target for IP 'clk_wiz_1'...
INFO: [IP_Flow 19-1686] Generating 'Implementation' target for IP 'clk_wiz_1'...
INFO: [IP_Flow 19-1686] Generating 'Synthesis' target for IP 'clk_wiz_0'...
INFO: [IP_Flow 19-1686] Generating 'Implementation' target for IP 'clk_wiz_0'...
[Fri Jul 31 14:35:35 2020] Launched clk_wiz_0_synth_1, RAM_Line_synth_1, csi2_d_phy_rx_0_synth_1, AXIS_Data_RAM_synth_1, csi_to_axis_0_synth_1, clk_wiz_1_synth_1...
Run output will be captured here:
clk_wiz_0_synth_1: D:/HDMI_Demo/HDMI_Demo.runs/clk_wiz_0_synth_1/runme.log
RAM_Line_synth_1: D:/HDMI_Demo/HDMI_Demo.runs/RAM_Line_synth_1/runme.log
csi2_d_phy_rx_0_synth_1: D:/HDMI_Demo/HDMI_Demo.runs/csi2_d_phy_rx_0_synth_1/runme.log
AXIS_Data_RAM_synth_1: D:/HDMI_Demo/HDMI_Demo.runs/AXIS_Data_RAM_synth_1/runme.log
csi_to_axis_0_synth_1: D:/HDMI_Demo/HDMI_Demo.runs/csi_to_axis_0_synth_1/runme.log
clk_wiz_1_synth_1: D:/HDMI_Demo/HDMI_Demo.runs/clk_wiz_1_synth_1/runme.log
[Fri Jul 31 14:35:36 2020] Launched synth_1...
Run output will be captured here: D:/HDMI_Demo/HDMI_Demo.runs/synth_1/runme.log
launch_runs: Time (s): cpu = 00:00:05 ; elapsed = 00:00:06 . Memory (MB): peak = 1384.711 ; gain = 0.000
close [ open D:/HDMI_Demo/HDMI_Demo.srcs/sources_1/new/Trigger_Generator.v w ]
add_files D:/HDMI_Demo/HDMI_Demo.srcs/sources_1/new/Trigger_Generator.v
update_compile_order -fileset sources_1
reset_run synth_1
launch_runs synth_1 -jobs 4
[Fri Jul 31 14:45:37 2020] Launched synth_1...
Run output will be captured here: D:/HDMI_Demo/HDMI_Demo.runs/synth_1/runme.log
reset_run synth_1
launch_runs synth_1 -jobs 4
[Fri Jul 31 14:48:31 2020] Launched synth_1...
Run output will be captured here: D:/HDMI_Demo/HDMI_Demo.runs/synth_1/runme.log
launch_runs impl_1 -jobs 4
[Fri Jul 31 14:51:01 2020] Launched impl_1...
Run output will be captured here: D:/HDMI_Demo/HDMI_Demo.runs/impl_1/runme.log
reset_run synth_1
launch_runs synth_1 -jobs 4
[Fri Jul 31 14:55:58 2020] Launched synth_1...
Run output will be captured here: D:/HDMI_Demo/HDMI_Demo.runs/synth_1/runme.log
launch_runs impl_1 -jobs 4
[Fri Jul 31 14:59:48 2020] Launched impl_1...
Run output will be captured here: D:/HDMI_Demo/HDMI_Demo.runs/impl_1/runme.log
reset_run synth_1
launch_runs synth_1 -jobs 4
[Fri Jul 31 15:12:34 2020] Launched synth_1...
Run output will be captured here: D:/HDMI_Demo/HDMI_Demo.runs/synth_1/runme.log
launch_runs impl_1 -jobs 4
[Fri Jul 31 15:15:05 2020] Launched impl_1...
Run output will be captured here: D:/HDMI_Demo/HDMI_Demo.runs/impl_1/runme.log
open_run impl_1
INFO: [Netlist 29-17] Analyzing 140 Unisim elements for replacement
INFO: [Netlist 29-28] Unisim Transformation completed in 0 CPU seconds
INFO: [Project 1-479] Netlist was created with Vivado 2018.3
INFO: [Project 1-570] Preparing netlist for logic optimization
WARNING: [Constraints 18-550] Could not create 'IBUF_LOW_PWR' constraint because net 'MIPI_Trans_Driver/camera_clock/clk_in1' is not directly connected to top level port. Synthesis is ignored for IBUF_LOW_PWR but preserved for implementation.
INFO: [Constraints 18-4398] Generator version for shapeDB does not match. shapeDB will be regenerated.
INFO: [Timing 38-478] Restoring timing data from binary archive.
INFO: [Timing 38-479] Binary timing data restore complete.
INFO: [Project 1-856] Restoring constraints from binary archive.
INFO: [Project 1-853] Binary constraint restore complete.
Reading XDEF placement.
Reading placer database...
Reading XDEF routing.
Read XDEF File: Time (s): cpu = 00:00:00 ; elapsed = 00:00:00.343 . Memory (MB): peak = 1999.766 ; gain = 0.000
Restored from archive | CPU: 0.000000 secs | Memory: 0.000000 MB |
Finished XDEF File Restore: Time (s): cpu = 00:00:00 ; elapsed = 00:00:00.344 . Memory (MB): peak = 1999.766 ; gain = 0.000
Netlist sorting complete. Time (s): cpu = 00:00:00 ; elapsed = 00:00:00.003 . Memory (MB): peak = 1999.766 ; gain = 0.000
INFO: [Project 1-111] Unisim Transformation Summary:
  A total of 1 instances were transformed.
  IOBUF => IOBUF (IBUF, OBUFT): 1 instances

open_run: Time (s): cpu = 00:00:24 ; elapsed = 00:00:23 . Memory (MB): peak = 1999.766 ; gain = 0.000
CRITICAL WARNING: [Timing 38-282] The design failed to meet the timing requirements. Please see the timing summary report for details on the timing violations.
reset_run impl_1
launch_runs impl_1 -jobs 4
[Fri Jul 31 15:18:16 2020] Launched impl_1...
Run output will be captured here: D:/HDMI_Demo/HDMI_Demo.runs/impl_1/runme.log
add_files -norecurse D:/HDMI_Demo/HDMI_Demo.srcs/sources_1/new/Driver_HDMI.v
update_compile_order -fileset sources_1
WARNING: [filemgmt 56-199] Attempt to get parsing info during refresh. "On-the-fly" syntax checking information may be incorrect. [D:/HDMI_Demo/HDMI_Demo.srcs/sources_1/new/digitalRcg.v:]
WARNING: [filemgmt 56-199] Attempt to get parsing info during refresh. "On-the-fly" syntax checking information may be incorrect. [D:/HDMI_Demo/HDMI_Demo.srcs/sources_1/new/Driver_Bayer_To_RGB.v:]
WARNING: [filemgmt 56-199] Attempt to get parsing info during refresh. "On-the-fly" syntax checking information may be incorrect. [D:/HDMI_Demo/HDMI_Demo.srcs/sources_1/new/Video_Generator.v:]
WARNING: [filemgmt 56-199] Attempt to get parsing info during refresh. "On-the-fly" syntax checking information may be incorrect. [D:/HDMI_Demo/HDMI_Demo.srcs/sources_1/new/Driver_HDMI.v:]
WARNING: [filemgmt 56-199] Attempt to get parsing info during refresh. "On-the-fly" syntax checking information may be incorrect. [D:/HDMI_Demo/HDMI_Demo.srcs/sources_1/new/HDMI_Demo.v:]
WARNING: [filemgmt 56-199] Attempt to get parsing info during refresh. "On-the-fly" syntax checking information may be incorrect. [D:/HDMI_Demo/HDMI_Demo.srcs/sources_1/new/digitalRcg.v:]
WARNING: [filemgmt 56-199] Attempt to get parsing info during refresh. "On-the-fly" syntax checking information may be incorrect. [D:/HDMI_Demo/HDMI_Demo.srcs/sources_1/new/Driver_Bayer_To_RGB.v:]
WARNING: [filemgmt 56-199] Attempt to get parsing info during refresh. "On-the-fly" syntax checking information may be incorrect. [D:/HDMI_Demo/HDMI_Demo.srcs/sources_1/new/Video_Generator.v:]
WARNING: [filemgmt 56-199] Attempt to get parsing info during refresh. "On-the-fly" syntax checking information may be incorrect. [D:/HDMI_Demo/HDMI_Demo.srcs/sources_1/new/Driver_HDMI.v:]
WARNING: [filemgmt 56-199] Attempt to get parsing info during refresh. "On-the-fly" syntax checking information may be incorrect. [D:/HDMI_Demo/HDMI_Demo.srcs/sources_1/new/HDMI_Demo.v:]
WARNING: [filemgmt 56-199] Attempt to get parsing info during refresh. "On-the-fly" syntax checking information may be incorrect. [D:/HDMI_Demo/HDMI_Demo.srcs/sources_1/new/digitalRcg.v:]
WARNING: [filemgmt 56-199] Attempt to get parsing info during refresh. "On-the-fly" syntax checking information may be incorrect. [D:/HDMI_Demo/HDMI_Demo.srcs/sources_1/new/Driver_Bayer_To_RGB.v:]
WARNING: [filemgmt 56-199] Attempt to get parsing info during refresh. "On-the-fly" syntax checking information may be incorrect. [D:/HDMI_Demo/HDMI_Demo.srcs/sources_1/new/Video_Generator.v:]
WARNING: [filemgmt 56-199] Attempt to get parsing info during refresh. "On-the-fly" syntax checking information may be incorrect. [D:/HDMI_Demo/HDMI_Demo.srcs/sources_1/new/Driver_HDMI.v:]
WARNING: [filemgmt 56-199] Attempt to get parsing info during refresh. "On-the-fly" syntax checking information may be incorrect. [D:/HDMI_Demo/HDMI_Demo.srcs/sources_1/new/HDMI_Demo.v:]
ERROR: [Common 17-180] Spawn failed: No error
WARNING: [filemgmt 56-199] Attempt to get parsing info during refresh. "On-the-fly" syntax checking information may be incorrect. [D:/HDMI_Demo/HDMI_Demo.srcs/sources_1/new/digitalRcg.v:]
WARNING: [filemgmt 56-199] Attempt to get parsing info during refresh. "On-the-fly" syntax checking information may be incorrect. [D:/HDMI_Demo/HDMI_Demo.srcs/sources_1/new/Driver_Bayer_To_RGB.v:]
WARNING: [filemgmt 56-199] Attempt to get parsing info during refresh. "On-the-fly" syntax checking information may be incorrect. [D:/HDMI_Demo/HDMI_Demo.srcs/sources_1/new/Video_Generator.v:]
WARNING: [filemgmt 56-199] Attempt to get parsing info during refresh. "On-the-fly" syntax checking information may be incorrect. [D:/HDMI_Demo/HDMI_Demo.srcs/sources_1/new/Driver_HDMI.v:]
WARNING: [filemgmt 56-199] Attempt to get parsing info during refresh. "On-the-fly" syntax checking information may be incorrect. [D:/HDMI_Demo/HDMI_Demo.srcs/sources_1/new/HDMI_Demo.v:]
WARNING: [filemgmt 56-199] Attempt to get parsing info during refresh. "On-the-fly" syntax checking information may be incorrect. [D:/HDMI_Demo/HDMI_Demo.srcs/sources_1/new/digitalRcg.v:]
WARNING: [filemgmt 56-199] Attempt to get parsing info during refresh. "On-the-fly" syntax checking information may be incorrect. [D:/HDMI_Demo/HDMI_Demo.srcs/sources_1/new/Driver_Bayer_To_RGB.v:]
WARNING: [filemgmt 56-199] Attempt to get parsing info during refresh. "On-the-fly" syntax checking information may be incorrect. [D:/HDMI_Demo/HDMI_Demo.srcs/sources_1/new/Video_Generator.v:]
WARNING: [filemgmt 56-199] Attempt to get parsing info during refresh. "On-the-fly" syntax checking information may be incorrect. [D:/HDMI_Demo/HDMI_Demo.srcs/sources_1/new/Driver_HDMI.v:]
WARNING: [filemgmt 56-199] Attempt to get parsing info during refresh. "On-the-fly" syntax checking information may be incorrect. [D:/HDMI_Demo/HDMI_Demo.srcs/sources_1/new/HDMI_Demo.v:]
WARNING: [filemgmt 56-199] Attempt to get parsing info during refresh. "On-the-fly" syntax checking information may be incorrect. [D:/HDMI_Demo/HDMI_Demo.srcs/sources_1/new/digitalRcg.v:]
WARNING: [filemgmt 56-199] Attempt to get parsing info during refresh. "On-the-fly" syntax checking information may be incorrect. [D:/HDMI_Demo/HDMI_Demo.srcs/sources_1/new/Driver_Bayer_To_RGB.v:]
WARNING: [filemgmt 56-199] Attempt to get parsing info during refresh. "On-the-fly" syntax checking information may be incorrect. [D:/HDMI_Demo/HDMI_Demo.srcs/sources_1/new/Video_Generator.v:]
WARNING: [filemgmt 56-199] Attempt to get parsing info during refresh. "On-the-fly" syntax checking information may be incorrect. [D:/HDMI_Demo/HDMI_Demo.srcs/sources_1/new/Driver_HDMI.v:]
WARNING: [filemgmt 56-199] Attempt to get parsing info during refresh. "On-the-fly" syntax checking information may be incorrect. [D:/HDMI_Demo/HDMI_Demo.srcs/sources_1/new/HDMI_Demo.v:]
WARNING: [filemgmt 56-199] Attempt to get parsing info during refresh. "On-the-fly" syntax checking information may be incorrect. [D:/HDMI_Demo/HDMI_Demo.srcs/sources_1/new/digitalRcg.v:]
WARNING: [filemgmt 56-199] Attempt to get parsing info during refresh. "On-the-fly" syntax checking information may be incorrect. [D:/HDMI_Demo/HDMI_Demo.srcs/sources_1/new/Driver_Bayer_To_RGB.v:]
WARNING: [filemgmt 56-199] Attempt to get parsing info during refresh. "On-the-fly" syntax checking information may be incorrect. [D:/HDMI_Demo/HDMI_Demo.srcs/sources_1/new/Video_Generator.v:]
WARNING: [filemgmt 56-199] Attempt to get parsing info during refresh. "On-the-fly" syntax checking information may be incorrect. [D:/HDMI_Demo/HDMI_Demo.srcs/sources_1/new/Driver_HDMI.v:]
WARNING: [filemgmt 56-199] Attempt to get parsing info during refresh. "On-the-fly" syntax checking information may be incorrect. [D:/HDMI_Demo/HDMI_Demo.srcs/sources_1/new/HDMI_Demo.v:]
WARNING: [filemgmt 56-199] Attempt to get parsing info during refresh. "On-the-fly" syntax checking information may be incorrect. [D:/HDMI_Demo/HDMI_Demo.srcs/sources_1/new/digitalRcg.v:]
WARNING: [filemgmt 56-199] Attempt to get parsing info during refresh. "On-the-fly" syntax checking information may be incorrect. [D:/HDMI_Demo/HDMI_Demo.srcs/sources_1/new/Driver_Bayer_To_RGB.v:]
WARNING: [filemgmt 56-199] Attempt to get parsing info during refresh. "On-the-fly" syntax checking information may be incorrect. [D:/HDMI_Demo/HDMI_Demo.srcs/sources_1/new/Video_Generator.v:]
WARNING: [filemgmt 56-199] Attempt to get parsing info during refresh. "On-the-fly" syntax checking information may be incorrect. [D:/HDMI_Demo/HDMI_Demo.srcs/sources_1/new/Driver_HDMI.v:]
WARNING: [filemgmt 56-199] Attempt to get parsing info during refresh. "On-the-fly" syntax checking information may be incorrect. [D:/HDMI_Demo/HDMI_Demo.srcs/sources_1/new/HDMI_Demo.v:]
WARNING: [filemgmt 56-199] Attempt to get parsing info during refresh. "On-the-fly" syntax checking information may be incorrect. [D:/HDMI_Demo/HDMI_Demo.srcs/sources_1/new/digitalRcg.v:]
WARNING: [filemgmt 56-199] Attempt to get parsing info during refresh. "On-the-fly" syntax checking information may be incorrect. [D:/HDMI_Demo/HDMI_Demo.srcs/sources_1/new/Driver_Bayer_To_RGB.v:]
WARNING: [filemgmt 56-199] Attempt to get parsing info during refresh. "On-the-fly" syntax checking information may be incorrect. [D:/HDMI_Demo/HDMI_Demo.srcs/sources_1/new/Video_Generator.v:]
WARNING: [filemgmt 56-199] Attempt to get parsing info during refresh. "On-the-fly" syntax checking information may be incorrect. [D:/HDMI_Demo/HDMI_Demo.srcs/sources_1/new/Driver_HDMI.v:]
WARNING: [filemgmt 56-199] Attempt to get parsing info during refresh. "On-the-fly" syntax checking information may be incorrect. [D:/HDMI_Demo/HDMI_Demo.srcs/sources_1/new/HDMI_Demo.v:]
ERROR: [Common 17-180] Spawn failed: No error
WARNING: [filemgmt 56-199] Attempt to get parsing info during refresh. "On-the-fly" syntax checking information may be incorrect. [D:/HDMI_Demo/HDMI_Demo.srcs/sources_1/new/digitalRcg.v:]
WARNING: [filemgmt 56-199] Attempt to get parsing info during refresh. "On-the-fly" syntax checking information may be incorrect. [D:/HDMI_Demo/HDMI_Demo.srcs/sources_1/new/Driver_Bayer_To_RGB.v:]
WARNING: [filemgmt 56-199] Attempt to get parsing info during refresh. "On-the-fly" syntax checking information may be incorrect. [D:/HDMI_Demo/HDMI_Demo.srcs/sources_1/new/Video_Generator.v:]
WARNING: [filemgmt 56-199] Attempt to get parsing info during refresh. "On-the-fly" syntax checking information may be incorrect. [D:/HDMI_Demo/HDMI_Demo.srcs/sources_1/new/Driver_HDMI.v:]
WARNING: [filemgmt 56-199] Attempt to get parsing info during refresh. "On-the-fly" syntax checking information may be incorrect. [D:/HDMI_Demo/HDMI_Demo.srcs/sources_1/new/HDMI_Demo.v:]
WARNING: [filemgmt 56-199] Attempt to get parsing info during refresh. "On-the-fly" syntax checking information may be incorrect. [D:/HDMI_Demo/HDMI_Demo.srcs/sources_1/new/digitalRcg.v:]
WARNING: [filemgmt 56-199] Attempt to get parsing info during refresh. "On-the-fly" syntax checking information may be incorrect. [D:/HDMI_Demo/HDMI_Demo.srcs/sources_1/new/Driver_Bayer_To_RGB.v:]
WARNING: [filemgmt 56-199] Attempt to get parsing info during refresh. "On-the-fly" syntax checking information may be incorrect. [D:/HDMI_Demo/HDMI_Demo.srcs/sources_1/new/Video_Generator.v:]
WARNING: [filemgmt 56-199] Attempt to get parsing info during refresh. "On-the-fly" syntax checking information may be incorrect. [D:/HDMI_Demo/HDMI_Demo.srcs/sources_1/new/Driver_HDMI.v:]
WARNING: [filemgmt 56-199] Attempt to get parsing info during refresh. "On-the-fly" syntax checking information may be incorrect. [D:/HDMI_Demo/HDMI_Demo.srcs/sources_1/new/HDMI_Demo.v:]
WARNING: [filemgmt 56-199] Attempt to get parsing info during refresh. "On-the-fly" syntax checking information may be incorrect. [D:/HDMI_Demo/HDMI_Demo.srcs/sources_1/new/digitalRcg.v:]
WARNING: [filemgmt 56-199] Attempt to get parsing info during refresh. "On-the-fly" syntax checking information may be incorrect. [D:/HDMI_Demo/HDMI_Demo.srcs/sources_1/new/Driver_Bayer_To_RGB.v:]
WARNING: [filemgmt 56-199] Attempt to get parsing info during refresh. "On-the-fly" syntax checking information may be incorrect. [D:/HDMI_Demo/HDMI_Demo.srcs/sources_1/new/Video_Generator.v:]
WARNING: [filemgmt 56-199] Attempt to get parsing info during refresh. "On-the-fly" syntax checking information may be incorrect. [D:/HDMI_Demo/HDMI_Demo.srcs/sources_1/new/Driver_HDMI.v:]
WARNING: [filemgmt 56-199] Attempt to get parsing info during refresh. "On-the-fly" syntax checking information may be incorrect. [D:/HDMI_Demo/HDMI_Demo.srcs/sources_1/new/HDMI_Demo.v:]
WARNING: [filemgmt 56-199] Attempt to get parsing info during refresh. "On-the-fly" syntax checking information may be incorrect. [D:/HDMI_Demo/HDMI_Demo.srcs/sources_1/new/digitalRcg.v:]
WARNING: [filemgmt 56-199] Attempt to get parsing info during refresh. "On-the-fly" syntax checking information may be incorrect. [D:/HDMI_Demo/HDMI_Demo.srcs/sources_1/new/Driver_Bayer_To_RGB.v:]
WARNING: [filemgmt 56-199] Attempt to get parsing info during refresh. "On-the-fly" syntax checking information may be incorrect. [D:/HDMI_Demo/HDMI_Demo.srcs/sources_1/new/Video_Generator.v:]
WARNING: [filemgmt 56-199] Attempt to get parsing info during refresh. "On-the-fly" syntax checking information may be incorrect. [D:/HDMI_Demo/HDMI_Demo.srcs/sources_1/new/Driver_HDMI.v:]
WARNING: [filemgmt 56-199] Attempt to get parsing info during refresh. "On-the-fly" syntax checking information may be incorrect. [D:/HDMI_Demo/HDMI_Demo.srcs/sources_1/new/HDMI_Demo.v:]
WARNING: [filemgmt 56-199] Attempt to get parsing info during refresh. "On-the-fly" syntax checking information may be incorrect. [D:/HDMI_Demo/HDMI_Demo.srcs/sources_1/new/digitalRcg.v:]
WARNING: [filemgmt 56-199] Attempt to get parsing info during refresh. "On-the-fly" syntax checking information may be incorrect. [D:/HDMI_Demo/HDMI_Demo.srcs/sources_1/new/Driver_Bayer_To_RGB.v:]
WARNING: [filemgmt 56-199] Attempt to get parsing info during refresh. "On-the-fly" syntax checking information may be incorrect. [D:/HDMI_Demo/HDMI_Demo.srcs/sources_1/new/Video_Generator.v:]
WARNING: [filemgmt 56-199] Attempt to get parsing info during refresh. "On-the-fly" syntax checking information may be incorrect. [D:/HDMI_Demo/HDMI_Demo.srcs/sources_1/new/Driver_HDMI.v:]
WARNING: [filemgmt 56-199] Attempt to get parsing info during refresh. "On-the-fly" syntax checking information may be incorrect. [D:/HDMI_Demo/HDMI_Demo.srcs/sources_1/new/HDMI_Demo.v:]
WARNING: [filemgmt 56-199] Attempt to get parsing info during refresh. "On-the-fly" syntax checking information may be incorrect. [D:/HDMI_Demo/HDMI_Demo.srcs/sources_1/new/digitalRcg.v:]
WARNING: [filemgmt 56-199] Attempt to get parsing info during refresh. "On-the-fly" syntax checking information may be incorrect. [D:/HDMI_Demo/HDMI_Demo.srcs/sources_1/new/Driver_Bayer_To_RGB.v:]
WARNING: [filemgmt 56-199] Attempt to get parsing info during refresh. "On-the-fly" syntax checking information may be incorrect. [D:/HDMI_Demo/HDMI_Demo.srcs/sources_1/new/Video_Generator.v:]
WARNING: [filemgmt 56-199] Attempt to get parsing info during refresh. "On-the-fly" syntax checking information may be incorrect. [D:/HDMI_Demo/HDMI_Demo.srcs/sources_1/new/Driver_HDMI.v:]
WARNING: [filemgmt 56-199] Attempt to get parsing info during refresh. "On-the-fly" syntax checking information may be incorrect. [D:/HDMI_Demo/HDMI_Demo.srcs/sources_1/new/HDMI_Demo.v:]
WARNING: [filemgmt 56-199] Attempt to get parsing info during refresh. "On-the-fly" syntax checking information may be incorrect. [D:/HDMI_Demo/HDMI_Demo.srcs/sources_1/new/digitalRcg.v:]
WARNING: [filemgmt 56-199] Attempt to get parsing info during refresh. "On-the-fly" syntax checking information may be incorrect. [D:/HDMI_Demo/HDMI_Demo.srcs/sources_1/new/Driver_Bayer_To_RGB.v:]
WARNING: [filemgmt 56-199] Attempt to get parsing info during refresh. "On-the-fly" syntax checking information may be incorrect. [D:/HDMI_Demo/HDMI_Demo.srcs/sources_1/new/Video_Generator.v:]
WARNING: [filemgmt 56-199] Attempt to get parsing info during refresh. "On-the-fly" syntax checking information may be incorrect. [D:/HDMI_Demo/HDMI_Demo.srcs/sources_1/new/Driver_HDMI.v:]
WARNING: [filemgmt 56-199] Attempt to get parsing info during refresh. "On-the-fly" syntax checking information may be incorrect. [D:/HDMI_Demo/HDMI_Demo.srcs/sources_1/new/HDMI_Demo.v:]
WARNING: [filemgmt 56-199] Attempt to get parsing info during refresh. "On-the-fly" syntax checking information may be incorrect. [D:/HDMI_Demo/HDMI_Demo.srcs/sources_1/new/digitalRcg.v:]
WARNING: [filemgmt 56-199] Attempt to get parsing info during refresh. "On-the-fly" syntax checking information may be incorrect. [D:/HDMI_Demo/HDMI_Demo.srcs/sources_1/new/Driver_Bayer_To_RGB.v:]
WARNING: [filemgmt 56-199] Attempt to get parsing info during refresh. "On-the-fly" syntax checking information may be incorrect. [D:/HDMI_Demo/HDMI_Demo.srcs/sources_1/new/Video_Generator.v:]
WARNING: [filemgmt 56-199] Attempt to get parsing info during refresh. "On-the-fly" syntax checking information may be incorrect. [D:/HDMI_Demo/HDMI_Demo.srcs/sources_1/new/Driver_HDMI.v:]
WARNING: [filemgmt 56-199] Attempt to get parsing info during refresh. "On-the-fly" syntax checking information may be incorrect. [D:/HDMI_Demo/HDMI_Demo.srcs/sources_1/new/HDMI_Demo.v:]
WARNING: [filemgmt 56-199] Attempt to get parsing info during refresh. "On-the-fly" syntax checking information may be incorrect. [D:/HDMI_Demo/HDMI_Demo.srcs/sources_1/new/digitalRcg.v:]
WARNING: [filemgmt 56-199] Attempt to get parsing info during refresh. "On-the-fly" syntax checking information may be incorrect. [D:/HDMI_Demo/HDMI_Demo.srcs/sources_1/new/Driver_Bayer_To_RGB.v:]
WARNING: [filemgmt 56-199] Attempt to get parsing info during refresh. "On-the-fly" syntax checking information may be incorrect. [D:/HDMI_Demo/HDMI_Demo.srcs/sources_1/new/Video_Generator.v:]
WARNING: [filemgmt 56-199] Attempt to get parsing info during refresh. "On-the-fly" syntax checking information may be incorrect. [D:/HDMI_Demo/HDMI_Demo.srcs/sources_1/new/Driver_HDMI.v:]
WARNING: [filemgmt 56-199] Attempt to get parsing info during refresh. "On-the-fly" syntax checking information may be incorrect. [D:/HDMI_Demo/HDMI_Demo.srcs/sources_1/new/HDMI_Demo.v:]
ERROR: [Common 17-180] Spawn failed: No error
WARNING: [filemgmt 56-199] Attempt to get parsing info during refresh. "On-the-fly" syntax checking information may be incorrect. [D:/HDMI_Demo/HDMI_Demo.srcs/sources_1/new/digitalRcg.v:]
WARNING: [filemgmt 56-199] Attempt to get parsing info during refresh. "On-the-fly" syntax checking information may be incorrect. [D:/HDMI_Demo/HDMI_Demo.srcs/sources_1/new/Driver_Bayer_To_RGB.v:]
WARNING: [filemgmt 56-199] Attempt to get parsing info during refresh. "On-the-fly" syntax checking information may be incorrect. [D:/HDMI_Demo/HDMI_Demo.srcs/sources_1/new/Video_Generator.v:]
WARNING: [filemgmt 56-199] Attempt to get parsing info during refresh. "On-the-fly" syntax checking information may be incorrect. [D:/HDMI_Demo/HDMI_Demo.srcs/sources_1/new/Driver_HDMI.v:]
WARNING: [filemgmt 56-199] Attempt to get parsing info during refresh. "On-the-fly" syntax checking information may be incorrect. [D:/HDMI_Demo/HDMI_Demo.srcs/sources_1/new/HDMI_Demo.v:]
ERROR: [Common 17-180] Spawn failed: No error
WARNING: [filemgmt 56-199] Attempt to get parsing info during refresh. "On-the-fly" syntax checking information may be incorrect. [D:/HDMI_Demo/HDMI_Demo.srcs/sources_1/new/digitalRcg.v:]
WARNING: [filemgmt 56-199] Attempt to get parsing info during refresh. "On-the-fly" syntax checking information may be incorrect. [D:/HDMI_Demo/HDMI_Demo.srcs/sources_1/new/Driver_Bayer_To_RGB.v:]
WARNING: [filemgmt 56-199] Attempt to get parsing info during refresh. "On-the-fly" syntax checking information may be incorrect. [D:/HDMI_Demo/HDMI_Demo.srcs/sources_1/new/Video_Generator.v:]
WARNING: [filemgmt 56-199] Attempt to get parsing info during refresh. "On-the-fly" syntax checking information may be incorrect. [D:/HDMI_Demo/HDMI_Demo.srcs/sources_1/new/Driver_HDMI.v:]
WARNING: [filemgmt 56-199] Attempt to get parsing info during refresh. "On-the-fly" syntax checking information may be incorrect. [D:/HDMI_Demo/HDMI_Demo.srcs/sources_1/new/HDMI_Demo.v:]
INFO: [Common 17-14] Message 'filemgmt 56-199' appears 100 times and further instances of the messages will be disabled. Use the Tcl command set_msg_config to change the current settings.
ERROR: [Common 17-180] Spawn failed: No error
update_compile_order -fileset sources_1
reset_run synth_1
launch_runs synth_1 -jobs 4
[Fri Jul 31 15:30:53 2020] Launched synth_1...
Run output will be captured here: D:/HDMI_Demo/HDMI_Demo.runs/synth_1/runme.log
reset_run synth_1
launch_runs synth_1 -jobs 4
[Fri Jul 31 15:32:39 2020] Launched synth_1...
Run output will be captured here: D:/HDMI_Demo/HDMI_Demo.runs/synth_1/runme.log
reset_run synth_1
launch_runs synth_1 -jobs 4
[Fri Jul 31 15:35:27 2020] Launched synth_1...
Run output will be captured here: D:/HDMI_Demo/HDMI_Demo.runs/synth_1/runme.log
launch_runs impl_1 -jobs 4
[Fri Jul 31 15:45:26 2020] Launched impl_1...
Run output will be captured here: D:/HDMI_Demo/HDMI_Demo.runs/impl_1/runme.log
reset_run synth_1
launch_runs impl_1 -to_step write_bitstream -jobs 4
[Fri Jul 31 15:48:20 2020] Launched synth_1...
Run output will be captured here: D:/HDMI_Demo/HDMI_Demo.runs/synth_1/runme.log
[Fri Jul 31 15:48:20 2020] Launched impl_1...
Run output will be captured here: D:/HDMI_Demo/HDMI_Demo.runs/impl_1/runme.log
WARNING: [filemgmt 56-199] Attempt to get parsing info during refresh. "On-the-fly" syntax checking information may be incorrect. [D:/HDMI_Demo/HDMI_Demo.srcs/sources_1/new/Video_Generator.v:]
WARNING: [filemgmt 56-199] Attempt to get parsing info during refresh. "On-the-fly" syntax checking information may be incorrect. [D:/HDMI_Demo/HDMI_Demo.srcs/sources_1/new/Driver_HDMI.v:]
WARNING: [filemgmt 56-199] Attempt to get parsing info during refresh. "On-the-fly" syntax checking information may be incorrect. [D:/HDMI_Demo/HDMI_Demo.srcs/sources_1/new/HDMI_Demo.v:]
WARNING: [filemgmt 56-199] Attempt to get parsing info during refresh. "On-the-fly" syntax checking information may be incorrect. [D:/HDMI_Demo/HDMI_Demo.srcs/sources_1/new/Video_Generator.v:]
WARNING: [filemgmt 56-199] Attempt to get parsing info during refresh. "On-the-fly" syntax checking information may be incorrect. [D:/HDMI_Demo/HDMI_Demo.srcs/sources_1/new/Driver_HDMI.v:]
WARNING: [filemgmt 56-199] Attempt to get parsing info during refresh. "On-the-fly" syntax checking information may be incorrect. [D:/HDMI_Demo/HDMI_Demo.srcs/sources_1/new/HDMI_Demo.v:]
WARNING: [filemgmt 56-199] Attempt to get parsing info during refresh. "On-the-fly" syntax checking information may be incorrect. [D:/HDMI_Demo/HDMI_Demo.srcs/sources_1/new/Video_Generator.v:]
WARNING: [filemgmt 56-199] Attempt to get parsing info during refresh. "On-the-fly" syntax checking information may be incorrect. [D:/HDMI_Demo/HDMI_Demo.srcs/sources_1/new/Driver_HDMI.v:]
WARNING: [filemgmt 56-199] Attempt to get parsing info during refresh. "On-the-fly" syntax checking information may be incorrect. [D:/HDMI_Demo/HDMI_Demo.srcs/sources_1/new/HDMI_Demo.v:]
WARNING: [filemgmt 56-199] Attempt to get parsing info during refresh. "On-the-fly" syntax checking information may be incorrect. [D:/HDMI_Demo/HDMI_Demo.srcs/sources_1/new/Video_Generator.v:]
WARNING: [filemgmt 56-199] Attempt to get parsing info during refresh. "On-the-fly" syntax checking information may be incorrect. [D:/HDMI_Demo/HDMI_Demo.srcs/sources_1/new/Driver_HDMI.v:]
WARNING: [filemgmt 56-199] Attempt to get parsing info during refresh. "On-the-fly" syntax checking information may be incorrect. [D:/HDMI_Demo/HDMI_Demo.srcs/sources_1/new/HDMI_Demo.v:]
WARNING: [filemgmt 56-199] Attempt to get parsing info during refresh. "On-the-fly" syntax checking information may be incorrect. [D:/HDMI_Demo/HDMI_Demo.srcs/sources_1/new/Video_Generator.v:]
WARNING: [filemgmt 56-199] Attempt to get parsing info during refresh. "On-the-fly" syntax checking information may be incorrect. [D:/HDMI_Demo/HDMI_Demo.srcs/sources_1/new/Driver_HDMI.v:]
WARNING: [filemgmt 56-199] Attempt to get parsing info during refresh. "On-the-fly" syntax checking information may be incorrect. [D:/HDMI_Demo/HDMI_Demo.srcs/sources_1/new/HDMI_Demo.v:]
WARNING: [filemgmt 56-199] Attempt to get parsing info during refresh. "On-the-fly" syntax checking information may be incorrect. [D:/HDMI_Demo/HDMI_Demo.srcs/sources_1/new/Video_Generator.v:]
WARNING: [filemgmt 56-199] Attempt to get parsing info during refresh. "On-the-fly" syntax checking information may be incorrect. [D:/HDMI_Demo/HDMI_Demo.srcs/sources_1/new/Driver_HDMI.v:]
WARNING: [filemgmt 56-199] Attempt to get parsing info during refresh. "On-the-fly" syntax checking information may be incorrect. [D:/HDMI_Demo/HDMI_Demo.srcs/sources_1/new/HDMI_Demo.v:]
ERROR: [Common 17-180] Spawn failed: No error
WARNING: [filemgmt 56-199] Attempt to get parsing info during refresh. "On-the-fly" syntax checking information may be incorrect. [D:/HDMI_Demo/HDMI_Demo.srcs/sources_1/new/Video_Generator.v:]
WARNING: [filemgmt 56-199] Attempt to get parsing info during refresh. "On-the-fly" syntax checking information may be incorrect. [D:/HDMI_Demo/HDMI_Demo.srcs/sources_1/new/Driver_HDMI.v:]
WARNING: [filemgmt 56-199] Attempt to get parsing info during refresh. "On-the-fly" syntax checking information may be incorrect. [D:/HDMI_Demo/HDMI_Demo.srcs/sources_1/new/HDMI_Demo.v:]
ERROR: [Common 17-180] Spawn failed: No error
WARNING: [filemgmt 56-199] Attempt to get parsing info during refresh. "On-the-fly" syntax checking information may be incorrect. [D:/HDMI_Demo/HDMI_Demo.srcs/sources_1/new/Video_Generator.v:]
WARNING: [filemgmt 56-199] Attempt to get parsing info during refresh. "On-the-fly" syntax checking information may be incorrect. [D:/HDMI_Demo/HDMI_Demo.srcs/sources_1/new/Driver_HDMI.v:]
WARNING: [filemgmt 56-199] Attempt to get parsing info during refresh. "On-the-fly" syntax checking information may be incorrect. [D:/HDMI_Demo/HDMI_Demo.srcs/sources_1/new/HDMI_Demo.v:]
WARNING: [filemgmt 56-199] Attempt to get parsing info during refresh. "On-the-fly" syntax checking information may be incorrect. [D:/HDMI_Demo/HDMI_Demo.srcs/sources_1/new/Video_Generator.v:]
WARNING: [filemgmt 56-199] Attempt to get parsing info during refresh. "On-the-fly" syntax checking information may be incorrect. [D:/HDMI_Demo/HDMI_Demo.srcs/sources_1/new/Driver_HDMI.v:]
WARNING: [filemgmt 56-199] Attempt to get parsing info during refresh. "On-the-fly" syntax checking information may be incorrect. [D:/HDMI_Demo/HDMI_Demo.srcs/sources_1/new/HDMI_Demo.v:]
WARNING: [filemgmt 56-199] Attempt to get parsing info during refresh. "On-the-fly" syntax checking information may be incorrect. [D:/HDMI_Demo/HDMI_Demo.srcs/sources_1/new/Video_Generator.v:]
WARNING: [filemgmt 56-199] Attempt to get parsing info during refresh. "On-the-fly" syntax checking information may be incorrect. [D:/HDMI_Demo/HDMI_Demo.srcs/sources_1/new/Driver_HDMI.v:]
WARNING: [filemgmt 56-199] Attempt to get parsing info during refresh. "On-the-fly" syntax checking information may be incorrect. [D:/HDMI_Demo/HDMI_Demo.srcs/sources_1/new/HDMI_Demo.v:]
WARNING: [filemgmt 56-199] Attempt to get parsing info during refresh. "On-the-fly" syntax checking information may be incorrect. [D:/HDMI_Demo/HDMI_Demo.srcs/sources_1/new/Video_Generator.v:]
WARNING: [filemgmt 56-199] Attempt to get parsing info during refresh. "On-the-fly" syntax checking information may be incorrect. [D:/HDMI_Demo/HDMI_Demo.srcs/sources_1/new/Driver_HDMI.v:]
WARNING: [filemgmt 56-199] Attempt to get parsing info during refresh. "On-the-fly" syntax checking information may be incorrect. [D:/HDMI_Demo/HDMI_Demo.srcs/sources_1/new/HDMI_Demo.v:]
WARNING: [filemgmt 56-199] Attempt to get parsing info during refresh. "On-the-fly" syntax checking information may be incorrect. [D:/HDMI_Demo/HDMI_Demo.srcs/sources_1/new/Video_Generator.v:]
WARNING: [filemgmt 56-199] Attempt to get parsing info during refresh. "On-the-fly" syntax checking information may be incorrect. [D:/HDMI_Demo/HDMI_Demo.srcs/sources_1/new/Driver_HDMI.v:]
WARNING: [filemgmt 56-199] Attempt to get parsing info during refresh. "On-the-fly" syntax checking information may be incorrect. [D:/HDMI_Demo/HDMI_Demo.srcs/sources_1/new/HDMI_Demo.v:]
WARNING: [filemgmt 56-199] Attempt to get parsing info during refresh. "On-the-fly" syntax checking information may be incorrect. [D:/HDMI_Demo/HDMI_Demo.srcs/sources_1/new/Driver_Bayer_To_RGB.v:]
WARNING: [filemgmt 56-199] Attempt to get parsing info during refresh. "On-the-fly" syntax checking information may be incorrect. [D:/HDMI_Demo/HDMI_Demo.srcs/sources_1/new/Video_Generator.v:]
WARNING: [filemgmt 56-199] Attempt to get parsing info during refresh. "On-the-fly" syntax checking information may be incorrect. [D:/HDMI_Demo/HDMI_Demo.srcs/sources_1/new/Driver_HDMI.v:]
WARNING: [filemgmt 56-199] Attempt to get parsing info during refresh. "On-the-fly" syntax checking information may be incorrect. [D:/HDMI_Demo/HDMI_Demo.srcs/sources_1/new/HDMI_Demo.v:]
WARNING: [filemgmt 56-199] Attempt to get parsing info during refresh. "On-the-fly" syntax checking information may be incorrect. [D:/HDMI_Demo/HDMI_Demo.srcs/sources_1/new/Driver_Bayer_To_RGB.v:]
WARNING: [filemgmt 56-199] Attempt to get parsing info during refresh. "On-the-fly" syntax checking information may be incorrect. [D:/HDMI_Demo/HDMI_Demo.srcs/sources_1/new/Video_Generator.v:]
WARNING: [filemgmt 56-199] Attempt to get parsing info during refresh. "On-the-fly" syntax checking information may be incorrect. [D:/HDMI_Demo/HDMI_Demo.srcs/sources_1/new/Driver_HDMI.v:]
WARNING: [filemgmt 56-199] Attempt to get parsing info during refresh. "On-the-fly" syntax checking information may be incorrect. [D:/HDMI_Demo/HDMI_Demo.srcs/sources_1/new/HDMI_Demo.v:]
WARNING: [filemgmt 56-199] Attempt to get parsing info during refresh. "On-the-fly" syntax checking information may be incorrect. [D:/HDMI_Demo/HDMI_Demo.srcs/sources_1/new/Driver_Bayer_To_RGB.v:]
WARNING: [filemgmt 56-199] Attempt to get parsing info during refresh. "On-the-fly" syntax checking information may be incorrect. [D:/HDMI_Demo/HDMI_Demo.srcs/sources_1/new/Video_Generator.v:]
WARNING: [filemgmt 56-199] Attempt to get parsing info during refresh. "On-the-fly" syntax checking information may be incorrect. [D:/HDMI_Demo/HDMI_Demo.srcs/sources_1/new/Driver_HDMI.v:]
WARNING: [filemgmt 56-199] Attempt to get parsing info during refresh. "On-the-fly" syntax checking information may be incorrect. [D:/HDMI_Demo/HDMI_Demo.srcs/sources_1/new/HDMI_Demo.v:]
WARNING: [filemgmt 56-199] Attempt to get parsing info during refresh. "On-the-fly" syntax checking information may be incorrect. [D:/HDMI_Demo/HDMI_Demo.srcs/sources_1/new/Driver_Bayer_To_RGB.v:]
WARNING: [filemgmt 56-199] Attempt to get parsing info during refresh. "On-the-fly" syntax checking information may be incorrect. [D:/HDMI_Demo/HDMI_Demo.srcs/sources_1/new/Video_Generator.v:]
WARNING: [filemgmt 56-199] Attempt to get parsing info during refresh. "On-the-fly" syntax checking information may be incorrect. [D:/HDMI_Demo/HDMI_Demo.srcs/sources_1/new/Driver_HDMI.v:]
WARNING: [filemgmt 56-199] Attempt to get parsing info during refresh. "On-the-fly" syntax checking information may be incorrect. [D:/HDMI_Demo/HDMI_Demo.srcs/sources_1/new/HDMI_Demo.v:]
WARNING: [filemgmt 56-199] Attempt to get parsing info during refresh. "On-the-fly" syntax checking information may be incorrect. [D:/HDMI_Demo/HDMI_Demo.srcs/sources_1/new/Driver_Bayer_To_RGB.v:]
WARNING: [filemgmt 56-199] Attempt to get parsing info during refresh. "On-the-fly" syntax checking information may be incorrect. [D:/HDMI_Demo/HDMI_Demo.srcs/sources_1/new/Video_Generator.v:]
WARNING: [filemgmt 56-199] Attempt to get parsing info during refresh. "On-the-fly" syntax checking information may be incorrect. [D:/HDMI_Demo/HDMI_Demo.srcs/sources_1/new/Driver_HDMI.v:]
WARNING: [filemgmt 56-199] Attempt to get parsing info during refresh. "On-the-fly" syntax checking information may be incorrect. [D:/HDMI_Demo/HDMI_Demo.srcs/sources_1/new/HDMI_Demo.v:]
WARNING: [filemgmt 56-199] Attempt to get parsing info during refresh. "On-the-fly" syntax checking information may be incorrect. [D:/HDMI_Demo/HDMI_Demo.srcs/sources_1/new/Driver_Bayer_To_RGB.v:]
WARNING: [filemgmt 56-199] Attempt to get parsing info during refresh. "On-the-fly" syntax checking information may be incorrect. [D:/HDMI_Demo/HDMI_Demo.srcs/sources_1/new/Video_Generator.v:]
WARNING: [filemgmt 56-199] Attempt to get parsing info during refresh. "On-the-fly" syntax checking information may be incorrect. [D:/HDMI_Demo/HDMI_Demo.srcs/sources_1/new/Driver_HDMI.v:]
WARNING: [filemgmt 56-199] Attempt to get parsing info during refresh. "On-the-fly" syntax checking information may be incorrect. [D:/HDMI_Demo/HDMI_Demo.srcs/sources_1/new/HDMI_Demo.v:]
WARNING: [filemgmt 56-199] Attempt to get parsing info during refresh. "On-the-fly" syntax checking information may be incorrect. [D:/HDMI_Demo/HDMI_Demo.srcs/sources_1/new/Driver_Bayer_To_RGB.v:]
WARNING: [filemgmt 56-199] Attempt to get parsing info during refresh. "On-the-fly" syntax checking information may be incorrect. [D:/HDMI_Demo/HDMI_Demo.srcs/sources_1/new/Video_Generator.v:]
WARNING: [filemgmt 56-199] Attempt to get parsing info during refresh. "On-the-fly" syntax checking information may be incorrect. [D:/HDMI_Demo/HDMI_Demo.srcs/sources_1/new/Driver_HDMI.v:]
WARNING: [filemgmt 56-199] Attempt to get parsing info during refresh. "On-the-fly" syntax checking information may be incorrect. [D:/HDMI_Demo/HDMI_Demo.srcs/sources_1/new/HDMI_Demo.v:]
WARNING: [filemgmt 56-199] Attempt to get parsing info during refresh. "On-the-fly" syntax checking information may be incorrect. [D:/HDMI_Demo/HDMI_Demo.srcs/sources_1/new/Driver_Bayer_To_RGB.v:]
WARNING: [filemgmt 56-199] Attempt to get parsing info during refresh. "On-the-fly" syntax checking information may be incorrect. [D:/HDMI_Demo/HDMI_Demo.srcs/sources_1/new/Video_Generator.v:]
WARNING: [filemgmt 56-199] Attempt to get parsing info during refresh. "On-the-fly" syntax checking information may be incorrect. [D:/HDMI_Demo/HDMI_Demo.srcs/sources_1/new/Driver_HDMI.v:]
WARNING: [filemgmt 56-199] Attempt to get parsing info during refresh. "On-the-fly" syntax checking information may be incorrect. [D:/HDMI_Demo/HDMI_Demo.srcs/sources_1/new/HDMI_Demo.v:]
WARNING: [filemgmt 56-199] Attempt to get parsing info during refresh. "On-the-fly" syntax checking information may be incorrect. [D:/HDMI_Demo/HDMI_Demo.srcs/sources_1/new/Driver_Bayer_To_RGB.v:]
WARNING: [filemgmt 56-199] Attempt to get parsing info during refresh. "On-the-fly" syntax checking information may be incorrect. [D:/HDMI_Demo/HDMI_Demo.srcs/sources_1/new/Video_Generator.v:]
WARNING: [filemgmt 56-199] Attempt to get parsing info during refresh. "On-the-fly" syntax checking information may be incorrect. [D:/HDMI_Demo/HDMI_Demo.srcs/sources_1/new/Driver_HDMI.v:]
WARNING: [filemgmt 56-199] Attempt to get parsing info during refresh. "On-the-fly" syntax checking information may be incorrect. [D:/HDMI_Demo/HDMI_Demo.srcs/sources_1/new/HDMI_Demo.v:]
WARNING: [filemgmt 56-199] Attempt to get parsing info during refresh. "On-the-fly" syntax checking information may be incorrect. [D:/HDMI_Demo/HDMI_Demo.srcs/sources_1/new/Driver_Bayer_To_RGB.v:]
WARNING: [filemgmt 56-199] Attempt to get parsing info during refresh. "On-the-fly" syntax checking information may be incorrect. [D:/HDMI_Demo/HDMI_Demo.srcs/sources_1/new/Video_Generator.v:]
WARNING: [filemgmt 56-199] Attempt to get parsing info during refresh. "On-the-fly" syntax checking information may be incorrect. [D:/HDMI_Demo/HDMI_Demo.srcs/sources_1/new/Driver_HDMI.v:]
WARNING: [filemgmt 56-199] Attempt to get parsing info during refresh. "On-the-fly" syntax checking information may be incorrect. [D:/HDMI_Demo/HDMI_Demo.srcs/sources_1/new/HDMI_Demo.v:]
WARNING: [filemgmt 56-199] Attempt to get parsing info during refresh. "On-the-fly" syntax checking information may be incorrect. [D:/HDMI_Demo/HDMI_Demo.srcs/sources_1/new/Driver_Bayer_To_RGB.v:]
WARNING: [filemgmt 56-199] Attempt to get parsing info during refresh. "On-the-fly" syntax checking information may be incorrect. [D:/HDMI_Demo/HDMI_Demo.srcs/sources_1/new/Video_Generator.v:]
WARNING: [filemgmt 56-199] Attempt to get parsing info during refresh. "On-the-fly" syntax checking information may be incorrect. [D:/HDMI_Demo/HDMI_Demo.srcs/sources_1/new/Driver_HDMI.v:]
WARNING: [filemgmt 56-199] Attempt to get parsing info during refresh. "On-the-fly" syntax checking information may be incorrect. [D:/HDMI_Demo/HDMI_Demo.srcs/sources_1/new/HDMI_Demo.v:]
WARNING: [filemgmt 56-199] Attempt to get parsing info during refresh. "On-the-fly" syntax checking information may be incorrect. [D:/HDMI_Demo/HDMI_Demo.srcs/sources_1/new/Driver_Bayer_To_RGB.v:]
WARNING: [filemgmt 56-199] Attempt to get parsing info during refresh. "On-the-fly" syntax checking information may be incorrect. [D:/HDMI_Demo/HDMI_Demo.srcs/sources_1/new/Video_Generator.v:]
WARNING: [filemgmt 56-199] Attempt to get parsing info during refresh. "On-the-fly" syntax checking information may be incorrect. [D:/HDMI_Demo/HDMI_Demo.srcs/sources_1/new/Driver_HDMI.v:]
WARNING: [filemgmt 56-199] Attempt to get parsing info during refresh. "On-the-fly" syntax checking information may be incorrect. [D:/HDMI_Demo/HDMI_Demo.srcs/sources_1/new/HDMI_Demo.v:]
exit
INFO: [Common 17-206] Exiting Vivado at Fri Jul 31 18:09:08 2020...
