#-----------------------------------------------------------
# Vivado v2018.3 (64-bit)
# SW Build 2405991 on Thu Dec  6 23:38:27 MST 2018
# IP Build 2404404 on Fri Dec  7 01:43:56 MST 2018
# Start of session at: Thu Jul 30 00:51:17 2020
# Process ID: 22992
# Current directory: C:/Users/mac/Desktop/Mini-HDMI-Interface/HDMI_Demo
# Command line: vivado.exe -gui_launcher_event rodinguilauncherevent21580 C:\Users\mac\Desktop\Mini-HDMI-Interface\HDMI_Demo\HDMI_Demo.xpr
# Log file: C:/Users/mac/Desktop/Mini-HDMI-Interface/HDMI_Demo/vivado.log
# Journal file: C:/Users/mac/Desktop/Mini-HDMI-Interface/HDMI_Demo\vivado.jou
#-----------------------------------------------------------
start_gui
open_project C:/Users/mac/Desktop/Mini-HDMI-Interface/HDMI_Demo/HDMI_Demo.xpr
INFO: [Project 1-313] Project file moved from 'D:/SEA-master/Examples/FPGA/4.Module-Interface/Mini-HDMI-Interface/HDMI_Demo' since last save.
Scanning sources...
Finished scanning sources
WARNING: [filemgmt 56-2] IP Repository Path: Could not find the directory 'C:/Users/mac/IP_Core/HDMI-IP/IP/RGB2DVI_IP', nor could it be found using path 'D:/SEA-master/Examples/FPGA/IP_Core/HDMI-IP/IP/RGB2DVI_IP'.
INFO: [filemgmt 56-1] IP Repository Path: Directory not found as 'C:/Users/FPGA-IP/Mini-HDMI-IP'; using path 'D:/SEA-master/Examples/FPGA-IP/Mini-HDMI-IP' instead.
INFO: [IP_Flow 19-234] Refreshing IP repositories
WARNING: [IP_Flow 19-2248] Failed to load user IP repository 'c:/Users/mac/IP_Core/HDMI-IP/IP/RGB2DVI_IP'; Can't find the specified path.
If this directory should no longer be in your list of user repositories, go to the IP Settings dialog and remove it.
INFO: [IP_Flow 19-1700] Loaded user IP repository 'd:/SEA-master/Examples/FPGA-IP/Mini-HDMI-IP'.
INFO: [IP_Flow 19-2313] Loaded Vivado IP repository 'D:/XILINX/vivado/2018.3/data/ip'.
open_project: Time (s): cpu = 00:00:32 ; elapsed = 00:00:18 . Memory (MB): peak = 797.813 ; gain = 201.609
update_compile_order -fileset sources_1
set_property  ip_repo_paths  {c:/Users/mac/IP_Core/HDMI-IP/IP/RGB2DVI_IP d:/SEA-master/Examples/FPGA-IP/Mini-HDMI-IP D:/SEA-master/Examples/FPGA-IP/Image-Process-IP} [current_project]
update_ip_catalog
INFO: [IP_Flow 19-234] Refreshing IP repositories
WARNING: [IP_Flow 19-2248] Failed to load user IP repository 'c:/Users/mac/IP_Core/HDMI-IP/IP/RGB2DVI_IP'; Can't find the specified path.
If this directory should no longer be in your list of user repositories, go to the IP Settings dialog and remove it.
INFO: [IP_Flow 19-1700] Loaded user IP repository 'd:/SEA-master/Examples/FPGA-IP/Mini-HDMI-IP'.
INFO: [IP_Flow 19-1700] Loaded user IP repository 'd:/SEA-master/Examples/FPGA-IP/Image-Process-IP'.
create_ip -name c_shift_ram -vendor xilinx.com -library ip -version 12.0 -module_name Shift_Line -dir c:/Users/mac/Desktop/Mini-HDMI-Interface/HDMI_Demo/HDMI_Demo.srcs/sources_1/ip
set_property -dict [list CONFIG.Component_Name {Shift_Line} CONFIG.Width {8} CONFIG.DefaultData {00000000} CONFIG.AsyncInitVal {00000000} CONFIG.SyncInitVal {00000000}] [get_ips Shift_Line]
WARNING: [Vivado 12-3523] Attempt to change 'Component_Name' from 'Shift_Line' to 'Shift_Line' is not allowed and is ignored.
generate_target {instantiation_template} [get_files c:/Users/mac/Desktop/Mini-HDMI-Interface/HDMI_Demo/HDMI_Demo.srcs/sources_1/ip/Shift_Line/Shift_Line.xci]
INFO: [IP_Flow 19-1686] Generating 'Instantiation Template' target for IP 'Shift_Line'...
update_compile_order -fileset sources_1
generate_target all [get_files  c:/Users/mac/Desktop/Mini-HDMI-Interface/HDMI_Demo/HDMI_Demo.srcs/sources_1/ip/Shift_Line/Shift_Line.xci]
INFO: [IP_Flow 19-1686] Generating 'Synthesis' target for IP 'Shift_Line'...
INFO: [IP_Flow 19-1686] Generating 'Simulation' target for IP 'Shift_Line'...
INFO: [IP_Flow 19-1686] Generating 'Change Log' target for IP 'Shift_Line'...
catch { config_ip_cache -export [get_ips -all Shift_Line] }
export_ip_user_files -of_objects [get_files c:/Users/mac/Desktop/Mini-HDMI-Interface/HDMI_Demo/HDMI_Demo.srcs/sources_1/ip/Shift_Line/Shift_Line.xci] -no_script -sync -force -quiet
create_ip_run [get_files -of_objects [get_fileset sources_1] c:/Users/mac/Desktop/Mini-HDMI-Interface/HDMI_Demo/HDMI_Demo.srcs/sources_1/ip/Shift_Line/Shift_Line.xci]
launch_runs -jobs 2 Shift_Line_synth_1
[Thu Jul 30 00:54:52 2020] Launched Shift_Line_synth_1...
Run output will be captured here: C:/Users/mac/Desktop/Mini-HDMI-Interface/HDMI_Demo/HDMI_Demo.runs/Shift_Line_synth_1/runme.log
export_simulation -of_objects [get_files c:/Users/mac/Desktop/Mini-HDMI-Interface/HDMI_Demo/HDMI_Demo.srcs/sources_1/ip/Shift_Line/Shift_Line.xci] -directory C:/Users/mac/Desktop/Mini-HDMI-Interface/HDMI_Demo/HDMI_Demo.ip_user_files/sim_scripts -ip_user_files_dir C:/Users/mac/Desktop/Mini-HDMI-Interface/HDMI_Demo/HDMI_Demo.ip_user_files -ipstatic_source_dir C:/Users/mac/Desktop/Mini-HDMI-Interface/HDMI_Demo/HDMI_Demo.ip_user_files/ipstatic -lib_map_path [list {modelsim=C:/Users/mac/Desktop/Mini-HDMI-Interface/HDMI_Demo/HDMI_Demo.cache/compile_simlib/modelsim} {questa=C:/Users/mac/Desktop/Mini-HDMI-Interface/HDMI_Demo/HDMI_Demo.cache/compile_simlib/questa} {riviera=C:/Users/mac/Desktop/Mini-HDMI-Interface/HDMI_Demo/HDMI_Demo.cache/compile_simlib/riviera} {activehdl=C:/Users/mac/Desktop/Mini-HDMI-Interface/HDMI_Demo/HDMI_Demo.cache/compile_simlib/activehdl}] -use_ip_compiled_libs -force -quiet
create_ip -name RGB_To_Gray -vendor xilinx.com -library user -version 1.0 -module_name RGB_To_Gray_0 -dir c:/Users/mac/Desktop/Mini-HDMI-Interface/HDMI_Demo/HDMI_Demo.srcs/sources_1/ip
generate_target {instantiation_template} [get_files c:/Users/mac/Desktop/Mini-HDMI-Interface/HDMI_Demo/HDMI_Demo.srcs/sources_1/ip/RGB_To_Gray_0/RGB_To_Gray_0.xci]
INFO: [IP_Flow 19-1686] Generating 'Instantiation Template' target for IP 'RGB_To_Gray_0'...
generate_target all [get_files  c:/Users/mac/Desktop/Mini-HDMI-Interface/HDMI_Demo/HDMI_Demo.srcs/sources_1/ip/RGB_To_Gray_0/RGB_To_Gray_0.xci]
INFO: [IP_Flow 19-1686] Generating 'Synthesis' target for IP 'RGB_To_Gray_0'...
INFO: [IP_Flow 19-1686] Generating 'Simulation' target for IP 'RGB_To_Gray_0'...
catch { config_ip_cache -export [get_ips -all RGB_To_Gray_0] }
export_ip_user_files -of_objects [get_files c:/Users/mac/Desktop/Mini-HDMI-Interface/HDMI_Demo/HDMI_Demo.srcs/sources_1/ip/RGB_To_Gray_0/RGB_To_Gray_0.xci] -no_script -sync -force -quiet
create_ip_run [get_files -of_objects [get_fileset sources_1] c:/Users/mac/Desktop/Mini-HDMI-Interface/HDMI_Demo/HDMI_Demo.srcs/sources_1/ip/RGB_To_Gray_0/RGB_To_Gray_0.xci]
launch_runs -jobs 2 RGB_To_Gray_0_synth_1
[Thu Jul 30 00:55:41 2020] Launched RGB_To_Gray_0_synth_1...
Run output will be captured here: C:/Users/mac/Desktop/Mini-HDMI-Interface/HDMI_Demo/HDMI_Demo.runs/RGB_To_Gray_0_synth_1/runme.log
export_simulation -of_objects [get_files c:/Users/mac/Desktop/Mini-HDMI-Interface/HDMI_Demo/HDMI_Demo.srcs/sources_1/ip/RGB_To_Gray_0/RGB_To_Gray_0.xci] -directory C:/Users/mac/Desktop/Mini-HDMI-Interface/HDMI_Demo/HDMI_Demo.ip_user_files/sim_scripts -ip_user_files_dir C:/Users/mac/Desktop/Mini-HDMI-Interface/HDMI_Demo/HDMI_Demo.ip_user_files -ipstatic_source_dir C:/Users/mac/Desktop/Mini-HDMI-Interface/HDMI_Demo/HDMI_Demo.ip_user_files/ipstatic -lib_map_path [list {modelsim=C:/Users/mac/Desktop/Mini-HDMI-Interface/HDMI_Demo/HDMI_Demo.cache/compile_simlib/modelsim} {questa=C:/Users/mac/Desktop/Mini-HDMI-Interface/HDMI_Demo/HDMI_Demo.cache/compile_simlib/questa} {riviera=C:/Users/mac/Desktop/Mini-HDMI-Interface/HDMI_Demo/HDMI_Demo.cache/compile_simlib/riviera} {activehdl=C:/Users/mac/Desktop/Mini-HDMI-Interface/HDMI_Demo/HDMI_Demo.cache/compile_simlib/activehdl}] -use_ip_compiled_libs -force -quiet
close [ open C:/Users/mac/Desktop/Mini-HDMI-Interface/HDMI_Demo/HDMI_Demo.srcs/sources_1/new/Delay_Signal.v w ]
add_files C:/Users/mac/Desktop/Mini-HDMI-Interface/HDMI_Demo/HDMI_Demo.srcs/sources_1/new/Delay_Signal.v
update_compile_order -fileset sources_1
create_ip -name Edge_Check -vendor xilinx.com -library user -version 1.0 -module_name Edge_Check_0 -dir c:/Users/mac/Desktop/Mini-HDMI-Interface/HDMI_Demo/HDMI_Demo.srcs/sources_1/ip
generate_target {instantiation_template} [get_files c:/Users/mac/Desktop/Mini-HDMI-Interface/HDMI_Demo/HDMI_Demo.srcs/sources_1/ip/Edge_Check_0/Edge_Check_0.xci]
INFO: [IP_Flow 19-1686] Generating 'Instantiation Template' target for IP 'Edge_Check_0'...
update_compile_order -fileset sources_1
generate_target all [get_files  c:/Users/mac/Desktop/Mini-HDMI-Interface/HDMI_Demo/HDMI_Demo.srcs/sources_1/ip/Edge_Check_0/Edge_Check_0.xci]
INFO: [IP_Flow 19-1686] Generating 'Synthesis' target for IP 'Edge_Check_0'...
INFO: [IP_Flow 19-1686] Generating 'Simulation' target for IP 'Edge_Check_0'...
catch { config_ip_cache -export [get_ips -all Edge_Check_0] }
export_ip_user_files -of_objects [get_files c:/Users/mac/Desktop/Mini-HDMI-Interface/HDMI_Demo/HDMI_Demo.srcs/sources_1/ip/Edge_Check_0/Edge_Check_0.xci] -no_script -sync -force -quiet
create_ip_run [get_files -of_objects [get_fileset sources_1] c:/Users/mac/Desktop/Mini-HDMI-Interface/HDMI_Demo/HDMI_Demo.srcs/sources_1/ip/Edge_Check_0/Edge_Check_0.xci]
launch_runs -jobs 2 Edge_Check_0_synth_1
[Thu Jul 30 00:58:32 2020] Launched Edge_Check_0_synth_1...
Run output will be captured here: C:/Users/mac/Desktop/Mini-HDMI-Interface/HDMI_Demo/HDMI_Demo.runs/Edge_Check_0_synth_1/runme.log
export_simulation -of_objects [get_files c:/Users/mac/Desktop/Mini-HDMI-Interface/HDMI_Demo/HDMI_Demo.srcs/sources_1/ip/Edge_Check_0/Edge_Check_0.xci] -directory C:/Users/mac/Desktop/Mini-HDMI-Interface/HDMI_Demo/HDMI_Demo.ip_user_files/sim_scripts -ip_user_files_dir C:/Users/mac/Desktop/Mini-HDMI-Interface/HDMI_Demo/HDMI_Demo.ip_user_files -ipstatic_source_dir C:/Users/mac/Desktop/Mini-HDMI-Interface/HDMI_Demo/HDMI_Demo.ip_user_files/ipstatic -lib_map_path [list {modelsim=C:/Users/mac/Desktop/Mini-HDMI-Interface/HDMI_Demo/HDMI_Demo.cache/compile_simlib/modelsim} {questa=C:/Users/mac/Desktop/Mini-HDMI-Interface/HDMI_Demo/HDMI_Demo.cache/compile_simlib/questa} {riviera=C:/Users/mac/Desktop/Mini-HDMI-Interface/HDMI_Demo/HDMI_Demo.cache/compile_simlib/riviera} {activehdl=C:/Users/mac/Desktop/Mini-HDMI-Interface/HDMI_Demo/HDMI_Demo.cache/compile_simlib/activehdl}] -use_ip_compiled_libs -force -quiet
ERROR: [Common 17-180] Spawn failed: No error
close [ open C:/Users/mac/Desktop/Mini-HDMI-Interface/HDMI_Demo/HDMI_Demo.srcs/sources_1/new/Image_Process_Edge.v w ]
add_files C:/Users/mac/Desktop/Mini-HDMI-Interface/HDMI_Demo/HDMI_Demo.srcs/sources_1/new/Image_Process_Edge.v
update_compile_order -fileset sources_1
ERROR: [Common 17-180] Spawn failed: No error
ERROR: [Common 17-180] Spawn failed: No error
ERROR: [Common 17-180] Spawn failed: No error
update_compile_order -fileset sources_1
ERROR: [Common 17-180] Spawn failed: No error
reset_run synth_1
launch_runs synth_1 -jobs 2
[Thu Jul 30 01:27:12 2020] Launched synth_1...
Run output will be captured here: C:/Users/mac/Desktop/Mini-HDMI-Interface/HDMI_Demo/HDMI_Demo.runs/synth_1/runme.log
reset_run synth_1
launch_runs synth_1 -jobs 2
[Thu Jul 30 01:28:23 2020] Launched synth_1...
Run output will be captured here: C:/Users/mac/Desktop/Mini-HDMI-Interface/HDMI_Demo/HDMI_Demo.runs/synth_1/runme.log
reset_run synth_1
launch_runs synth_1 -jobs 2
[Thu Jul 30 01:29:23 2020] Launched synth_1...
Run output will be captured here: C:/Users/mac/Desktop/Mini-HDMI-Interface/HDMI_Demo/HDMI_Demo.runs/synth_1/runme.log
update_compile_order -fileset sources_1
reset_run synth_1
launch_runs synth_1 -jobs 2
ERROR: [Common 17-180] Spawn failed: No error
ERROR: [Vivado 12-4755] Launch of runs aborted due to earlier errors while preparing files for run execution.
launch_runs synth_1 -jobs 2
[Thu Jul 30 01:34:14 2020] Launched synth_1...
Run output will be captured here: C:/Users/mac/Desktop/Mini-HDMI-Interface/HDMI_Demo/HDMI_Demo.runs/synth_1/runme.log
ERROR: [Common 17-180] Spawn failed: No error
update_compile_order -fileset sources_1
reset_run synth_1
launch_runs synth_1 -jobs 2
[Thu Jul 30 01:39:11 2020] Launched synth_1...
Run output will be captured here: C:/Users/mac/Desktop/Mini-HDMI-Interface/HDMI_Demo/HDMI_Demo.runs/synth_1/runme.log
launch_runs impl_1 -jobs 2
[Thu Jul 30 01:40:23 2020] Launched impl_1...
Run output will be captured here: C:/Users/mac/Desktop/Mini-HDMI-Interface/HDMI_Demo/HDMI_Demo.runs/impl_1/runme.log
launch_runs impl_1 -to_step write_bitstream -jobs 2
[Thu Jul 30 01:42:37 2020] Launched impl_1...
Run output will be captured here: C:/Users/mac/Desktop/Mini-HDMI-Interface/HDMI_Demo/HDMI_Demo.runs/impl_1/runme.log
exit
INFO: [Common 17-206] Exiting Vivado at Thu Jul 30 01:59:11 2020...
