INFO: [VRFC 10-2263] Analyzing Verilog file "C:/Users/mac/Desktop/Mini-HDMI-Interface/HDMI_Demo/HDMI_Demo.srcs/sources_1/ip/RGB_To_Gray_0/sim/RGB_To_Gray.v" into library xil_defaultlib
INFO: [VRFC 10-311] analyzing module RGB_To_Gray
INFO: [VRFC 10-2263] Analyzing Verilog file "C:/Users/mac/Desktop/Mini-HDMI-Interface/HDMI_Demo/HDMI_Demo.srcs/sources_1/ip/RGB_To_Gray_0/sim/RGB_To_Gray_0.v" into library xil_defaultlib
INFO: [VRFC 10-311] analyzing module RGB_To_Gray_0
INFO: [VRFC 10-2263] Analyzing Verilog file "C:/Users/mac/Desktop/Mini-HDMI-Interface/HDMI_Demo/HDMI_Demo.srcs/sources_1/ip/Edge_Check_0/sim/Delay_Signal.v" into library xil_defaultlib
INFO: [VRFC 10-311] analyzing module Delay_Signal
INFO: [VRFC 10-2263] Analyzing Verilog file "C:/Users/mac/Desktop/Mini-HDMI-Interface/HDMI_Demo/HDMI_Demo.srcs/sources_1/ip/Edge_Check_0/sim/Edge_Check.v" into library xil_defaultlib
INFO: [VRFC 10-311] analyzing module Edge_Check
INFO: [VRFC 10-2263] Analyzing Verilog file "C:/Users/mac/Desktop/Mini-HDMI-Interface/HDMI_Demo/HDMI_Demo.srcs/sources_1/ip/Edge_Check_0/sim/Edge_Check_0.v" into library xil_defaultlib
INFO: [VRFC 10-311] analyzing module Edge_Check_0
INFO: [VRFC 10-2263] Analyzing Verilog file "C:/Users/mac/Desktop/Mini-HDMI-Interface/HDMI_Demo/HDMI_Demo.srcs/sources_1/ip/Picture_B_Rom_1/sim/Picture_B_Rom.v" into library xil_defaultlib
INFO: [VRFC 10-311] analyzing module Picture_B_Rom
INFO: [VRFC 10-2263] Analyzing Verilog file "C:/Users/mac/Desktop/Mini-HDMI-Interface/HDMI_Demo/HDMI_Demo.srcs/sources_1/ip/Picture_G_Rom_1/sim/Picture_G_Rom.v" into library xil_defaultlib
INFO: [VRFC 10-311] analyzing module Picture_G_Rom
INFO: [VRFC 10-2263] Analyzing Verilog file "C:/Users/mac/Desktop/Mini-HDMI-Interface/HDMI_Demo/HDMI_Demo.srcs/sources_1/ip/Picture_R_Rom_1/sim/Picture_R_Rom.v" into library xil_defaultlib
INFO: [VRFC 10-311] analyzing module Picture_R_Rom
INFO: [VRFC 10-2263] Analyzing Verilog file "C:/Users/mac/Desktop/Mini-HDMI-Interface/HDMI_Demo/HDMI_Demo.srcs/sources_1/ip/clk_wiz_0_1/clk_wiz_0_clk_wiz.v" into library xil_defaultlib
INFO: [VRFC 10-311] analyzing module clk_wiz_0_clk_wiz
INFO: [VRFC 10-2263] Analyzing Verilog file "C:/Users/mac/Desktop/Mini-HDMI-Interface/HDMI_Demo/HDMI_Demo.srcs/sources_1/ip/clk_wiz_0_1/clk_wiz_0.v" into library xil_defaultlib
INFO: [VRFC 10-311] analyzing module clk_wiz_0
INFO: [VRFC 10-2263] Analyzing Verilog file "C:/Users/mac/Desktop/Mini-HDMI-Interface/HDMI_Demo/HDMI_Demo.srcs/sources_1/new/Data_1.v" into library xil_defaultlib
INFO: [VRFC 10-311] analyzing module Data_1
INFO: [VRFC 10-2263] Analyzing Verilog file "C:/Users/mac/Desktop/Mini-HDMI-Interface/HDMI_Demo/HDMI_Demo.srcs/sources_1/new/Delay_Signal.v" into library xil_defaultlib
INFO: [VRFC 10-311] analyzing module Delay_Signal
WARNING: [VRFC 10-3609] overwriting previous definition of module 'Delay_Signal' [C:/Users/mac/Desktop/Mini-HDMI-Interface/HDMI_Demo/HDMI_Demo.srcs/sources_1/new/Delay_Signal.v:24]
INFO: [VRFC 10-2263] Analyzing Verilog file "C:/Users/mac/Desktop/Mini-HDMI-Interface/HDMI_Demo/HDMI_Demo.srcs/sources_1/new/Driver_HDMI.v" into library xil_defaultlib
INFO: [VRFC 10-311] analyzing module Driver_HDMI
INFO: [VRFC 10-2263] Analyzing Verilog file "C:/Users/mac/Desktop/Mini-HDMI-Interface/HDMI_Demo/HDMI_Demo.srcs/sources_1/new/HDMI_Demo.v" into library xil_defaultlib
INFO: [VRFC 10-311] analyzing module HDMI_Demo
INFO: [VRFC 10-2263] Analyzing Verilog file "C:/Users/mac/Desktop/Mini-HDMI-Interface/HDMI_Demo/HDMI_Demo.srcs/sources_1/new/Image_Process_Edge.v" into library xil_defaultlib
INFO: [VRFC 10-311] analyzing module Image_Process
INFO: [VRFC 10-2263] Analyzing Verilog file "C:/Users/mac/Desktop/Mini-HDMI-Interface/HDMI_Demo/HDMI_Demo.srcs/sources_1/new/Video_Generator.v" into library xil_defaultlib
INFO: [VRFC 10-311] analyzing module Video_Generator
INFO: [VRFC 10-2263] Analyzing Verilog file "C:/Users/mac/Desktop/Mini-HDMI-Interface/HDMI_Demo/HDMI_Demo.srcs/sim_1/new/system.v" into library xil_defaultlib
INFO: [VRFC 10-311] analyzing module tb
