Vivado Simulator 2018.3
Time resolution is 1 ps
 Block Memory Generator module loading initial data...
 Block Memory Generator data initialization complete.
Block Memory Generator module tb.test.Video_Generator0.R_ROM.inst.native_mem_module.blk_mem_gen_v8_4_2_inst is using a behavioral model for simulation which will not precisely model memory collision behavior.
 Block Memory Generator module loading initial data...
 Block Memory Generator data initialization complete.
Block Memory Generator module tb.test.Video_Generator0.G_ROM.inst.native_mem_module.blk_mem_gen_v8_4_2_inst is using a behavioral model for simulation which will not precisely model memory collision behavior.
 Block Memory Generator module loading initial data...
 Block Memory Generator data initialization complete.
Block Memory Generator module tb.test.Video_Generator0.B_ROM.inst.native_mem_module.blk_mem_gen_v8_4_2_inst is using a behavioral model for simulation which will not precisely model memory collision behavior.
Warning: NUMERIC_STD."=": metavalue detected, returning FALSE
Time: 100 ns  Iteration: 4  Process: /tb/test/rgb2dvi/U0/\DataEncoders(0)\/DataEncoder/line__154  File: C:/Users/mac/Desktop/Mini-HDMI-Interface/HDMI_Demo/HDMI_Demo.ip_user_files/ipstatic/src/TMDS_Encoder.vhd
Warning: NUMERIC_STD."=": metavalue detected, returning FALSE
Time: 100 ns  Iteration: 4  Process: /tb/test/rgb2dvi/U0/\DataEncoders(1)\/DataEncoder/line__154  File: C:/Users/mac/Desktop/Mini-HDMI-Interface/HDMI_Demo/HDMI_Demo.ip_user_files/ipstatic/src/TMDS_Encoder.vhd
Warning: NUMERIC_STD."=": metavalue detected, returning FALSE
Time: 100 ns  Iteration: 4  Process: /tb/test/rgb2dvi/U0/\DataEncoders(2)\/DataEncoder/line__154  File: C:/Users/mac/Desktop/Mini-HDMI-Interface/HDMI_Demo/HDMI_Demo.ip_user_files/ipstatic/src/TMDS_Encoder.vhd
Warning: NUMERIC_STD."=": metavalue detected, returning FALSE
Time: 600 ns  Iteration: 5  Process: /tb/test/rgb2dvi/U0/\DataEncoders(0)\/DataEncoder/line__154  File: C:/Users/mac/Desktop/Mini-HDMI-Interface/HDMI_Demo/HDMI_Demo.ip_user_files/ipstatic/src/TMDS_Encoder.vhd
Warning: NUMERIC_STD."=": metavalue detected, returning FALSE
Time: 600 ns  Iteration: 5  Process: /tb/test/rgb2dvi/U0/\DataEncoders(1)\/DataEncoder/line__154  File: C:/Users/mac/Desktop/Mini-HDMI-Interface/HDMI_Demo/HDMI_Demo.ip_user_files/ipstatic/src/TMDS_Encoder.vhd
Warning: NUMERIC_STD."=": metavalue detected, returning FALSE
Time: 600 ns  Iteration: 5  Process: /tb/test/rgb2dvi/U0/\DataEncoders(2)\/DataEncoder/line__154  File: C:/Users/mac/Desktop/Mini-HDMI-Interface/HDMI_Demo/HDMI_Demo.ip_user_files/ipstatic/src/TMDS_Encoder.vhd
Warning : input CLKIN1 period and attribute CLKIN1_PERIOD on PLLE2_ADV instance tb.test.clk_10.inst.plle2_adv_inst are not same.
 Block Memory Generator module loading initial data...
 Block Memory Generator data initialization complete.
Block Memory Generator module tb.test.Video_Generator0.R_ROM.inst.native_mem_module.blk_mem_gen_v8_4_2_inst is using a behavioral model for simulation which will not precisely model memory collision behavior.
 Block Memory Generator module loading initial data...
 Block Memory Generator data initialization complete.
Block Memory Generator module tb.test.Video_Generator0.G_ROM.inst.native_mem_module.blk_mem_gen_v8_4_2_inst is using a behavioral model for simulation which will not precisely model memory collision behavior.
 Block Memory Generator module loading initial data...
 Block Memory Generator data initialization complete.
Block Memory Generator module tb.test.Video_Generator0.B_ROM.inst.native_mem_module.blk_mem_gen_v8_4_2_inst is using a behavioral model for simulation which will not precisely model memory collision behavior.
Warning: NUMERIC_STD."=": metavalue detected, returning FALSE
Time: 100 ns  Iteration: 4  Process: /tb/test/rgb2dvi/U0/\DataEncoders(0)\/DataEncoder/line__154  File: C:/Users/mac/Desktop/Mini-HDMI-Interface/HDMI_Demo/HDMI_Demo.ip_user_files/ipstatic/src/TMDS_Encoder.vhd
Warning: NUMERIC_STD."=": metavalue detected, returning FALSE
Time: 100 ns  Iteration: 4  Process: /tb/test/rgb2dvi/U0/\DataEncoders(1)\/DataEncoder/line__154  File: C:/Users/mac/Desktop/Mini-HDMI-Interface/HDMI_Demo/HDMI_Demo.ip_user_files/ipstatic/src/TMDS_Encoder.vhd
Warning: NUMERIC_STD."=": metavalue detected, returning FALSE
Time: 100 ns  Iteration: 4  Process: /tb/test/rgb2dvi/U0/\DataEncoders(2)\/DataEncoder/line__154  File: C:/Users/mac/Desktop/Mini-HDMI-Interface/HDMI_Demo/HDMI_Demo.ip_user_files/ipstatic/src/TMDS_Encoder.vhd
Warning: NUMERIC_STD."=": metavalue detected, returning FALSE
Time: 600 ns  Iteration: 5  Process: /tb/test/rgb2dvi/U0/\DataEncoders(0)\/DataEncoder/line__154  File: C:/Users/mac/Desktop/Mini-HDMI-Interface/HDMI_Demo/HDMI_Demo.ip_user_files/ipstatic/src/TMDS_Encoder.vhd
Warning: NUMERIC_STD."=": metavalue detected, returning FALSE
Time: 600 ns  Iteration: 5  Process: /tb/test/rgb2dvi/U0/\DataEncoders(1)\/DataEncoder/line__154  File: C:/Users/mac/Desktop/Mini-HDMI-Interface/HDMI_Demo/HDMI_Demo.ip_user_files/ipstatic/src/TMDS_Encoder.vhd
Warning: NUMERIC_STD."=": metavalue detected, returning FALSE
Time: 600 ns  Iteration: 5  Process: /tb/test/rgb2dvi/U0/\DataEncoders(2)\/DataEncoder/line__154  File: C:/Users/mac/Desktop/Mini-HDMI-Interface/HDMI_Demo/HDMI_Demo.ip_user_files/ipstatic/src/TMDS_Encoder.vhd
Warning : input CLKIN1 period and attribute CLKIN1_PERIOD on PLLE2_ADV instance tb.test.clk_10.inst.plle2_adv_inst are not same.
Warning: Warning : input CLKIN1 period and attribute CLKIN1_PERIOD are not same.
Time: 1640 ns  Iteration: 19  Process: /tb/test/rgb2dvi/U0/clockgeninternal/ClockGenX/genpll/DVI_ClkGenerator/pchk_p  File: D:\XILINX\vivado\2018.3\data/vhdl/src/unisims/primitive/PLLE2_ADV.vhd
 Block Memory Generator module loading initial data...
 Block Memory Generator data initialization complete.
Block Memory Generator module tb.test.Video_Generator0.R_ROM.inst.native_mem_module.blk_mem_gen_v8_4_2_inst is using a behavioral model for simulation which will not precisely model memory collision behavior.
 Block Memory Generator module loading initial data...
 Block Memory Generator data initialization complete.
Block Memory Generator module tb.test.Video_Generator0.G_ROM.inst.native_mem_module.blk_mem_gen_v8_4_2_inst is using a behavioral model for simulation which will not precisely model memory collision behavior.
 Block Memory Generator module loading initial data...
 Block Memory Generator data initialization complete.
Block Memory Generator module tb.test.Video_Generator0.B_ROM.inst.native_mem_module.blk_mem_gen_v8_4_2_inst is using a behavioral model for simulation which will not precisely model memory collision behavior.
Warning: NUMERIC_STD."=": metavalue detected, returning FALSE
Time: 100 ns  Iteration: 4  Process: /tb/test/rgb2dvi/U0/\DataEncoders(0)\/DataEncoder/line__154  File: C:/Users/mac/Desktop/Mini-HDMI-Interface/HDMI_Demo/HDMI_Demo.ip_user_files/ipstatic/src/TMDS_Encoder.vhd
Warning: NUMERIC_STD."=": metavalue detected, returning FALSE
Time: 100 ns  Iteration: 4  Process: /tb/test/rgb2dvi/U0/\DataEncoders(1)\/DataEncoder/line__154  File: C:/Users/mac/Desktop/Mini-HDMI-Interface/HDMI_Demo/HDMI_Demo.ip_user_files/ipstatic/src/TMDS_Encoder.vhd
Warning: NUMERIC_STD."=": metavalue detected, returning FALSE
Time: 100 ns  Iteration: 4  Process: /tb/test/rgb2dvi/U0/\DataEncoders(2)\/DataEncoder/line__154  File: C:/Users/mac/Desktop/Mini-HDMI-Interface/HDMI_Demo/HDMI_Demo.ip_user_files/ipstatic/src/TMDS_Encoder.vhd
Warning: NUMERIC_STD."=": metavalue detected, returning FALSE
Time: 600 ns  Iteration: 5  Process: /tb/test/rgb2dvi/U0/\DataEncoders(0)\/DataEncoder/line__154  File: C:/Users/mac/Desktop/Mini-HDMI-Interface/HDMI_Demo/HDMI_Demo.ip_user_files/ipstatic/src/TMDS_Encoder.vhd
Warning: NUMERIC_STD."=": metavalue detected, returning FALSE
Time: 600 ns  Iteration: 5  Process: /tb/test/rgb2dvi/U0/\DataEncoders(1)\/DataEncoder/line__154  File: C:/Users/mac/Desktop/Mini-HDMI-Interface/HDMI_Demo/HDMI_Demo.ip_user_files/ipstatic/src/TMDS_Encoder.vhd
Warning: NUMERIC_STD."=": metavalue detected, returning FALSE
Time: 600 ns  Iteration: 5  Process: /tb/test/rgb2dvi/U0/\DataEncoders(2)\/DataEncoder/line__154  File: C:/Users/mac/Desktop/Mini-HDMI-Interface/HDMI_Demo/HDMI_Demo.ip_user_files/ipstatic/src/TMDS_Encoder.vhd
Warning : input CLKIN1 period and attribute CLKIN1_PERIOD on PLLE2_ADV instance tb.test.clk_10.inst.plle2_adv_inst are not same.
Warning: Warning : input CLKIN1 period and attribute CLKIN1_PERIOD are not same.
Time: 1640 ns  Iteration: 19  Process: /tb/test/rgb2dvi/U0/clockgeninternal/ClockGenX/genpll/DVI_ClkGenerator/pchk_p  File: D:\XILINX\vivado\2018.3\data/vhdl/src/unisims/primitive/PLLE2_ADV.vhd
 Block Memory Generator module loading initial data...
 Block Memory Generator data initialization complete.
Block Memory Generator module tb.test.Video_Generator0.R_ROM.inst.native_mem_module.blk_mem_gen_v8_4_2_inst is using a behavioral model for simulation which will not precisely model memory collision behavior.
 Block Memory Generator module loading initial data...
 Block Memory Generator data initialization complete.
Block Memory Generator module tb.test.Video_Generator0.G_ROM.inst.native_mem_module.blk_mem_gen_v8_4_2_inst is using a behavioral model for simulation which will not precisely model memory collision behavior.
 Block Memory Generator module loading initial data...
 Block Memory Generator data initialization complete.
Block Memory Generator module tb.test.Video_Generator0.B_ROM.inst.native_mem_module.blk_mem_gen_v8_4_2_inst is using a behavioral model for simulation which will not precisely model memory collision behavior.
Warning: NUMERIC_STD."=": metavalue detected, returning FALSE
Time: 100 ns  Iteration: 4  Process: /tb/test/rgb2dvi/U0/\DataEncoders(0)\/DataEncoder/line__154  File: C:/Users/mac/Desktop/Mini-HDMI-Interface/HDMI_Demo/HDMI_Demo.ip_user_files/ipstatic/src/TMDS_Encoder.vhd
Warning: NUMERIC_STD."=": metavalue detected, returning FALSE
Time: 100 ns  Iteration: 4  Process: /tb/test/rgb2dvi/U0/\DataEncoders(1)\/DataEncoder/line__154  File: C:/Users/mac/Desktop/Mini-HDMI-Interface/HDMI_Demo/HDMI_Demo.ip_user_files/ipstatic/src/TMDS_Encoder.vhd
Warning: NUMERIC_STD."=": metavalue detected, returning FALSE
Time: 100 ns  Iteration: 4  Process: /tb/test/rgb2dvi/U0/\DataEncoders(2)\/DataEncoder/line__154  File: C:/Users/mac/Desktop/Mini-HDMI-Interface/HDMI_Demo/HDMI_Demo.ip_user_files/ipstatic/src/TMDS_Encoder.vhd
Warning: NUMERIC_STD."=": metavalue detected, returning FALSE
Time: 600 ns  Iteration: 5  Process: /tb/test/rgb2dvi/U0/\DataEncoders(0)\/DataEncoder/line__154  File: C:/Users/mac/Desktop/Mini-HDMI-Interface/HDMI_Demo/HDMI_Demo.ip_user_files/ipstatic/src/TMDS_Encoder.vhd
Warning: NUMERIC_STD."=": metavalue detected, returning FALSE
Time: 600 ns  Iteration: 5  Process: /tb/test/rgb2dvi/U0/\DataEncoders(1)\/DataEncoder/line__154  File: C:/Users/mac/Desktop/Mini-HDMI-Interface/HDMI_Demo/HDMI_Demo.ip_user_files/ipstatic/src/TMDS_Encoder.vhd
Warning: NUMERIC_STD."=": metavalue detected, returning FALSE
Time: 600 ns  Iteration: 5  Process: /tb/test/rgb2dvi/U0/\DataEncoders(2)\/DataEncoder/line__154  File: C:/Users/mac/Desktop/Mini-HDMI-Interface/HDMI_Demo/HDMI_Demo.ip_user_files/ipstatic/src/TMDS_Encoder.vhd
Warning : input CLKIN1 period and attribute CLKIN1_PERIOD on PLLE2_ADV instance tb.test.clk_10.inst.plle2_adv_inst are not same.
Warning: Warning : input CLKIN1 period and attribute CLKIN1_PERIOD are not same.
Time: 1640 ns  Iteration: 19  Process: /tb/test/rgb2dvi/U0/clockgeninternal/ClockGenX/genpll/DVI_ClkGenerator/pchk_p  File: D:\XILINX\vivado\2018.3\data/vhdl/src/unisims/primitive/PLLE2_ADV.vhd
