#-----------------------------------------------------------
# Vivado v2018.3 (64-bit)
# SW Build 2405991 on Thu Dec  6 23:38:27 MST 2018
# IP Build 2404404 on Fri Dec  7 01:43:56 MST 2018
# Start of session at: Thu Jul 30 19:39:26 2020
# Process ID: 11568
# Current directory: D:/Xilinx_summer/count
# Command line: vivado.exe -gui_launcher_event rodinguilauncherevent17012 D:\Xilinx_summer\count\count.xpr
# Log file: D:/Xilinx_summer/count/vivado.log
# Journal file: D:/Xilinx_summer/count\vivado.jou
#-----------------------------------------------------------
start_gui
open_project D:/Xilinx_summer/count/count.xpr
Scanning sources...
Finished scanning sources
INFO: [IP_Flow 19-234] Refreshing IP repositories
INFO: [IP_Flow 19-1704] No user IP repositories specified
INFO: [IP_Flow 19-2313] Loaded Vivado IP repository 'D:/XILINX/vivado/2018.3/data/ip'.
open_project: Time (s): cpu = 00:00:25 ; elapsed = 00:00:15 . Memory (MB): peak = 744.004 ; gain = 139.563
update_compile_order -fileset sources_1
launch_simulation
INFO: [Vivado 12-5682] Launching behavioral simulation in 'D:/Xilinx_summer/count/count.sim/sim_1/behav/xsim'
INFO: [SIM-utils-51] Simulation object is 'sim_1'
INFO: [SIM-utils-54] Inspecting design source files for 'counter10_tb' in fileset 'sim_1'...
INFO: [USF-XSim-97] Finding global include files...
INFO: [USF-XSim-98] Fetching design files from 'sim_1'...
INFO: [USF-XSim-2] XSim::Compile design
INFO: [USF-XSim-61] Executing 'COMPILE and ANALYZE' step in 'D:/Xilinx_summer/count/count.sim/sim_1/behav/xsim'
"xvlog --incr --relax -prj counter10_tb_vlog.prj"
INFO: [VRFC 10-2263] Analyzing Verilog file "D:/Xilinx_summer/count/count.srcs/sources_1/new/count.v" into library xil_defaultlib
INFO: [VRFC 10-311] analyzing module counter10
INFO: [VRFC 10-2263] Analyzing Verilog file "D:/Xilinx_summer/count/count.srcs/sim_1/new/testbench.v" into library xil_defaultlib
INFO: [VRFC 10-311] analyzing module counter10_tb
INFO: [USF-XSim-69] 'compile' step finished in '4' seconds
INFO: [USF-XSim-3] XSim::Elaborate design
INFO: [USF-XSim-61] Executing 'ELABORATE' step in 'D:/Xilinx_summer/count/count.sim/sim_1/behav/xsim'
Vivado Simulator 2018.3
Copyright 1986-1999, 2001-2018 Xilinx, Inc. All Rights Reserved.
Running: D:/XILINX/vivado/2018.3/bin/unwrapped/win64.o/xelab.exe -wto 6910fcf0403e47f88b92b972d4ca0825 --incr --debug typical --relax --mt 2 -L xil_defaultlib -L unisims_ver -L unimacro_ver -L secureip --snapshot counter10_tb_behav xil_defaultlib.counter10_tb xil_defaultlib.glbl -log elaborate.log 
Using 2 slave threads.
Starting static elaboration
Completed static elaboration
Starting simulation data flow analysis
Completed simulation data flow analysis
Time Resolution for simulation is 1ps
Compiling module xil_defaultlib.counter10
Compiling module xil_defaultlib.counter10_tb
Compiling module xil_defaultlib.glbl
Built simulation snapshot counter10_tb_behav
INFO: [USF-XSim-69] 'elaborate' step finished in '3' seconds
INFO: [USF-XSim-4] XSim::Simulate design
INFO: [USF-XSim-61] Executing 'SIMULATE' step in 'D:/Xilinx_summer/count/count.sim/sim_1/behav/xsim'
INFO: [USF-XSim-98] *** Running xsim
   with args "counter10_tb_behav -key {Behavioral:sim_1:Functional:counter10_tb} -tclbatch {counter10_tb.tcl} -log {simulate.log}"
INFO: [USF-XSim-8] Loading simulator feature
Vivado Simulator 2018.3
Time resolution is 1 ps
source counter10_tb.tcl
# set curr_wave [current_wave_config]
# if { [string length $curr_wave] == 0 } {
#   if { [llength [get_objects]] > 0} {
#     add_wave /
#     set_property needs_save false [current_wave_config]
#   } else {
#      send_msg_id Add_Wave-1 WARNING "No top level signals found. Simulator will start without a wave window. If you want to open a wave window go to 'File->New Waveform Configuration' or type 'create_wave_config' in the TCL console."
#   }
# }
# run 1000ns
xsim: Time (s): cpu = 00:00:10 ; elapsed = 00:00:05 . Memory (MB): peak = 827.250 ; gain = 13.262
INFO: [USF-XSim-96] XSim completed. Design snapshot 'counter10_tb_behav' loaded.
INFO: [USF-XSim-97] XSim simulation ran for 1000ns
launch_simulation: Time (s): cpu = 00:00:16 ; elapsed = 00:00:14 . Memory (MB): peak = 827.250 ; gain = 13.262
restart
INFO: [Simtcl 6-17] Simulation restarted
run all
close_sim
INFO: [Simtcl 6-16] Simulation closed
launch_simulation
INFO: [Vivado 12-5682] Launching behavioral simulation in 'D:/Xilinx_summer/count/count.sim/sim_1/behav/xsim'
INFO: [SIM-utils-51] Simulation object is 'sim_1'
INFO: [SIM-utils-54] Inspecting design source files for 'counter10_tb' in fileset 'sim_1'...
INFO: [USF-XSim-97] Finding global include files...
INFO: [USF-XSim-98] Fetching design files from 'sim_1'...
INFO: [USF-XSim-2] XSim::Compile design
INFO: [USF-XSim-61] Executing 'COMPILE and ANALYZE' step in 'D:/Xilinx_summer/count/count.sim/sim_1/behav/xsim'
"xvlog --incr --relax -prj counter10_tb_vlog.prj"
INFO: [VRFC 10-2263] Analyzing Verilog file "D:/Xilinx_summer/count/count.srcs/sources_1/new/count.v" into library xil_defaultlib
INFO: [VRFC 10-311] analyzing module counter10
INFO: [VRFC 10-2263] Analyzing Verilog file "D:/Xilinx_summer/count/count.srcs/sim_1/new/testbench.v" into library xil_defaultlib
INFO: [VRFC 10-311] analyzing module counter10_tb
INFO: [USF-XSim-69] 'compile' step finished in '2' seconds
INFO: [USF-XSim-3] XSim::Elaborate design
INFO: [USF-XSim-61] Executing 'ELABORATE' step in 'D:/Xilinx_summer/count/count.sim/sim_1/behav/xsim'
Vivado Simulator 2018.3
Copyright 1986-1999, 2001-2018 Xilinx, Inc. All Rights Reserved.
Running: D:/XILINX/vivado/2018.3/bin/unwrapped/win64.o/xelab.exe -wto 6910fcf0403e47f88b92b972d4ca0825 --incr --debug typical --relax --mt 2 -L xil_defaultlib -L unisims_ver -L unimacro_ver -L secureip --snapshot counter10_tb_behav xil_defaultlib.counter10_tb xil_defaultlib.glbl -log elaborate.log 
Using 2 slave threads.
Starting static elaboration
Completed static elaboration
Starting simulation data flow analysis
Completed simulation data flow analysis
Time Resolution for simulation is 1ps
Compiling module xil_defaultlib.counter10
Compiling module xil_defaultlib.counter10_tb
Compiling module xil_defaultlib.glbl
Built simulation snapshot counter10_tb_behav
INFO: [USF-XSim-69] 'elaborate' step finished in '2' seconds
INFO: [USF-XSim-4] XSim::Simulate design
INFO: [USF-XSim-61] Executing 'SIMULATE' step in 'D:/Xilinx_summer/count/count.sim/sim_1/behav/xsim'
INFO: [USF-XSim-98] *** Running xsim
   with args "counter10_tb_behav -key {Behavioral:sim_1:Functional:counter10_tb} -tclbatch {counter10_tb.tcl} -log {simulate.log}"
INFO: [USF-XSim-8] Loading simulator feature
Vivado Simulator 2018.3
Time resolution is 1 ps
source counter10_tb.tcl
# set curr_wave [current_wave_config]
# if { [string length $curr_wave] == 0 } {
#   if { [llength [get_objects]] > 0} {
#     add_wave /
#     set_property needs_save false [current_wave_config]
#   } else {
#      send_msg_id Add_Wave-1 WARNING "No top level signals found. Simulator will start without a wave window. If you want to open a wave window go to 'File->New Waveform Configuration' or type 'create_wave_config' in the TCL console."
#   }
# }
# run 1000ns
INFO: [USF-XSim-96] XSim completed. Design snapshot 'counter10_tb_behav' loaded.
INFO: [USF-XSim-97] XSim simulation ran for 1000ns
launch_simulation: Time (s): cpu = 00:00:06 ; elapsed = 00:00:09 . Memory (MB): peak = 838.051 ; gain = 0.000
restart
INFO: [Simtcl 6-17] Simulation restarted
run all
launch_runs synth_1 -jobs 2
[Thu Jul 30 19:47:09 2020] Launched synth_1...
Run output will be captured here: D:/Xilinx_summer/count/count.runs/synth_1/runme.log
close_sim
INFO: [Simtcl 6-16] Simulation closed
launch_simulation
INFO: [Vivado 12-5682] Launching behavioral simulation in 'D:/Xilinx_summer/count/count.sim/sim_1/behav/xsim'
INFO: [SIM-utils-51] Simulation object is 'sim_1'
INFO: [SIM-utils-54] Inspecting design source files for 'counter10_tb' in fileset 'sim_1'...
INFO: [USF-XSim-97] Finding global include files...
INFO: [USF-XSim-98] Fetching design files from 'sim_1'...
INFO: [USF-XSim-2] XSim::Compile design
INFO: [USF-XSim-61] Executing 'COMPILE and ANALYZE' step in 'D:/Xilinx_summer/count/count.sim/sim_1/behav/xsim'
"xvlog --incr --relax -prj counter10_tb_vlog.prj"
INFO: [VRFC 10-2263] Analyzing Verilog file "D:/Xilinx_summer/count/count.srcs/sources_1/new/count.v" into library xil_defaultlib
INFO: [VRFC 10-311] analyzing module counter10
INFO: [VRFC 10-2263] Analyzing Verilog file "D:/Xilinx_summer/count/count.srcs/sim_1/new/testbench.v" into library xil_defaultlib
INFO: [VRFC 10-311] analyzing module counter10_tb
INFO: [USF-XSim-69] 'compile' step finished in '3' seconds
INFO: [USF-XSim-3] XSim::Elaborate design
INFO: [USF-XSim-61] Executing 'ELABORATE' step in 'D:/Xilinx_summer/count/count.sim/sim_1/behav/xsim'
Vivado Simulator 2018.3
Copyright 1986-1999, 2001-2018 Xilinx, Inc. All Rights Reserved.
Running: D:/XILINX/vivado/2018.3/bin/unwrapped/win64.o/xelab.exe -wto 6910fcf0403e47f88b92b972d4ca0825 --incr --debug typical --relax --mt 2 -L xil_defaultlib -L unisims_ver -L unimacro_ver -L secureip --snapshot counter10_tb_behav xil_defaultlib.counter10_tb xil_defaultlib.glbl -log elaborate.log 
Using 2 slave threads.
Starting static elaboration
Completed static elaboration
Starting simulation data flow analysis
Completed simulation data flow analysis
Time Resolution for simulation is 1ps
Compiling module xil_defaultlib.counter10
Compiling module xil_defaultlib.counter10_tb
Compiling module xil_defaultlib.glbl
Built simulation snapshot counter10_tb_behav
INFO: [USF-XSim-69] 'elaborate' step finished in '4' seconds
INFO: [USF-XSim-4] XSim::Simulate design
INFO: [USF-XSim-61] Executing 'SIMULATE' step in 'D:/Xilinx_summer/count/count.sim/sim_1/behav/xsim'
INFO: [USF-XSim-98] *** Running xsim
   with args "counter10_tb_behav -key {Behavioral:sim_1:Functional:counter10_tb} -tclbatch {counter10_tb.tcl} -log {simulate.log}"
INFO: [USF-XSim-8] Loading simulator feature
Vivado Simulator 2018.3
Time resolution is 1 ps
source counter10_tb.tcl
# set curr_wave [current_wave_config]
# if { [string length $curr_wave] == 0 } {
#   if { [llength [get_objects]] > 0} {
#     add_wave /
#     set_property needs_save false [current_wave_config]
#   } else {
#      send_msg_id Add_Wave-1 WARNING "No top level signals found. Simulator will start without a wave window. If you want to open a wave window go to 'File->New Waveform Configuration' or type 'create_wave_config' in the TCL console."
#   }
# }
# run 1000ns
INFO: [USF-XSim-96] XSim completed. Design snapshot 'counter10_tb_behav' loaded.
INFO: [USF-XSim-97] XSim simulation ran for 1000ns
launch_simulation: Time (s): cpu = 00:00:06 ; elapsed = 00:00:11 . Memory (MB): peak = 853.844 ; gain = 0.000
restart
INFO: [Simtcl 6-17] Simulation restarted
run all
reset_run synth_1
WARNING: [Vivado 12-1017] Problems encountered:
1. Failed to delete one or more files in run directory D:/Xilinx_summer/count/count.runs/synth_1

launch_runs synth_1 -jobs 2
[Thu Jul 30 19:50:55 2020] Launched synth_1...
Run output will be captured here: D:/Xilinx_summer/count/count.runs/synth_1/runme.log
ipx::package_project -root_dir D:/SEA-master/Examples/FPGA-IP -vendor xilinx.com -library user -taxonomy /UserIP -import_files -set_current false
INFO: [IP_Flow 19-5107] Inferred bus interface 'rst_n' of definition 'xilinx.com:signal:reset:1.0' (from Xilinx Repository).
INFO: [IP_Flow 19-5107] Inferred bus interface 'clk' of definition 'xilinx.com:signal:clock:1.0' (from Xilinx Repository).
INFO: [IP_Flow 19-4728] Bus Interface 'rst_n': Added interface parameter 'POLARITY' with value 'ACTIVE_LOW'.
WARNING: [IP_Flow 19-3153] Bus Interface 'clk': ASSOCIATED_BUSIF bus parameter is missing.
INFO: [IP_Flow 19-2181] Payment Required is not set for this core.
INFO: [IP_Flow 19-2187] The Product Guide file is missing.
ipx::unload_core d:/SEA-master/Examples/FPGA-IP/component.xml
ipx::edit_ip_in_project -upgrade true -name tmp_edit_project -directory D:/SEA-master/Examples/FPGA-IP d:/SEA-master/Examples/FPGA-IP/component.xml
INFO: [IP_Flow 19-234] Refreshing IP repositories
INFO: [IP_Flow 19-1704] No user IP repositories specified
INFO: [IP_Flow 19-2313] Loaded Vivado IP repository 'D:/XILINX/vivado/2018.3/data/ip'.
create_project: Time (s): cpu = 00:00:12 ; elapsed = 00:00:09 . Memory (MB): peak = 881.879 ; gain = 28.035
INFO: [IP_Flow 19-795] Syncing license key meta-data
WARNING: [filemgmt 56-99] Vivado Synthesis ignores library specification for Verilog or SystemVerilog files. [d:/SEA-master/Examples/FPGA-IP/src/count.v:]
WARNING: [filemgmt 56-99] Vivado Synthesis ignores library specification for Verilog or SystemVerilog files. [d:/SEA-master/Examples/FPGA-IP/src/testbench.v:]
ipx::edit_ip_in_project: Time (s): cpu = 00:00:17 ; elapsed = 00:00:12 . Memory (MB): peak = 909.008 ; gain = 55.164
update_compile_order -fileset sources_1
set_property core_revision 2 [ipx::current_core]
ipx::update_source_project_archive -component [ipx::current_core]
ipx::create_xgui_files [ipx::current_core]
ipx::update_checksums [ipx::current_core]
ipx::save_core [ipx::current_core]
current_project count
current_project tmp_edit_project
set_property  ip_repo_paths  D:/SEA-master/Examples/FPGA-IP/Counter10-IP [current_project]
update_ip_catalog
INFO: [IP_Flow 19-234] Refreshing IP repositories
INFO: [IP_Flow 19-1700] Loaded user IP repository 'd:/SEA-master/Examples/FPGA-IP/Counter10-IP'.
