#-----------------------------------------------------------
# Vivado v2018.3 (64-bit)
# SW Build 2405991 on Thu Dec  6 23:38:27 MST 2018
# IP Build 2404404 on Fri Dec  7 01:43:56 MST 2018
# Start of session at: Thu Jul 30 08:42:32 2020
# Process ID: 9884
# Current directory: C:/Users/mac/Desktop/Mini-HDMI-Interface/HDMI_Demo
# Command line: vivado.exe -gui_launcher_event rodinguilauncherevent8340 C:\Users\mac\Desktop\Mini-HDMI-Interface\HDMI_Demo\HDMI_Demo.xpr
# Log file: C:/Users/mac/Desktop/Mini-HDMI-Interface/HDMI_Demo/vivado.log
# Journal file: C:/Users/mac/Desktop/Mini-HDMI-Interface/HDMI_Demo\vivado.jou
#-----------------------------------------------------------
start_gui
open_project C:/Users/mac/Desktop/Mini-HDMI-Interface/HDMI_Demo/HDMI_Demo.xpr
Scanning sources...
Finished scanning sources
WARNING: [filemgmt 56-3] IP Repository Path: Could not find the directory 'C:/Users/mac/IP_Core/HDMI-IP/IP/RGB2DVI_IP'.
INFO: [IP_Flow 19-234] Refreshing IP repositories
WARNING: [IP_Flow 19-2248] Failed to load user IP repository 'c:/Users/mac/IP_Core/HDMI-IP/IP/RGB2DVI_IP'; Can't find the specified path.
If this directory should no longer be in your list of user repositories, go to the IP Settings dialog and remove it.
INFO: [IP_Flow 19-1700] Loaded user IP repository 'd:/SEA-master/Examples/FPGA-IP/Mini-HDMI-IP'.
INFO: [IP_Flow 19-1700] Loaded user IP repository 'd:/SEA-master/Examples/FPGA-IP/Image-Process-IP'.
INFO: [IP_Flow 19-2313] Loaded Vivado IP repository 'D:/XILINX/vivado/2018.3/data/ip'.
open_project: Time (s): cpu = 00:00:34 ; elapsed = 00:00:37 . Memory (MB): peak = 770.242 ; gain = 193.180
update_compile_order -fileset sources_1
INFO: [Device 21-403] Loading part xc7s15ftgb196-1
WARNING: [IP_Flow 19-4067] Ignoring invalid widget type specified checkbox.Providing a default widget
WARNING: [IP_Flow 19-4067] Ignoring invalid widget type specified checkbox.Providing a default widget
INFO: [IP_Flow 19-3484] Absolute path of file 'c:/Users/mac/Desktop/Mini-HDMI-Interface/Matlab_Demo/5_Picture_R_Rom.coe' provided. It will be converted relative to IP Instance files '../../../../../Matlab_Demo/5_Picture_R_Rom.coe'
set_property -dict [list CONFIG.Write_Depth_A {40000} CONFIG.Coe_File {C:/Users/mac/Desktop/Mini-HDMI-Interface/Matlab_Demo/5_Picture_R_Rom.coe}] [get_ips Picture_R_Rom]
INFO: [IP_Flow 19-3484] Absolute path of file 'c:/Users/mac/Desktop/Mini-HDMI-Interface/Matlab_Demo/5_Picture_R_Rom.coe' provided. It will be converted relative to IP Instance files '../../../../../Matlab_Demo/5_Picture_R_Rom.coe'
generate_target all [get_files  C:/Users/mac/Desktop/Mini-HDMI-Interface/HDMI_Demo/HDMI_Demo.srcs/sources_1/ip/Picture_R_Rom_1/Picture_R_Rom.xci]
INFO: [IP_Flow 19-1686] Generating 'Instantiation Template' target for IP 'Picture_R_Rom'...
INFO: [IP_Flow 19-1686] Generating 'Synthesis' target for IP 'Picture_R_Rom'...
INFO: [IP_Flow 19-1686] Generating 'Simulation' target for IP 'Picture_R_Rom'...
INFO: [IP_Flow 19-1686] Generating 'Miscellaneous' target for IP 'Picture_R_Rom'...
INFO: [IP_Flow 19-1686] Generating 'Change Log' target for IP 'Picture_R_Rom'...
generate_target: Time (s): cpu = 00:00:15 ; elapsed = 00:00:15 . Memory (MB): peak = 1104.184 ; gain = 0.000
catch { config_ip_cache -export [get_ips -all Picture_R_Rom] }
export_ip_user_files -of_objects [get_files C:/Users/mac/Desktop/Mini-HDMI-Interface/HDMI_Demo/HDMI_Demo.srcs/sources_1/ip/Picture_R_Rom_1/Picture_R_Rom.xci] -no_script -sync -force -quiet
reset_run Picture_R_Rom_synth_1
launch_runs -jobs 2 Picture_R_Rom_synth_1
[Thu Jul 30 08:52:37 2020] Launched Picture_R_Rom_synth_1...
Run output will be captured here: C:/Users/mac/Desktop/Mini-HDMI-Interface/HDMI_Demo/HDMI_Demo.runs/Picture_R_Rom_synth_1/runme.log
export_simulation -of_objects [get_files C:/Users/mac/Desktop/Mini-HDMI-Interface/HDMI_Demo/HDMI_Demo.srcs/sources_1/ip/Picture_R_Rom_1/Picture_R_Rom.xci] -directory C:/Users/mac/Desktop/Mini-HDMI-Interface/HDMI_Demo/HDMI_Demo.ip_user_files/sim_scripts -ip_user_files_dir C:/Users/mac/Desktop/Mini-HDMI-Interface/HDMI_Demo/HDMI_Demo.ip_user_files -ipstatic_source_dir C:/Users/mac/Desktop/Mini-HDMI-Interface/HDMI_Demo/HDMI_Demo.ip_user_files/ipstatic -lib_map_path [list {modelsim=C:/Users/mac/Desktop/Mini-HDMI-Interface/HDMI_Demo/HDMI_Demo.cache/compile_simlib/modelsim} {questa=C:/Users/mac/Desktop/Mini-HDMI-Interface/HDMI_Demo/HDMI_Demo.cache/compile_simlib/questa} {riviera=C:/Users/mac/Desktop/Mini-HDMI-Interface/HDMI_Demo/HDMI_Demo.cache/compile_simlib/riviera} {activehdl=C:/Users/mac/Desktop/Mini-HDMI-Interface/HDMI_Demo/HDMI_Demo.cache/compile_simlib/activehdl}] -use_ip_compiled_libs -force -quiet
WARNING: [IP_Flow 19-4067] Ignoring invalid widget type specified checkbox.Providing a default widget
WARNING: [IP_Flow 19-4067] Ignoring invalid widget type specified checkbox.Providing a default widget
INFO: [IP_Flow 19-3484] Absolute path of file 'c:/Users/mac/Desktop/Mini-HDMI-Interface/Matlab_Demo/5_Picture_G_Rom.coe' provided. It will be converted relative to IP Instance files '../../../../../Matlab_Demo/5_Picture_G_Rom.coe'
set_property -dict [list CONFIG.Write_Depth_A {40000} CONFIG.Coe_File {C:/Users/mac/Desktop/Mini-HDMI-Interface/Matlab_Demo/5_Picture_G_Rom.coe}] [get_ips Picture_G_Rom]
INFO: [IP_Flow 19-3484] Absolute path of file 'c:/Users/mac/Desktop/Mini-HDMI-Interface/Matlab_Demo/5_Picture_G_Rom.coe' provided. It will be converted relative to IP Instance files '../../../../../Matlab_Demo/5_Picture_G_Rom.coe'
generate_target all [get_files  C:/Users/mac/Desktop/Mini-HDMI-Interface/HDMI_Demo/HDMI_Demo.srcs/sources_1/ip/Picture_G_Rom_1/Picture_G_Rom.xci]
INFO: [IP_Flow 19-1686] Generating 'Instantiation Template' target for IP 'Picture_G_Rom'...
INFO: [IP_Flow 19-1686] Generating 'Synthesis' target for IP 'Picture_G_Rom'...
INFO: [IP_Flow 19-1686] Generating 'Simulation' target for IP 'Picture_G_Rom'...
INFO: [IP_Flow 19-1686] Generating 'Miscellaneous' target for IP 'Picture_G_Rom'...
INFO: [IP_Flow 19-1686] Generating 'Change Log' target for IP 'Picture_G_Rom'...
generate_target: Time (s): cpu = 00:00:18 ; elapsed = 00:00:20 . Memory (MB): peak = 1104.184 ; gain = 0.000
catch { config_ip_cache -export [get_ips -all Picture_G_Rom] }
export_ip_user_files -of_objects [get_files C:/Users/mac/Desktop/Mini-HDMI-Interface/HDMI_Demo/HDMI_Demo.srcs/sources_1/ip/Picture_G_Rom_1/Picture_G_Rom.xci] -no_script -sync -force -quiet
reset_run Picture_G_Rom_synth_1
WARNING: [Vivado 12-1017] Problems encountered:
1. Failed to delete one or more files in run directory C:/Users/mac/Desktop/Mini-HDMI-Interface/HDMI_Demo/HDMI_Demo.runs/Picture_G_Rom_synth_1

launch_runs -jobs 2 Picture_G_Rom_synth_1
[Thu Jul 30 08:55:59 2020] Launched Picture_G_Rom_synth_1...
Run output will be captured here: C:/Users/mac/Desktop/Mini-HDMI-Interface/HDMI_Demo/HDMI_Demo.runs/Picture_G_Rom_synth_1/runme.log
export_simulation -of_objects [get_files C:/Users/mac/Desktop/Mini-HDMI-Interface/HDMI_Demo/HDMI_Demo.srcs/sources_1/ip/Picture_G_Rom_1/Picture_G_Rom.xci] -directory C:/Users/mac/Desktop/Mini-HDMI-Interface/HDMI_Demo/HDMI_Demo.ip_user_files/sim_scripts -ip_user_files_dir C:/Users/mac/Desktop/Mini-HDMI-Interface/HDMI_Demo/HDMI_Demo.ip_user_files -ipstatic_source_dir C:/Users/mac/Desktop/Mini-HDMI-Interface/HDMI_Demo/HDMI_Demo.ip_user_files/ipstatic -lib_map_path [list {modelsim=C:/Users/mac/Desktop/Mini-HDMI-Interface/HDMI_Demo/HDMI_Demo.cache/compile_simlib/modelsim} {questa=C:/Users/mac/Desktop/Mini-HDMI-Interface/HDMI_Demo/HDMI_Demo.cache/compile_simlib/questa} {riviera=C:/Users/mac/Desktop/Mini-HDMI-Interface/HDMI_Demo/HDMI_Demo.cache/compile_simlib/riviera} {activehdl=C:/Users/mac/Desktop/Mini-HDMI-Interface/HDMI_Demo/HDMI_Demo.cache/compile_simlib/activehdl}] -use_ip_compiled_libs -force -quiet
WARNING: [IP_Flow 19-4067] Ignoring invalid widget type specified checkbox.Providing a default widget
WARNING: [IP_Flow 19-4067] Ignoring invalid widget type specified checkbox.Providing a default widget
INFO: [IP_Flow 19-3484] Absolute path of file 'c:/Users/mac/Desktop/Mini-HDMI-Interface/Matlab_Demo/5_Picture_B_Rom.coe' provided. It will be converted relative to IP Instance files '../../../../../Matlab_Demo/5_Picture_B_Rom.coe'
set_property -dict [list CONFIG.Write_Depth_A {40000} CONFIG.Coe_File {C:/Users/mac/Desktop/Mini-HDMI-Interface/Matlab_Demo/5_Picture_B_Rom.coe}] [get_ips Picture_B_Rom]
INFO: [IP_Flow 19-3484] Absolute path of file 'c:/Users/mac/Desktop/Mini-HDMI-Interface/Matlab_Demo/5_Picture_B_Rom.coe' provided. It will be converted relative to IP Instance files '../../../../../Matlab_Demo/5_Picture_B_Rom.coe'
generate_target all [get_files  C:/Users/mac/Desktop/Mini-HDMI-Interface/HDMI_Demo/HDMI_Demo.srcs/sources_1/ip/Picture_B_Rom_1/Picture_B_Rom.xci]
INFO: [IP_Flow 19-1686] Generating 'Instantiation Template' target for IP 'Picture_B_Rom'...
INFO: [IP_Flow 19-1686] Generating 'Synthesis' target for IP 'Picture_B_Rom'...
INFO: [IP_Flow 19-1686] Generating 'Simulation' target for IP 'Picture_B_Rom'...
INFO: [IP_Flow 19-1686] Generating 'Miscellaneous' target for IP 'Picture_B_Rom'...
INFO: [IP_Flow 19-1686] Generating 'Change Log' target for IP 'Picture_B_Rom'...
generate_target: Time (s): cpu = 00:00:17 ; elapsed = 00:00:18 . Memory (MB): peak = 1104.184 ; gain = 0.000
catch { config_ip_cache -export [get_ips -all Picture_B_Rom] }
export_ip_user_files -of_objects [get_files C:/Users/mac/Desktop/Mini-HDMI-Interface/HDMI_Demo/HDMI_Demo.srcs/sources_1/ip/Picture_B_Rom_1/Picture_B_Rom.xci] -no_script -sync -force -quiet
reset_run Picture_B_Rom_synth_1
WARNING: [Vivado 12-1017] Problems encountered:
1. Failed to delete one or more files in run directory C:/Users/mac/Desktop/Mini-HDMI-Interface/HDMI_Demo/HDMI_Demo.runs/Picture_B_Rom_synth_1

launch_runs -jobs 2 Picture_B_Rom_synth_1
[Thu Jul 30 08:58:32 2020] Launched Picture_B_Rom_synth_1...
Run output will be captured here: C:/Users/mac/Desktop/Mini-HDMI-Interface/HDMI_Demo/HDMI_Demo.runs/Picture_B_Rom_synth_1/runme.log
export_simulation -of_objects [get_files C:/Users/mac/Desktop/Mini-HDMI-Interface/HDMI_Demo/HDMI_Demo.srcs/sources_1/ip/Picture_B_Rom_1/Picture_B_Rom.xci] -directory C:/Users/mac/Desktop/Mini-HDMI-Interface/HDMI_Demo/HDMI_Demo.ip_user_files/sim_scripts -ip_user_files_dir C:/Users/mac/Desktop/Mini-HDMI-Interface/HDMI_Demo/HDMI_Demo.ip_user_files -ipstatic_source_dir C:/Users/mac/Desktop/Mini-HDMI-Interface/HDMI_Demo/HDMI_Demo.ip_user_files/ipstatic -lib_map_path [list {modelsim=C:/Users/mac/Desktop/Mini-HDMI-Interface/HDMI_Demo/HDMI_Demo.cache/compile_simlib/modelsim} {questa=C:/Users/mac/Desktop/Mini-HDMI-Interface/HDMI_Demo/HDMI_Demo.cache/compile_simlib/questa} {riviera=C:/Users/mac/Desktop/Mini-HDMI-Interface/HDMI_Demo/HDMI_Demo.cache/compile_simlib/riviera} {activehdl=C:/Users/mac/Desktop/Mini-HDMI-Interface/HDMI_Demo/HDMI_Demo.cache/compile_simlib/activehdl}] -use_ip_compiled_libs -force -quiet
reset_run synth_1
WARNING: [Vivado 12-1017] Problems encountered:
1. Failed to delete one or more files in run directory C:/Users/mac/Desktop/Mini-HDMI-Interface/HDMI_Demo/HDMI_Demo.runs/synth_1

launch_runs impl_1 -to_step write_bitstream -jobs 2
[Thu Jul 30 09:02:51 2020] Launched synth_1...
Run output will be captured here: C:/Users/mac/Desktop/Mini-HDMI-Interface/HDMI_Demo/HDMI_Demo.runs/synth_1/runme.log
[Thu Jul 30 09:02:51 2020] Launched impl_1...
Run output will be captured here: C:/Users/mac/Desktop/Mini-HDMI-Interface/HDMI_Demo/HDMI_Demo.runs/impl_1/runme.log
reset_run synth_1
launch_runs synth_1 -jobs 2
[Thu Jul 30 09:06:25 2020] Launched synth_1...
Run output will be captured here: C:/Users/mac/Desktop/Mini-HDMI-Interface/HDMI_Demo/HDMI_Demo.runs/synth_1/runme.log
launch_runs impl_1 -to_step write_bitstream -jobs 2
[Thu Jul 30 09:08:04 2020] Launched impl_1...
Run output will be captured here: C:/Users/mac/Desktop/Mini-HDMI-Interface/HDMI_Demo/HDMI_Demo.runs/impl_1/runme.log
WARNING: [IP_Flow 19-4067] Ignoring invalid widget type specified checkbox.Providing a default widget
WARNING: [IP_Flow 19-4067] Ignoring invalid widget type specified checkbox.Providing a default widget
INFO: [IP_Flow 19-3484] Absolute path of file 'c:/Users/mac/Desktop/Mini-HDMI-Interface/Matlab_Demo/0_Picture_R_Rom.coe' provided. It will be converted relative to IP Instance files '../../../../../Matlab_Demo/0_Picture_R_Rom.coe'
set_property -dict [list CONFIG.Write_Depth_A {10000} CONFIG.Coe_File {C:/Users/mac/Desktop/Mini-HDMI-Interface/Matlab_Demo/0_Picture_R_Rom.coe}] [get_ips Picture_R_Rom]
INFO: [IP_Flow 19-3484] Absolute path of file 'c:/Users/mac/Desktop/Mini-HDMI-Interface/Matlab_Demo/0_Picture_R_Rom.coe' provided. It will be converted relative to IP Instance files '../../../../../Matlab_Demo/0_Picture_R_Rom.coe'
generate_target all [get_files  C:/Users/mac/Desktop/Mini-HDMI-Interface/HDMI_Demo/HDMI_Demo.srcs/sources_1/ip/Picture_R_Rom_1/Picture_R_Rom.xci]
INFO: [IP_Flow 19-1686] Generating 'Instantiation Template' target for IP 'Picture_R_Rom'...
INFO: [IP_Flow 19-1686] Generating 'Synthesis' target for IP 'Picture_R_Rom'...
INFO: [IP_Flow 19-1686] Generating 'Simulation' target for IP 'Picture_R_Rom'...
INFO: [IP_Flow 19-1686] Generating 'Miscellaneous' target for IP 'Picture_R_Rom'...
INFO: [IP_Flow 19-1686] Generating 'Change Log' target for IP 'Picture_R_Rom'...
generate_target: Time (s): cpu = 00:00:10 ; elapsed = 00:00:10 . Memory (MB): peak = 1173.219 ; gain = 0.000
catch { config_ip_cache -export [get_ips -all Picture_R_Rom] }
export_ip_user_files -of_objects [get_files C:/Users/mac/Desktop/Mini-HDMI-Interface/HDMI_Demo/HDMI_Demo.srcs/sources_1/ip/Picture_R_Rom_1/Picture_R_Rom.xci] -no_script -sync -force -quiet
reset_run Picture_R_Rom_synth_1
launch_runs -jobs 2 Picture_R_Rom_synth_1
[Thu Jul 30 09:14:35 2020] Launched Picture_R_Rom_synth_1...
Run output will be captured here: C:/Users/mac/Desktop/Mini-HDMI-Interface/HDMI_Demo/HDMI_Demo.runs/Picture_R_Rom_synth_1/runme.log
export_simulation -of_objects [get_files C:/Users/mac/Desktop/Mini-HDMI-Interface/HDMI_Demo/HDMI_Demo.srcs/sources_1/ip/Picture_R_Rom_1/Picture_R_Rom.xci] -directory C:/Users/mac/Desktop/Mini-HDMI-Interface/HDMI_Demo/HDMI_Demo.ip_user_files/sim_scripts -ip_user_files_dir C:/Users/mac/Desktop/Mini-HDMI-Interface/HDMI_Demo/HDMI_Demo.ip_user_files -ipstatic_source_dir C:/Users/mac/Desktop/Mini-HDMI-Interface/HDMI_Demo/HDMI_Demo.ip_user_files/ipstatic -lib_map_path [list {modelsim=C:/Users/mac/Desktop/Mini-HDMI-Interface/HDMI_Demo/HDMI_Demo.cache/compile_simlib/modelsim} {questa=C:/Users/mac/Desktop/Mini-HDMI-Interface/HDMI_Demo/HDMI_Demo.cache/compile_simlib/questa} {riviera=C:/Users/mac/Desktop/Mini-HDMI-Interface/HDMI_Demo/HDMI_Demo.cache/compile_simlib/riviera} {activehdl=C:/Users/mac/Desktop/Mini-HDMI-Interface/HDMI_Demo/HDMI_Demo.cache/compile_simlib/activehdl}] -use_ip_compiled_libs -force -quiet
WARNING: [IP_Flow 19-4067] Ignoring invalid widget type specified checkbox.Providing a default widget
WARNING: [IP_Flow 19-4067] Ignoring invalid widget type specified checkbox.Providing a default widget
INFO: [IP_Flow 19-3484] Absolute path of file 'c:/Users/mac/Desktop/Mini-HDMI-Interface/Matlab_Demo/0_Picture_G_Rom.coe' provided. It will be converted relative to IP Instance files '../../../../../Matlab_Demo/0_Picture_G_Rom.coe'
set_property -dict [list CONFIG.Write_Depth_A {10000} CONFIG.Coe_File {C:/Users/mac/Desktop/Mini-HDMI-Interface/Matlab_Demo/0_Picture_G_Rom.coe}] [get_ips Picture_G_Rom]
INFO: [IP_Flow 19-3484] Absolute path of file 'c:/Users/mac/Desktop/Mini-HDMI-Interface/Matlab_Demo/0_Picture_G_Rom.coe' provided. It will be converted relative to IP Instance files '../../../../../Matlab_Demo/0_Picture_G_Rom.coe'
generate_target all [get_files  C:/Users/mac/Desktop/Mini-HDMI-Interface/HDMI_Demo/HDMI_Demo.srcs/sources_1/ip/Picture_G_Rom_1/Picture_G_Rom.xci]
INFO: [IP_Flow 19-1686] Generating 'Instantiation Template' target for IP 'Picture_G_Rom'...
INFO: [IP_Flow 19-1686] Generating 'Synthesis' target for IP 'Picture_G_Rom'...
INFO: [IP_Flow 19-1686] Generating 'Simulation' target for IP 'Picture_G_Rom'...
INFO: [IP_Flow 19-1686] Generating 'Miscellaneous' target for IP 'Picture_G_Rom'...
INFO: [IP_Flow 19-1686] Generating 'Change Log' target for IP 'Picture_G_Rom'...
generate_target: Time (s): cpu = 00:00:14 ; elapsed = 00:00:15 . Memory (MB): peak = 1173.219 ; gain = 0.000
catch { config_ip_cache -export [get_ips -all Picture_G_Rom] }
export_ip_user_files -of_objects [get_files C:/Users/mac/Desktop/Mini-HDMI-Interface/HDMI_Demo/HDMI_Demo.srcs/sources_1/ip/Picture_G_Rom_1/Picture_G_Rom.xci] -no_script -sync -force -quiet
reset_run Picture_G_Rom_synth_1
WARNING: [Vivado 12-1017] Problems encountered:
1. Failed to delete one or more files in run directory C:/Users/mac/Desktop/Mini-HDMI-Interface/HDMI_Demo/HDMI_Demo.runs/Picture_G_Rom_synth_1

launch_runs -jobs 2 Picture_G_Rom_synth_1
[Thu Jul 30 09:16:05 2020] Launched Picture_G_Rom_synth_1...
Run output will be captured here: C:/Users/mac/Desktop/Mini-HDMI-Interface/HDMI_Demo/HDMI_Demo.runs/Picture_G_Rom_synth_1/runme.log
export_simulation -of_objects [get_files C:/Users/mac/Desktop/Mini-HDMI-Interface/HDMI_Demo/HDMI_Demo.srcs/sources_1/ip/Picture_G_Rom_1/Picture_G_Rom.xci] -directory C:/Users/mac/Desktop/Mini-HDMI-Interface/HDMI_Demo/HDMI_Demo.ip_user_files/sim_scripts -ip_user_files_dir C:/Users/mac/Desktop/Mini-HDMI-Interface/HDMI_Demo/HDMI_Demo.ip_user_files -ipstatic_source_dir C:/Users/mac/Desktop/Mini-HDMI-Interface/HDMI_Demo/HDMI_Demo.ip_user_files/ipstatic -lib_map_path [list {modelsim=C:/Users/mac/Desktop/Mini-HDMI-Interface/HDMI_Demo/HDMI_Demo.cache/compile_simlib/modelsim} {questa=C:/Users/mac/Desktop/Mini-HDMI-Interface/HDMI_Demo/HDMI_Demo.cache/compile_simlib/questa} {riviera=C:/Users/mac/Desktop/Mini-HDMI-Interface/HDMI_Demo/HDMI_Demo.cache/compile_simlib/riviera} {activehdl=C:/Users/mac/Desktop/Mini-HDMI-Interface/HDMI_Demo/HDMI_Demo.cache/compile_simlib/activehdl}] -use_ip_compiled_libs -force -quiet
WARNING: [IP_Flow 19-4067] Ignoring invalid widget type specified checkbox.Providing a default widget
WARNING: [IP_Flow 19-4067] Ignoring invalid widget type specified checkbox.Providing a default widget
INFO: [IP_Flow 19-3484] Absolute path of file 'c:/Users/mac/Desktop/Mini-HDMI-Interface/Matlab_Demo/0_Picture_B_Rom.coe' provided. It will be converted relative to IP Instance files '../../../../../Matlab_Demo/0_Picture_B_Rom.coe'
set_property -dict [list CONFIG.Write_Depth_A {10000} CONFIG.Coe_File {C:/Users/mac/Desktop/Mini-HDMI-Interface/Matlab_Demo/0_Picture_B_Rom.coe}] [get_ips Picture_B_Rom]
INFO: [IP_Flow 19-3484] Absolute path of file 'c:/Users/mac/Desktop/Mini-HDMI-Interface/Matlab_Demo/0_Picture_B_Rom.coe' provided. It will be converted relative to IP Instance files '../../../../../Matlab_Demo/0_Picture_B_Rom.coe'
generate_target all [get_files  C:/Users/mac/Desktop/Mini-HDMI-Interface/HDMI_Demo/HDMI_Demo.srcs/sources_1/ip/Picture_B_Rom_1/Picture_B_Rom.xci]
INFO: [IP_Flow 19-1686] Generating 'Instantiation Template' target for IP 'Picture_B_Rom'...
INFO: [IP_Flow 19-1686] Generating 'Synthesis' target for IP 'Picture_B_Rom'...
INFO: [IP_Flow 19-1686] Generating 'Simulation' target for IP 'Picture_B_Rom'...
INFO: [IP_Flow 19-1686] Generating 'Miscellaneous' target for IP 'Picture_B_Rom'...
INFO: [IP_Flow 19-1686] Generating 'Change Log' target for IP 'Picture_B_Rom'...
generate_target: Time (s): cpu = 00:00:16 ; elapsed = 00:00:17 . Memory (MB): peak = 1189.672 ; gain = 0.000
catch { config_ip_cache -export [get_ips -all Picture_B_Rom] }
export_ip_user_files -of_objects [get_files C:/Users/mac/Desktop/Mini-HDMI-Interface/HDMI_Demo/HDMI_Demo.srcs/sources_1/ip/Picture_B_Rom_1/Picture_B_Rom.xci] -no_script -sync -force -quiet
reset_run Picture_B_Rom_synth_1
WARNING: [Vivado 12-1017] Problems encountered:
1. Failed to delete one or more files in run directory C:/Users/mac/Desktop/Mini-HDMI-Interface/HDMI_Demo/HDMI_Demo.runs/Picture_B_Rom_synth_1

launch_runs -jobs 2 Picture_B_Rom_synth_1
[Thu Jul 30 09:18:04 2020] Launched Picture_B_Rom_synth_1...
Run output will be captured here: C:/Users/mac/Desktop/Mini-HDMI-Interface/HDMI_Demo/HDMI_Demo.runs/Picture_B_Rom_synth_1/runme.log
export_simulation -of_objects [get_files C:/Users/mac/Desktop/Mini-HDMI-Interface/HDMI_Demo/HDMI_Demo.srcs/sources_1/ip/Picture_B_Rom_1/Picture_B_Rom.xci] -directory C:/Users/mac/Desktop/Mini-HDMI-Interface/HDMI_Demo/HDMI_Demo.ip_user_files/sim_scripts -ip_user_files_dir C:/Users/mac/Desktop/Mini-HDMI-Interface/HDMI_Demo/HDMI_Demo.ip_user_files -ipstatic_source_dir C:/Users/mac/Desktop/Mini-HDMI-Interface/HDMI_Demo/HDMI_Demo.ip_user_files/ipstatic -lib_map_path [list {modelsim=C:/Users/mac/Desktop/Mini-HDMI-Interface/HDMI_Demo/HDMI_Demo.cache/compile_simlib/modelsim} {questa=C:/Users/mac/Desktop/Mini-HDMI-Interface/HDMI_Demo/HDMI_Demo.cache/compile_simlib/questa} {riviera=C:/Users/mac/Desktop/Mini-HDMI-Interface/HDMI_Demo/HDMI_Demo.cache/compile_simlib/riviera} {activehdl=C:/Users/mac/Desktop/Mini-HDMI-Interface/HDMI_Demo/HDMI_Demo.cache/compile_simlib/activehdl}] -use_ip_compiled_libs -force -quiet
reset_run synth_1
WARNING: [Vivado 12-1017] Problems encountered:
1. Failed to delete one or more files in run directory C:/Users/mac/Desktop/Mini-HDMI-Interface/HDMI_Demo/HDMI_Demo.runs/synth_1

launch_runs synth_1 -jobs 2
[Thu Jul 30 09:19:02 2020] Launched Picture_G_Rom_synth_1, Picture_B_Rom_synth_1...
Run output will be captured here:
Picture_G_Rom_synth_1: C:/Users/mac/Desktop/Mini-HDMI-Interface/HDMI_Demo/HDMI_Demo.runs/Picture_G_Rom_synth_1/runme.log
Picture_B_Rom_synth_1: C:/Users/mac/Desktop/Mini-HDMI-Interface/HDMI_Demo/HDMI_Demo.runs/Picture_B_Rom_synth_1/runme.log
[Thu Jul 30 09:19:03 2020] Launched synth_1...
Run output will be captured here: C:/Users/mac/Desktop/Mini-HDMI-Interface/HDMI_Demo/HDMI_Demo.runs/synth_1/runme.log
WARNING: [IP_Flow 19-4067] Ignoring invalid widget type specified checkbox.Providing a default widget
WARNING: [IP_Flow 19-4067] Ignoring invalid widget type specified checkbox.Providing a default widget
WARNING: [IP_Flow 19-4067] Ignoring invalid widget type specified checkbox.Providing a default widget
WARNING: [IP_Flow 19-4067] Ignoring invalid widget type specified checkbox.Providing a default widget
WARNING: [IP_Flow 19-4067] Ignoring invalid widget type specified checkbox.Providing a default widget
WARNING: [IP_Flow 19-4067] Ignoring invalid widget type specified checkbox.Providing a default widget
export_ip_user_files -of_objects  [get_files c:/Users/mac/Desktop/Mini-HDMI-Interface/Matlab_Demo/5_Picture_B_Rom.coe] -no_script -reset -force -quiet
export_ip_user_files -of_objects  [get_files c:/Users/mac/Desktop/Mini-HDMI-Interface/Matlab_Demo/5_Picture_G_Rom.coe] -no_script -reset -force -quiet
export_ip_user_files -of_objects  [get_files c:/Users/mac/Desktop/Mini-HDMI-Interface/Matlab_Demo/5_Picture_R_Rom.coe] -no_script -reset -force -quiet
remove_files  {c:/Users/mac/Desktop/Mini-HDMI-Interface/Matlab_Demo/5_Picture_B_Rom.coe c:/Users/mac/Desktop/Mini-HDMI-Interface/Matlab_Demo/5_Picture_G_Rom.coe c:/Users/mac/Desktop/Mini-HDMI-Interface/Matlab_Demo/5_Picture_R_Rom.coe}
reset_run synth_1
launch_runs synth_1 -jobs 2
[Thu Jul 30 09:22:34 2020] Launched synth_1...
Run output will be captured here: C:/Users/mac/Desktop/Mini-HDMI-Interface/HDMI_Demo/HDMI_Demo.runs/synth_1/runme.log
launch_runs impl_1 -to_step write_bitstream -jobs 2
[Thu Jul 30 09:24:43 2020] Launched impl_1...
Run output will be captured here: C:/Users/mac/Desktop/Mini-HDMI-Interface/HDMI_Demo/HDMI_Demo.runs/impl_1/runme.log
close [ open C:/Users/mac/Desktop/Mini-HDMI-Interface/HDMI_Demo/HDMI_Demo.srcs/sources_1/new/testbench.v w ]
add_files C:/Users/mac/Desktop/Mini-HDMI-Interface/HDMI_Demo/HDMI_Demo.srcs/sources_1/new/testbench.v
update_compile_order -fileset sources_1
launch_simulation
INFO: [Vivado 12-5698] Checking validity of IPs in the design for the 'XSim' simulator...
INFO: [Vivado 12-5682] Launching behavioral simulation in 'C:/Users/mac/Desktop/Mini-HDMI-Interface/HDMI_Demo/HDMI_Demo.sim/sim_1/behav/xsim'
INFO: [Vivado 12-4795] Using compiled simulation libraries for IPs
INFO: [SIM-utils-51] Simulation object is 'sim_1'
INFO: [USF-XSim-7] Finding pre-compiled libraries...
INFO: [USF-XSim-11] File 'D:/XILINX/vivado/2018.3/data/xsim/xsim.ini' copied to run dir:'C:/Users/mac/Desktop/Mini-HDMI-Interface/HDMI_Demo/HDMI_Demo.sim/sim_1/behav/xsim'
INFO: [SIM-utils-54] Inspecting design source files for 'testbench' in fileset 'sim_1'...
INFO: [SIM-utils-43] Exported 'C:/Users/mac/Desktop/Mini-HDMI-Interface/HDMI_Demo/HDMI_Demo.sim/sim_1/behav/xsim/Picture_B_Rom.mif'
INFO: [SIM-utils-43] Exported 'C:/Users/mac/Desktop/Mini-HDMI-Interface/HDMI_Demo/HDMI_Demo.sim/sim_1/behav/xsim/0_Picture_B_Rom.coe'
INFO: [SIM-utils-43] Exported 'C:/Users/mac/Desktop/Mini-HDMI-Interface/HDMI_Demo/HDMI_Demo.sim/sim_1/behav/xsim/Picture_G_Rom.mif'
INFO: [SIM-utils-43] Exported 'C:/Users/mac/Desktop/Mini-HDMI-Interface/HDMI_Demo/HDMI_Demo.sim/sim_1/behav/xsim/0_Picture_G_Rom.coe'
INFO: [SIM-utils-43] Exported 'C:/Users/mac/Desktop/Mini-HDMI-Interface/HDMI_Demo/HDMI_Demo.sim/sim_1/behav/xsim/Picture_R_Rom.mif'
INFO: [SIM-utils-43] Exported 'C:/Users/mac/Desktop/Mini-HDMI-Interface/HDMI_Demo/HDMI_Demo.sim/sim_1/behav/xsim/0_Picture_R_Rom.coe'
INFO: [SIM-utils-43] Exported 'C:/Users/mac/Desktop/Mini-HDMI-Interface/HDMI_Demo/HDMI_Demo.sim/sim_1/behav/xsim/SEU_Picture_R_Rom.coe'
INFO: [SIM-utils-43] Exported 'C:/Users/mac/Desktop/Mini-HDMI-Interface/HDMI_Demo/HDMI_Demo.sim/sim_1/behav/xsim/SEU_Picture_G_Rom.coe'
INFO: [SIM-utils-43] Exported 'C:/Users/mac/Desktop/Mini-HDMI-Interface/HDMI_Demo/HDMI_Demo.sim/sim_1/behav/xsim/SEU_Picture_B_Rom.coe'
INFO: [USF-XSim-97] Finding global include files...
INFO: [USF-XSim-98] Fetching design files from 'sim_1'...
INFO: [USF-XSim-2] XSim::Compile design
INFO: [USF-XSim-61] Executing 'COMPILE and ANALYZE' step in 'C:/Users/mac/Desktop/Mini-HDMI-Interface/HDMI_Demo/HDMI_Demo.sim/sim_1/behav/xsim'
"xvlog --incr --relax -prj testbench_vlog.prj"
INFO: [VRFC 10-2263] Analyzing Verilog file "C:/Users/mac/Desktop/Mini-HDMI-Interface/HDMI_Demo/HDMI_Demo.srcs/sources_1/ip/RGB_To_Gray_0/sim/RGB_To_Gray.v" into library xil_defaultlib
INFO: [VRFC 10-311] analyzing module RGB_To_Gray
INFO: [VRFC 10-2263] Analyzing Verilog file "C:/Users/mac/Desktop/Mini-HDMI-Interface/HDMI_Demo/HDMI_Demo.srcs/sources_1/ip/RGB_To_Gray_0/sim/RGB_To_Gray_0.v" into library xil_defaultlib
INFO: [VRFC 10-311] analyzing module RGB_To_Gray_0
INFO: [VRFC 10-2263] Analyzing Verilog file "C:/Users/mac/Desktop/Mini-HDMI-Interface/HDMI_Demo/HDMI_Demo.srcs/sources_1/ip/Edge_Check_0/sim/Delay_Signal.v" into library xil_defaultlib
INFO: [VRFC 10-311] analyzing module Delay_Signal
INFO: [VRFC 10-2263] Analyzing Verilog file "C:/Users/mac/Desktop/Mini-HDMI-Interface/HDMI_Demo/HDMI_Demo.srcs/sources_1/ip/Edge_Check_0/sim/Edge_Check.v" into library xil_defaultlib
INFO: [VRFC 10-311] analyzing module Edge_Check
INFO: [VRFC 10-2263] Analyzing Verilog file "C:/Users/mac/Desktop/Mini-HDMI-Interface/HDMI_Demo/HDMI_Demo.srcs/sources_1/ip/Edge_Check_0/sim/Edge_Check_0.v" into library xil_defaultlib
INFO: [VRFC 10-311] analyzing module Edge_Check_0
INFO: [VRFC 10-2263] Analyzing Verilog file "C:/Users/mac/Desktop/Mini-HDMI-Interface/HDMI_Demo/HDMI_Demo.srcs/sources_1/ip/Picture_B_Rom_1/sim/Picture_B_Rom.v" into library xil_defaultlib
INFO: [VRFC 10-311] analyzing module Picture_B_Rom
INFO: [VRFC 10-2263] Analyzing Verilog file "C:/Users/mac/Desktop/Mini-HDMI-Interface/HDMI_Demo/HDMI_Demo.srcs/sources_1/ip/Picture_G_Rom_1/sim/Picture_G_Rom.v" into library xil_defaultlib
INFO: [VRFC 10-311] analyzing module Picture_G_Rom
INFO: [VRFC 10-2263] Analyzing Verilog file "C:/Users/mac/Desktop/Mini-HDMI-Interface/HDMI_Demo/HDMI_Demo.srcs/sources_1/ip/Picture_R_Rom_1/sim/Picture_R_Rom.v" into library xil_defaultlib
INFO: [VRFC 10-311] analyzing module Picture_R_Rom
INFO: [VRFC 10-2263] Analyzing Verilog file "C:/Users/mac/Desktop/Mini-HDMI-Interface/HDMI_Demo/HDMI_Demo.srcs/sources_1/ip/clk_wiz_0_1/clk_wiz_0_clk_wiz.v" into library xil_defaultlib
INFO: [VRFC 10-311] analyzing module clk_wiz_0_clk_wiz
INFO: [VRFC 10-2263] Analyzing Verilog file "C:/Users/mac/Desktop/Mini-HDMI-Interface/HDMI_Demo/HDMI_Demo.srcs/sources_1/ip/clk_wiz_0_1/clk_wiz_0.v" into library xil_defaultlib
INFO: [VRFC 10-311] analyzing module clk_wiz_0
INFO: [VRFC 10-2263] Analyzing Verilog file "C:/Users/mac/Desktop/Mini-HDMI-Interface/HDMI_Demo/HDMI_Demo.srcs/sources_1/new/Delay_Signal.v" into library xil_defaultlib
INFO: [VRFC 10-311] analyzing module Delay_Signal
WARNING: [VRFC 10-3609] overwriting previous definition of module 'Delay_Signal' [C:/Users/mac/Desktop/Mini-HDMI-Interface/HDMI_Demo/HDMI_Demo.srcs/sources_1/new/Delay_Signal.v:24]
INFO: [VRFC 10-2263] Analyzing Verilog file "C:/Users/mac/Desktop/Mini-HDMI-Interface/HDMI_Demo/HDMI_Demo.srcs/sources_1/new/Driver_HDMI.v" into library xil_defaultlib
INFO: [VRFC 10-311] analyzing module Driver_HDMI
INFO: [VRFC 10-2263] Analyzing Verilog file "C:/Users/mac/Desktop/Mini-HDMI-Interface/HDMI_Demo/HDMI_Demo.srcs/sources_1/new/HDMI_Demo.v" into library xil_defaultlib
INFO: [VRFC 10-311] analyzing module HDMI_Demo
INFO: [VRFC 10-2263] Analyzing Verilog file "C:/Users/mac/Desktop/Mini-HDMI-Interface/HDMI_Demo/HDMI_Demo.srcs/sources_1/new/Image_Process_Edge.v" into library xil_defaultlib
INFO: [VRFC 10-311] analyzing module Image_Process
INFO: [VRFC 10-2263] Analyzing Verilog file "C:/Users/mac/Desktop/Mini-HDMI-Interface/HDMI_Demo/HDMI_Demo.srcs/sources_1/new/Video_Generator.v" into library xil_defaultlib
INFO: [VRFC 10-311] analyzing module Video_Generator
INFO: [VRFC 10-2263] Analyzing Verilog file "C:/Users/mac/Desktop/Mini-HDMI-Interface/HDMI_Demo/HDMI_Demo.srcs/sources_1/new/testbench.v" into library xil_defaultlib
INFO: [VRFC 10-311] analyzing module testbench
INFO: [VRFC 10-2263] Analyzing Verilog file "C:/Users/mac/Desktop/Mini-HDMI-Interface/HDMI_Demo/HDMI_Demo.sim/sim_1/behav/xsim/glbl.v" into library xil_defaultlib
INFO: [VRFC 10-311] analyzing module glbl
"xvhdl --incr --relax -prj testbench_vhdl.prj"
INFO: [VRFC 10-163] Analyzing VHDL file "C:/Users/mac/Desktop/Mini-HDMI-Interface/HDMI_Demo/HDMI_Demo.srcs/sources_1/ip/Edge_Check_0/src/Shift_Line/sim/Shift_Line.vhd" into library xil_defaultlib
INFO: [VRFC 10-3107] analyzing entity 'Shift_Line'
INFO: [VRFC 10-163] Analyzing VHDL file "C:/Users/mac/Desktop/Mini-HDMI-Interface/HDMI_Demo/HDMI_Demo.ip_user_files/ipstatic/src/ClockGen.vhd" into library xil_defaultlib
INFO: [VRFC 10-3107] analyzing entity 'ClockGen'
INFO: [VRFC 10-163] Analyzing VHDL file "C:/Users/mac/Desktop/Mini-HDMI-Interface/HDMI_Demo/HDMI_Demo.ip_user_files/ipstatic/src/SyncAsync.vhd" into library xil_defaultlib
INFO: [VRFC 10-3107] analyzing entity 'SyncAsync'
INFO: [VRFC 10-163] Analyzing VHDL file "C:/Users/mac/Desktop/Mini-HDMI-Interface/HDMI_Demo/HDMI_Demo.ip_user_files/ipstatic/src/SyncAsyncReset.vhd" into library xil_defaultlib
INFO: [VRFC 10-3107] analyzing entity 'ResetBridge'
INFO: [VRFC 10-163] Analyzing VHDL file "C:/Users/mac/Desktop/Mini-HDMI-Interface/HDMI_Demo/HDMI_Demo.ip_user_files/ipstatic/src/DVI_Constants.vhd" into library xil_defaultlib
INFO: [VRFC 10-163] Analyzing VHDL file "C:/Users/mac/Desktop/Mini-HDMI-Interface/HDMI_Demo/HDMI_Demo.ip_user_files/ipstatic/src/OutputSERDES.vhd" into library xil_defaultlib
INFO: [VRFC 10-3107] analyzing entity 'OutputSERDES'
INFO: [VRFC 10-163] Analyzing VHDL file "C:/Users/mac/Desktop/Mini-HDMI-Interface/HDMI_Demo/HDMI_Demo.ip_user_files/ipstatic/src/TMDS_Encoder.vhd" into library xil_defaultlib
INFO: [VRFC 10-3107] analyzing entity 'TMDS_Encoder'
INFO: [VRFC 10-163] Analyzing VHDL file "C:/Users/mac/Desktop/Mini-HDMI-Interface/HDMI_Demo/HDMI_Demo.ip_user_files/ipstatic/src/rgb2dvi.vhd" into library xil_defaultlib
INFO: [VRFC 10-3107] analyzing entity 'rgb2dvi'
INFO: [VRFC 10-163] Analyzing VHDL file "C:/Users/mac/Desktop/Mini-HDMI-Interface/HDMI_Demo/HDMI_Demo.srcs/sources_1/ip/rgb2dvi_0_1/sim/rgb2dvi_0.vhd" into library xil_defaultlib
INFO: [VRFC 10-3107] analyzing entity 'rgb2dvi_0'
run_program: Time (s): cpu = 00:00:00 ; elapsed = 00:00:09 . Memory (MB): peak = 1189.672 ; gain = 0.000
INFO: [USF-XSim-69] 'compile' step finished in '9' seconds
INFO: [USF-XSim-3] XSim::Elaborate design
INFO: [USF-XSim-61] Executing 'ELABORATE' step in 'C:/Users/mac/Desktop/Mini-HDMI-Interface/HDMI_Demo/HDMI_Demo.sim/sim_1/behav/xsim'
Vivado Simulator 2018.3
Copyright 1986-1999, 2001-2018 Xilinx, Inc. All Rights Reserved.
Running: D:/XILINX/vivado/2018.3/bin/unwrapped/win64.o/xelab.exe -wto 572beda8872e4ec980c11d3d5d6a19c3 --incr --debug typical --relax --mt 2 -L xil_defaultlib -L xbip_utils_v3_0_9 -L c_reg_fd_v12_0_5 -L c_mux_bit_v12_0_5 -L c_shift_ram_v12_0_12 -L blk_mem_gen_v8_4_2 -L unisims_ver -L unimacro_ver -L secureip -L xpm --snapshot testbench_behav xil_defaultlib.testbench xil_defaultlib.glbl -log elaborate.log 
Using 2 slave threads.
Starting static elaboration
ERROR: [VRFC 10-3180] cannot find port 'clk' on this module [C:/Users/mac/Desktop/Mini-HDMI-Interface/HDMI_Demo/HDMI_Demo.srcs/sources_1/new/testbench.v:31]
ERROR: [XSIM 43-3322] Static elaboration of top level Verilog design unit(s) in library work failed.
INFO: [USF-XSim-69] 'elaborate' step finished in '4' seconds
INFO: [USF-XSim-99] Step results log file:'C:/Users/mac/Desktop/Mini-HDMI-Interface/HDMI_Demo/HDMI_Demo.sim/sim_1/behav/xsim/elaborate.log'
ERROR: [USF-XSim-62] 'elaborate' step failed with error(s). Please check the Tcl console output or 'C:/Users/mac/Desktop/Mini-HDMI-Interface/HDMI_Demo/HDMI_Demo.sim/sim_1/behav/xsim/elaborate.log' file for more information.
ERROR: [Vivado 12-4473] Detected error while running simulation. Please correct the issue and retry this operation.
launch_simulation: Time (s): cpu = 00:00:02 ; elapsed = 00:00:17 . Memory (MB): peak = 1189.672 ; gain = 0.000
ERROR: [Common 17-39] 'launch_simulation' failed due to earlier errors.
update_compile_order -fileset sources_1
reset_run synth_1
launch_simulation
INFO: [Vivado 12-5698] Checking validity of IPs in the design for the 'XSim' simulator...
INFO: [Vivado 12-5682] Launching behavioral simulation in 'C:/Users/mac/Desktop/Mini-HDMI-Interface/HDMI_Demo/HDMI_Demo.sim/sim_1/behav/xsim'
INFO: [Vivado 12-4795] Using compiled simulation libraries for IPs
INFO: [SIM-utils-51] Simulation object is 'sim_1'
INFO: [USF-XSim-7] Finding pre-compiled libraries...
INFO: [USF-XSim-11] File 'D:/XILINX/vivado/2018.3/data/xsim/xsim.ini' copied to run dir:'C:/Users/mac/Desktop/Mini-HDMI-Interface/HDMI_Demo/HDMI_Demo.sim/sim_1/behav/xsim'
INFO: [SIM-utils-54] Inspecting design source files for 'testbench' in fileset 'sim_1'...
INFO: [SIM-utils-43] Exported 'C:/Users/mac/Desktop/Mini-HDMI-Interface/HDMI_Demo/HDMI_Demo.sim/sim_1/behav/xsim/Picture_B_Rom.mif'
INFO: [SIM-utils-43] Exported 'C:/Users/mac/Desktop/Mini-HDMI-Interface/HDMI_Demo/HDMI_Demo.sim/sim_1/behav/xsim/0_Picture_B_Rom.coe'
INFO: [SIM-utils-43] Exported 'C:/Users/mac/Desktop/Mini-HDMI-Interface/HDMI_Demo/HDMI_Demo.sim/sim_1/behav/xsim/Picture_G_Rom.mif'
INFO: [SIM-utils-43] Exported 'C:/Users/mac/Desktop/Mini-HDMI-Interface/HDMI_Demo/HDMI_Demo.sim/sim_1/behav/xsim/0_Picture_G_Rom.coe'
INFO: [SIM-utils-43] Exported 'C:/Users/mac/Desktop/Mini-HDMI-Interface/HDMI_Demo/HDMI_Demo.sim/sim_1/behav/xsim/Picture_R_Rom.mif'
INFO: [SIM-utils-43] Exported 'C:/Users/mac/Desktop/Mini-HDMI-Interface/HDMI_Demo/HDMI_Demo.sim/sim_1/behav/xsim/0_Picture_R_Rom.coe'
INFO: [SIM-utils-43] Exported 'C:/Users/mac/Desktop/Mini-HDMI-Interface/HDMI_Demo/HDMI_Demo.sim/sim_1/behav/xsim/SEU_Picture_R_Rom.coe'
INFO: [SIM-utils-43] Exported 'C:/Users/mac/Desktop/Mini-HDMI-Interface/HDMI_Demo/HDMI_Demo.sim/sim_1/behav/xsim/SEU_Picture_G_Rom.coe'
INFO: [SIM-utils-43] Exported 'C:/Users/mac/Desktop/Mini-HDMI-Interface/HDMI_Demo/HDMI_Demo.sim/sim_1/behav/xsim/SEU_Picture_B_Rom.coe'
INFO: [USF-XSim-97] Finding global include files...
INFO: [USF-XSim-98] Fetching design files from 'sim_1'...
INFO: [USF-XSim-2] XSim::Compile design
INFO: [USF-XSim-61] Executing 'COMPILE and ANALYZE' step in 'C:/Users/mac/Desktop/Mini-HDMI-Interface/HDMI_Demo/HDMI_Demo.sim/sim_1/behav/xsim'
"xvlog --incr --relax -prj testbench_vlog.prj"
INFO: [VRFC 10-2263] Analyzing Verilog file "C:/Users/mac/Desktop/Mini-HDMI-Interface/HDMI_Demo/HDMI_Demo.srcs/sources_1/ip/RGB_To_Gray_0/sim/RGB_To_Gray.v" into library xil_defaultlib
INFO: [VRFC 10-311] analyzing module RGB_To_Gray
INFO: [VRFC 10-2263] Analyzing Verilog file "C:/Users/mac/Desktop/Mini-HDMI-Interface/HDMI_Demo/HDMI_Demo.srcs/sources_1/ip/RGB_To_Gray_0/sim/RGB_To_Gray_0.v" into library xil_defaultlib
INFO: [VRFC 10-311] analyzing module RGB_To_Gray_0
INFO: [VRFC 10-2263] Analyzing Verilog file "C:/Users/mac/Desktop/Mini-HDMI-Interface/HDMI_Demo/HDMI_Demo.srcs/sources_1/ip/Edge_Check_0/sim/Delay_Signal.v" into library xil_defaultlib
INFO: [VRFC 10-311] analyzing module Delay_Signal
INFO: [VRFC 10-2263] Analyzing Verilog file "C:/Users/mac/Desktop/Mini-HDMI-Interface/HDMI_Demo/HDMI_Demo.srcs/sources_1/ip/Edge_Check_0/sim/Edge_Check.v" into library xil_defaultlib
INFO: [VRFC 10-311] analyzing module Edge_Check
INFO: [VRFC 10-2263] Analyzing Verilog file "C:/Users/mac/Desktop/Mini-HDMI-Interface/HDMI_Demo/HDMI_Demo.srcs/sources_1/ip/Edge_Check_0/sim/Edge_Check_0.v" into library xil_defaultlib
INFO: [VRFC 10-311] analyzing module Edge_Check_0
INFO: [VRFC 10-2263] Analyzing Verilog file "C:/Users/mac/Desktop/Mini-HDMI-Interface/HDMI_Demo/HDMI_Demo.srcs/sources_1/ip/Picture_B_Rom_1/sim/Picture_B_Rom.v" into library xil_defaultlib
INFO: [VRFC 10-311] analyzing module Picture_B_Rom
INFO: [VRFC 10-2263] Analyzing Verilog file "C:/Users/mac/Desktop/Mini-HDMI-Interface/HDMI_Demo/HDMI_Demo.srcs/sources_1/ip/Picture_G_Rom_1/sim/Picture_G_Rom.v" into library xil_defaultlib
INFO: [VRFC 10-311] analyzing module Picture_G_Rom
INFO: [VRFC 10-2263] Analyzing Verilog file "C:/Users/mac/Desktop/Mini-HDMI-Interface/HDMI_Demo/HDMI_Demo.srcs/sources_1/ip/Picture_R_Rom_1/sim/Picture_R_Rom.v" into library xil_defaultlib
INFO: [VRFC 10-311] analyzing module Picture_R_Rom
INFO: [VRFC 10-2263] Analyzing Verilog file "C:/Users/mac/Desktop/Mini-HDMI-Interface/HDMI_Demo/HDMI_Demo.srcs/sources_1/ip/clk_wiz_0_1/clk_wiz_0_clk_wiz.v" into library xil_defaultlib
INFO: [VRFC 10-311] analyzing module clk_wiz_0_clk_wiz
INFO: [VRFC 10-2263] Analyzing Verilog file "C:/Users/mac/Desktop/Mini-HDMI-Interface/HDMI_Demo/HDMI_Demo.srcs/sources_1/ip/clk_wiz_0_1/clk_wiz_0.v" into library xil_defaultlib
INFO: [VRFC 10-311] analyzing module clk_wiz_0
INFO: [VRFC 10-2263] Analyzing Verilog file "C:/Users/mac/Desktop/Mini-HDMI-Interface/HDMI_Demo/HDMI_Demo.srcs/sources_1/new/Delay_Signal.v" into library xil_defaultlib
INFO: [VRFC 10-311] analyzing module Delay_Signal
WARNING: [VRFC 10-3609] overwriting previous definition of module 'Delay_Signal' [C:/Users/mac/Desktop/Mini-HDMI-Interface/HDMI_Demo/HDMI_Demo.srcs/sources_1/new/Delay_Signal.v:24]
INFO: [VRFC 10-2263] Analyzing Verilog file "C:/Users/mac/Desktop/Mini-HDMI-Interface/HDMI_Demo/HDMI_Demo.srcs/sources_1/new/Driver_HDMI.v" into library xil_defaultlib
INFO: [VRFC 10-311] analyzing module Driver_HDMI
INFO: [VRFC 10-2263] Analyzing Verilog file "C:/Users/mac/Desktop/Mini-HDMI-Interface/HDMI_Demo/HDMI_Demo.srcs/sources_1/new/HDMI_Demo.v" into library xil_defaultlib
INFO: [VRFC 10-311] analyzing module HDMI_Demo
INFO: [VRFC 10-2263] Analyzing Verilog file "C:/Users/mac/Desktop/Mini-HDMI-Interface/HDMI_Demo/HDMI_Demo.srcs/sources_1/new/Image_Process_Edge.v" into library xil_defaultlib
INFO: [VRFC 10-311] analyzing module Image_Process
INFO: [VRFC 10-2263] Analyzing Verilog file "C:/Users/mac/Desktop/Mini-HDMI-Interface/HDMI_Demo/HDMI_Demo.srcs/sources_1/new/Video_Generator.v" into library xil_defaultlib
INFO: [VRFC 10-311] analyzing module Video_Generator
INFO: [VRFC 10-2263] Analyzing Verilog file "C:/Users/mac/Desktop/Mini-HDMI-Interface/HDMI_Demo/HDMI_Demo.srcs/sources_1/new/testbench.v" into library xil_defaultlib
INFO: [VRFC 10-311] analyzing module testbench
"xvhdl --incr --relax -prj testbench_vhdl.prj"
run_program: Time (s): cpu = 00:00:01 ; elapsed = 00:00:06 . Memory (MB): peak = 1189.672 ; gain = 0.000
INFO: [USF-XSim-69] 'compile' step finished in '6' seconds
INFO: [USF-XSim-3] XSim::Elaborate design
INFO: [USF-XSim-61] Executing 'ELABORATE' step in 'C:/Users/mac/Desktop/Mini-HDMI-Interface/HDMI_Demo/HDMI_Demo.sim/sim_1/behav/xsim'
Vivado Simulator 2018.3
Copyright 1986-1999, 2001-2018 Xilinx, Inc. All Rights Reserved.
Running: D:/XILINX/vivado/2018.3/bin/unwrapped/win64.o/xelab.exe -wto 572beda8872e4ec980c11d3d5d6a19c3 --incr --debug typical --relax --mt 2 -L xil_defaultlib -L xbip_utils_v3_0_9 -L c_reg_fd_v12_0_5 -L c_mux_bit_v12_0_5 -L c_shift_ram_v12_0_12 -L blk_mem_gen_v8_4_2 -L unisims_ver -L unimacro_ver -L secureip -L xpm --snapshot testbench_behav xil_defaultlib.testbench xil_defaultlib.glbl -log elaborate.log 
Using 2 slave threads.
Starting static elaboration
WARNING: [VRFC 10-3715] size mismatch in mixed language port association, vhdl port 'arst_n' [C:/Users/mac/Desktop/Mini-HDMI-Interface/HDMI_Demo/HDMI_Demo.srcs/sources_1/new/HDMI_Demo.v:44]
WARNING: [VRFC 10-3091] actual bit length 32 differs from formal bit length 1 for port 'Rst' [C:/Users/mac/Desktop/Mini-HDMI-Interface/HDMI_Demo/HDMI_Demo.srcs/sources_1/new/HDMI_Demo.v:58]
WARNING: [VRFC 10-3091] actual bit length 32 differs from formal bit length 1 for port 'Video_Mode' [C:/Users/mac/Desktop/Mini-HDMI-Interface/HDMI_Demo/HDMI_Demo.srcs/sources_1/new/HDMI_Demo.v:59]
WARNING: [VRFC 10-3091] actual bit length 32 differs from formal bit length 1 for port 'ena' [C:/Users/mac/Desktop/Mini-HDMI-Interface/HDMI_Demo/HDMI_Demo.srcs/sources_1/new/Video_Generator.v:51]
WARNING: [VRFC 10-3091] actual bit length 32 differs from formal bit length 1 for port 'ena' [C:/Users/mac/Desktop/Mini-HDMI-Interface/HDMI_Demo/HDMI_Demo.srcs/sources_1/new/Video_Generator.v:57]
WARNING: [VRFC 10-3091] actual bit length 32 differs from formal bit length 1 for port 'ena' [C:/Users/mac/Desktop/Mini-HDMI-Interface/HDMI_Demo/HDMI_Demo.srcs/sources_1/new/Video_Generator.v:63]
WARNING: [VRFC 10-3091] actual bit length 32 differs from formal bit length 1 for port 'Rst' [C:/Users/mac/Desktop/Mini-HDMI-Interface/HDMI_Demo/HDMI_Demo.srcs/sources_1/new/HDMI_Demo.v:78]
WARNING: [VRFC 10-3091] actual bit length 32 differs from formal bit length 1 for port 'En' [C:/Users/mac/Desktop/Mini-HDMI-Interface/HDMI_Demo/HDMI_Demo.srcs/sources_1/new/HDMI_Demo.v:79]
WARNING: [VRFC 10-3091] actual bit length 32 differs from formal bit length 8 for port 'Gray_Gate' [C:/Users/mac/Desktop/Mini-HDMI-Interface/HDMI_Demo/HDMI_Demo.srcs/sources_1/new/Image_Process_Edge.v:55]
WARNING: [VRFC 10-3091] actual bit length 32 differs from formal bit length 3 for port 'Delay_Num' [C:/Users/mac/Desktop/Mini-HDMI-Interface/HDMI_Demo/HDMI_Demo.srcs/sources_1/ip/Edge_Check_0/sim/Edge_Check.v:82]
WARNING: [VRFC 10-3091] actual bit length 32 differs from formal bit length 5 for port 'Accuracy_Num' [C:/Users/mac/Desktop/Mini-HDMI-Interface/HDMI_Demo/HDMI_Demo.srcs/sources_1/new/Image_Process_Edge.v:65]
Completed static elaboration
Starting simulation data flow analysis
Completed simulation data flow analysis
Time Resolution for simulation is 1ps
Compiling package std.standard
Compiling package std.textio
Compiling package ieee.std_logic_1164
Compiling package ieee.numeric_std
Compiling package unisim.vcomponents
Compiling package ieee.std_logic_arith
Compiling package ieee.std_logic_signed
Compiling package ieee.vital_timing
Compiling package ieee.vital_primitives
Compiling package unisim.vpkg
Compiling package xil_defaultlib.dvi_constants
Compiling package xbip_utils_v3_0_9.xbip_utils_v3_0_9_pkg
Compiling package c_shift_ram_v12_0_12.c_shift_ram_v12_0_12_viv_comp
Compiling package c_shift_ram_v12_0_12.c_shift_ram_v12_0_12_pkg
Compiling package c_mux_bit_v12_0_5.c_mux_bit_v12_0_5_viv_comp
Compiling package c_reg_fd_v12_0_5.c_reg_fd_v12_0_5_viv_comp
Compiling module unisims_ver.BUFG
Compiling module unisims_ver.PLLE2_ADV(CLKFBOUT_MULT=9,CLKIN1...
Compiling module xil_defaultlib.clk_wiz_0_clk_wiz
Compiling module xil_defaultlib.clk_wiz_0
Compiling architecture plle2_adv_v of entity unisim.PLLE2_ADV [\PLLE2_ADV(clkfbout_mult=15,clki...]
Compiling architecture behavioral of entity xil_defaultlib.SyncAsync [\SyncAsync(kresetto='1')\]
Compiling architecture behavioral of entity xil_defaultlib.ResetBridge [resetbridge_default]
Compiling architecture behavioral of entity xil_defaultlib.SyncAsync [syncasync_default]
Compiling architecture behavioral of entity xil_defaultlib.ClockGen [\ClockGen(kclkrange=2,kclkprimit...]
Compiling architecture behavioral of entity xil_defaultlib.TMDS_Encoder [tmds_encoder_default]
Compiling architecture obufds_v of entity unisim.OBUFDS [\OBUFDS(iostandard="TMDS_33")(1,...]
Compiling secureip modules ...
Compiling architecture oserdese2_v of entity unisim.OSERDESE2 [\OSERDESE2(data_rate_tq="SDR",da...]
Compiling architecture oserdese2_v of entity unisim.OSERDESE2 [\OSERDESE2(data_rate_tq="SDR",da...]
Compiling architecture behavioral of entity xil_defaultlib.OutputSERDES [outputserdes_default]
Compiling architecture behavioral of entity xil_defaultlib.rgb2dvi [\rgb2dvi(kclkprimitive="PLL",kcl...]
Compiling architecture rgb2dvi_0_arch of entity xil_defaultlib.rgb2dvi_0 [rgb2dvi_0_default]
Compiling module xil_defaultlib.Driver_HDMI_default
Compiling module blk_mem_gen_v8_4_2.blk_mem_gen_v8_4_2_output_stage(...
Compiling module blk_mem_gen_v8_4_2.blk_mem_gen_v8_4_2_output_stage(...
Compiling module blk_mem_gen_v8_4_2.blk_mem_gen_v8_4_2_softecc_outpu...
Compiling module blk_mem_gen_v8_4_2.blk_mem_gen_v8_4_2_mem_module(C_...
Compiling module blk_mem_gen_v8_4_2.blk_mem_gen_v8_4_2(C_FAMILY="spa...
Compiling module xil_defaultlib.Picture_R_Rom
Compiling module blk_mem_gen_v8_4_2.blk_mem_gen_v8_4_2_mem_module(C_...
Compiling module blk_mem_gen_v8_4_2.blk_mem_gen_v8_4_2(C_FAMILY="spa...
Compiling module xil_defaultlib.Picture_G_Rom
Compiling module blk_mem_gen_v8_4_2.blk_mem_gen_v8_4_2_mem_module(C_...
Compiling module blk_mem_gen_v8_4_2.blk_mem_gen_v8_4_2(C_FAMILY="spa...
Compiling module xil_defaultlib.Picture_B_Rom
Compiling module xil_defaultlib.Video_Generator
Compiling module xil_defaultlib.Delay_Signal
Compiling architecture struct of entity c_shift_ram_v12_0_12.c_shift_ram_v12_0_12_legacy [\c_shift_ram_v12_0_12_legacy(c_x...]
Compiling architecture synth of entity c_shift_ram_v12_0_12.c_shift_ram_v12_0_12_viv [\c_shift_ram_v12_0_12_viv(c_xdev...]
Compiling architecture xilinx of entity c_shift_ram_v12_0_12.c_shift_ram_v12_0_12 [\c_shift_ram_v12_0_12(c_xdevicef...]
Compiling architecture shift_line_arch of entity xil_defaultlib.Shift_Line [shift_line_default]
Compiling module xil_defaultlib.Edge_Check
Compiling module xil_defaultlib.Edge_Check_0
Compiling module xil_defaultlib.RGB_To_Gray
Compiling module xil_defaultlib.RGB_To_Gray_0
Compiling module xil_defaultlib.Image_Process
Compiling module xil_defaultlib.HDMI_Demo
Compiling module xil_defaultlib.testbench
Compiling module xil_defaultlib.glbl
Built simulation snapshot testbench_behav

****** Webtalk v2018.3 (64-bit)
  **** SW Build 2405991 on Thu Dec  6 23:38:27 MST 2018
  **** IP Build 2404404 on Fri Dec  7 01:43:56 MST 2018
    ** Copyright 1986-2018 Xilinx, Inc. All Rights Reserved.

source C:/Users/mac/Desktop/Mini-HDMI-Interface/HDMI_Demo/HDMI_Demo.sim/sim_1/behav/xsim/xsim.dir/testbench_behav/webtalk/xsim_webtalk.tcl -notrace
INFO: [Common 17-206] Exiting Webtalk at Thu Jul 30 09:43:14 2020...
run_program: Time (s): cpu = 00:00:01 ; elapsed = 00:00:21 . Memory (MB): peak = 1189.672 ; gain = 0.000
INFO: [USF-XSim-69] 'elaborate' step finished in '21' seconds
INFO: [USF-XSim-4] XSim::Simulate design
INFO: [USF-XSim-61] Executing 'SIMULATE' step in 'C:/Users/mac/Desktop/Mini-HDMI-Interface/HDMI_Demo/HDMI_Demo.sim/sim_1/behav/xsim'
INFO: [USF-XSim-98] *** Running xsim
   with args "testbench_behav -key {Behavioral:sim_1:Functional:testbench} -tclbatch {testbench.tcl} -log {simulate.log}"
INFO: [USF-XSim-8] Loading simulator feature
Vivado Simulator 2018.3
Time resolution is 1 ps
source testbench.tcl
# set curr_wave [current_wave_config]
# if { [string length $curr_wave] == 0 } {
#   if { [llength [get_objects]] > 0} {
#     add_wave /
#     set_property needs_save false [current_wave_config]
#   } else {
#      send_msg_id Add_Wave-1 WARNING "No top level signals found. Simulator will start without a wave window. If you want to open a wave window go to 'File->New Waveform Configuration' or type 'create_wave_config' in the TCL console."
#   }
# }
# run 1000ns
 Block Memory Generator module loading initial data...
 Block Memory Generator data initialization complete.
Block Memory Generator module testbench.test.Video_Generator0.R_ROM.inst.native_mem_module.blk_mem_gen_v8_4_2_inst is using a behavioral model for simulation which will not precisely model memory collision behavior.
 Block Memory Generator module loading initial data...
 Block Memory Generator data initialization complete.
Block Memory Generator module testbench.test.Video_Generator0.G_ROM.inst.native_mem_module.blk_mem_gen_v8_4_2_inst is using a behavioral model for simulation which will not precisely model memory collision behavior.
 Block Memory Generator module loading initial data...
 Block Memory Generator data initialization complete.
Block Memory Generator module testbench.test.Video_Generator0.B_ROM.inst.native_mem_module.blk_mem_gen_v8_4_2_inst is using a behavioral model for simulation which will not precisely model memory collision behavior.
Warning: NUMERIC_STD."=": metavalue detected, returning FALSE
Time: 105 ns  Iteration: 3  Process: /testbench/test/rgb2dvi/U0/\DataEncoders(0)\/DataEncoder/line__154  File: C:/Users/mac/Desktop/Mini-HDMI-Interface/HDMI_Demo/HDMI_Demo.ip_user_files/ipstatic/src/TMDS_Encoder.vhd
Warning: NUMERIC_STD."=": metavalue detected, returning FALSE
Time: 105 ns  Iteration: 3  Process: /testbench/test/rgb2dvi/U0/\DataEncoders(1)\/DataEncoder/line__154  File: C:/Users/mac/Desktop/Mini-HDMI-Interface/HDMI_Demo/HDMI_Demo.ip_user_files/ipstatic/src/TMDS_Encoder.vhd
Warning: NUMERIC_STD."=": metavalue detected, returning FALSE
Time: 105 ns  Iteration: 3  Process: /testbench/test/rgb2dvi/U0/\DataEncoders(2)\/DataEncoder/line__154  File: C:/Users/mac/Desktop/Mini-HDMI-Interface/HDMI_Demo/HDMI_Demo.ip_user_files/ipstatic/src/TMDS_Encoder.vhd
Warning: NUMERIC_STD."=": metavalue detected, returning FALSE
Time: 355 ns  Iteration: 5  Process: /testbench/test/rgb2dvi/U0/\DataEncoders(0)\/DataEncoder/line__154  File: C:/Users/mac/Desktop/Mini-HDMI-Interface/HDMI_Demo/HDMI_Demo.ip_user_files/ipstatic/src/TMDS_Encoder.vhd
Warning: NUMERIC_STD."=": metavalue detected, returning FALSE
Time: 355 ns  Iteration: 5  Process: /testbench/test/rgb2dvi/U0/\DataEncoders(1)\/DataEncoder/line__154  File: C:/Users/mac/Desktop/Mini-HDMI-Interface/HDMI_Demo/HDMI_Demo.ip_user_files/ipstatic/src/TMDS_Encoder.vhd
Warning: NUMERIC_STD."=": metavalue detected, returning FALSE
Time: 355 ns  Iteration: 5  Process: /testbench/test/rgb2dvi/U0/\DataEncoders(2)\/DataEncoder/line__154  File: C:/Users/mac/Desktop/Mini-HDMI-Interface/HDMI_Demo/HDMI_Demo.ip_user_files/ipstatic/src/TMDS_Encoder.vhd
Warning: Warning : input CLKIN1 period and attribute CLKIN1_PERIOD are not same.
Time: 875 ns  Iteration: 19  Process: /testbench/test/rgb2dvi/U0/clockgeninternal/ClockGenX/genpll/DVI_ClkGenerator/pchk_p  File: D:\XILINX\vivado\2018.3\data/vhdl/src/unisims/primitive/PLLE2_ADV.vhd
xsim: Time (s): cpu = 00:00:08 ; elapsed = 00:00:07 . Memory (MB): peak = 1189.672 ; gain = 0.000
INFO: [USF-XSim-96] XSim completed. Design snapshot 'testbench_behav' loaded.
INFO: [USF-XSim-97] XSim simulation ran for 1000ns
launch_simulation: Time (s): cpu = 00:00:11 ; elapsed = 00:00:38 . Memory (MB): peak = 1189.672 ; gain = 0.000
restart
INFO: [Simtcl 6-17] Simulation restarted
run all
 Block Memory Generator module loading initial data...
 Block Memory Generator data initialization complete.
Block Memory Generator module testbench.test.Video_Generator0.R_ROM.inst.native_mem_module.blk_mem_gen_v8_4_2_inst is using a behavioral model for simulation which will not precisely model memory collision behavior.
 Block Memory Generator module loading initial data...
 Block Memory Generator data initialization complete.
Block Memory Generator module testbench.test.Video_Generator0.G_ROM.inst.native_mem_module.blk_mem_gen_v8_4_2_inst is using a behavioral model for simulation which will not precisely model memory collision behavior.
 Block Memory Generator module loading initial data...
 Block Memory Generator data initialization complete.
Block Memory Generator module testbench.test.Video_Generator0.B_ROM.inst.native_mem_module.blk_mem_gen_v8_4_2_inst is using a behavioral model for simulation which will not precisely model memory collision behavior.
Warning: NUMERIC_STD."=": metavalue detected, returning FALSE
Time: 105 ns  Iteration: 3  Process: /testbench/test/rgb2dvi/U0/\DataEncoders(0)\/DataEncoder/line__154  File: C:/Users/mac/Desktop/Mini-HDMI-Interface/HDMI_Demo/HDMI_Demo.ip_user_files/ipstatic/src/TMDS_Encoder.vhd
Warning: NUMERIC_STD."=": metavalue detected, returning FALSE
Time: 105 ns  Iteration: 3  Process: /testbench/test/rgb2dvi/U0/\DataEncoders(1)\/DataEncoder/line__154  File: C:/Users/mac/Desktop/Mini-HDMI-Interface/HDMI_Demo/HDMI_Demo.ip_user_files/ipstatic/src/TMDS_Encoder.vhd
Warning: NUMERIC_STD."=": metavalue detected, returning FALSE
Time: 105 ns  Iteration: 3  Process: /testbench/test/rgb2dvi/U0/\DataEncoders(2)\/DataEncoder/line__154  File: C:/Users/mac/Desktop/Mini-HDMI-Interface/HDMI_Demo/HDMI_Demo.ip_user_files/ipstatic/src/TMDS_Encoder.vhd
Warning: NUMERIC_STD."=": metavalue detected, returning FALSE
Time: 355 ns  Iteration: 5  Process: /testbench/test/rgb2dvi/U0/\DataEncoders(0)\/DataEncoder/line__154  File: C:/Users/mac/Desktop/Mini-HDMI-Interface/HDMI_Demo/HDMI_Demo.ip_user_files/ipstatic/src/TMDS_Encoder.vhd
Warning: NUMERIC_STD."=": metavalue detected, returning FALSE
Time: 355 ns  Iteration: 5  Process: /testbench/test/rgb2dvi/U0/\DataEncoders(1)\/DataEncoder/line__154  File: C:/Users/mac/Desktop/Mini-HDMI-Interface/HDMI_Demo/HDMI_Demo.ip_user_files/ipstatic/src/TMDS_Encoder.vhd
Warning: NUMERIC_STD."=": metavalue detected, returning FALSE
Time: 355 ns  Iteration: 5  Process: /testbench/test/rgb2dvi/U0/\DataEncoders(2)\/DataEncoder/line__154  File: C:/Users/mac/Desktop/Mini-HDMI-Interface/HDMI_Demo/HDMI_Demo.ip_user_files/ipstatic/src/TMDS_Encoder.vhd
Warning: Warning : input CLKIN1 period and attribute CLKIN1_PERIOD are not same.
Time: 875 ns  Iteration: 19  Process: /testbench/test/rgb2dvi/U0/clockgeninternal/ClockGenX/genpll/DVI_ClkGenerator/pchk_p  File: D:\XILINX\vivado\2018.3\data/vhdl/src/unisims/primitive/PLLE2_ADV.vhd
run: Time (s): cpu = 00:00:42 ; elapsed = 00:01:44 . Memory (MB): peak = 1189.672 ; gain = 0.000
launch_runs impl_1 -to_step write_bitstream -jobs 2
[Thu Jul 30 09:56:14 2020] Launched synth_1...
Run output will be captured here: C:/Users/mac/Desktop/Mini-HDMI-Interface/HDMI_Demo/HDMI_Demo.runs/synth_1/runme.log
[Thu Jul 30 09:56:14 2020] Launched impl_1...
Run output will be captured here: C:/Users/mac/Desktop/Mini-HDMI-Interface/HDMI_Demo/HDMI_Demo.runs/impl_1/runme.log
close_sim
INFO: [Simtcl 6-16] Simulation closed
close_sim: Time (s): cpu = 00:00:03 ; elapsed = 00:00:08 . Memory (MB): peak = 1189.672 ; gain = 0.000
reset_run impl_1
launch_runs impl_1 -jobs 2
[Thu Jul 30 10:01:07 2020] Launched impl_1...
Run output will be captured here: C:/Users/mac/Desktop/Mini-HDMI-Interface/HDMI_Demo/HDMI_Demo.runs/impl_1/runme.log
reset_run synth_1
launch_runs impl_1 -jobs 2
[Thu Jul 30 10:02:26 2020] Launched synth_1...
Run output will be captured here: C:/Users/mac/Desktop/Mini-HDMI-Interface/HDMI_Demo/HDMI_Demo.runs/synth_1/runme.log
[Thu Jul 30 10:02:26 2020] Launched impl_1...
Run output will be captured here: C:/Users/mac/Desktop/Mini-HDMI-Interface/HDMI_Demo/HDMI_Demo.runs/impl_1/runme.log
reset_run synth_1
launch_runs synth_1 -jobs 2
[Thu Jul 30 10:09:47 2020] Launched synth_1...
Run output will be captured here: C:/Users/mac/Desktop/Mini-HDMI-Interface/HDMI_Demo/HDMI_Demo.runs/synth_1/runme.log
export_ip_user_files -of_objects  [get_files C:/Users/mac/Desktop/Mini-HDMI-Interface/HDMI_Demo/HDMI_Demo.srcs/sources_1/new/testbench.v] -no_script -reset -force -quiet
remove_files  C:/Users/mac/Desktop/Mini-HDMI-Interface/HDMI_Demo/HDMI_Demo.srcs/sources_1/new/testbench.v
update_compile_order -fileset sources_1
reset_run synth_1
launch_runs impl_1 -to_step write_bitstream -jobs 2
[Thu Jul 30 10:11:21 2020] Launched synth_1...
Run output will be captured here: C:/Users/mac/Desktop/Mini-HDMI-Interface/HDMI_Demo/HDMI_Demo.runs/synth_1/runme.log
[Thu Jul 30 10:11:21 2020] Launched impl_1...
Run output will be captured here: C:/Users/mac/Desktop/Mini-HDMI-Interface/HDMI_Demo/HDMI_Demo.runs/impl_1/runme.log
open_run impl_1
INFO: [Common 17-41] Interrupt caught. Command should exit soon.
INFO: [Netlist 29-17] Analyzing 94 Unisim elements for replacement
INFO: [Netlist 29-28] Unisim Transformation completed in 0 CPU seconds
INFO: [Project 1-479] Netlist was created with Vivado 2018.3
open_run: Time (s): cpu = 00:00:05 ; elapsed = 00:00:07 . Memory (MB): peak = 1189.672 ; gain = 0.000
INFO: [Common 17-344] 'open_run' was cancelled
reset_run synth_1
launch_runs impl_1 -to_step write_bitstream -jobs 2
[Thu Jul 30 10:54:06 2020] Launched synth_1...
Run output will be captured here: C:/Users/mac/Desktop/Mini-HDMI-Interface/HDMI_Demo/HDMI_Demo.runs/synth_1/runme.log
[Thu Jul 30 10:54:06 2020] Launched impl_1...
Run output will be captured here: C:/Users/mac/Desktop/Mini-HDMI-Interface/HDMI_Demo/HDMI_Demo.runs/impl_1/runme.log
exit
INFO: [Common 17-206] Exiting Vivado at Thu Jul 30 11:03:12 2020...
