#-----------------------------------------------------------
# Vivado v2018.3 (64-bit)
# SW Build 2405991 on Thu Dec  6 23:38:27 MST 2018
# IP Build 2404404 on Fri Dec  7 01:43:56 MST 2018
# Start of session at: Fri Jul 31 21:41:51 2020
# Process ID: 4124
# Current directory: C:/Users/mac/Desktop/RecView/HDMI_Demo
# Command line: vivado.exe -gui_launcher_event rodinguilauncherevent5816 C:\Users\mac\Desktop\RecView\HDMI_Demo\HDMI_Demo.xpr
# Log file: C:/Users/mac/Desktop/RecView/HDMI_Demo/vivado.log
# Journal file: C:/Users/mac/Desktop/RecView/HDMI_Demo\vivado.jou
#-----------------------------------------------------------
start_gui
open_project C:/Users/mac/Desktop/RecView/HDMI_Demo/HDMI_Demo.xpr
INFO: [Project 1-313] Project file moved from 'D:/RecView/HDMI_Demo' since last save.
CRITICAL WARNING: [Project 1-311] Could not find the file 'C:/Users/mac/Desktop/Matlab_Demo/SEU_Picture_R_Rom.coe', nor could it be found using path 'D:/Matlab_Demo/SEU_Picture_R_Rom.coe'.
CRITICAL WARNING: [Project 1-311] Could not find the file 'C:/Users/mac/Desktop/Matlab_Demo/SEU_Picture_G_Rom.coe', nor could it be found using path 'D:/Matlab_Demo/SEU_Picture_G_Rom.coe'.
CRITICAL WARNING: [Project 1-311] Could not find the file 'C:/Users/mac/Desktop/Matlab_Demo/SEU_Picture_B_Rom.coe', nor could it be found using path 'D:/Matlab_Demo/SEU_Picture_B_Rom.coe'.
CRITICAL WARNING: [Project 1-311] Could not find the file 'C:/Users/mac/Desktop/Matlab_Demo/0_Picture_R_Rom.coe', nor could it be found using path 'D:/Matlab_Demo/0_Picture_R_Rom.coe'.
CRITICAL WARNING: [Project 1-311] Could not find the file 'C:/Users/mac/Desktop/Matlab_Demo/0_Picture_G_Rom.coe', nor could it be found using path 'D:/Matlab_Demo/0_Picture_G_Rom.coe'.
CRITICAL WARNING: [Project 1-311] Could not find the file 'C:/Users/mac/Desktop/Matlab_Demo/0_Picture_B_Rom.coe', nor could it be found using path 'D:/Matlab_Demo/0_Picture_B_Rom.coe'.
CRITICAL WARNING: [Project 1-311] Could not find the file 'C:/Users/mac/Desktop/0_Picture_R_Rom.coe', nor could it be found using path 'D:/0_Picture_R_Rom.coe'.
CRITICAL WARNING: [Project 1-311] Could not find the file 'C:/Users/mac/Desktop/0_Picture_G_Rom.coe', nor could it be found using path 'D:/0_Picture_G_Rom.coe'.
CRITICAL WARNING: [Project 1-311] Could not find the file 'C:/Users/mac/Desktop/0_Picture_B_Rom.coe', nor could it be found using path 'D:/0_Picture_B_Rom.coe'.
CRITICAL WARNING: [Project 1-311] Could not find the file 'C:/Users/mac/Desktop/RecView/0_Picture_R_Rom.coe', nor could it be found using path 'D:/RecView/0_Picture_R_Rom.coe'.
CRITICAL WARNING: [Project 1-311] Could not find the file 'C:/Users/mac/Desktop/RecView/0_Picture_G_Rom.coe', nor could it be found using path 'D:/RecView/0_Picture_G_Rom.coe'.
CRITICAL WARNING: [Project 1-311] Could not find the file 'C:/Users/mac/Desktop/RecView/0_Picture_B_Rom.coe', nor could it be found using path 'D:/RecView/0_Picture_B_Rom.coe'.
Scanning sources...
Finished scanning sources
WARNING: [filemgmt 56-2] IP Repository Path: Could not find the directory 'C:/Users/mac/Desktop/RecView/HDMI_Demo/IP_Core/HDMI-IP/IP/RGB2DVI_IP', nor could it be found using path 'D:/RecView/HDMI_Demo/IP_Core/HDMI-IP/IP/RGB2DVI_IP'.
WARNING: [filemgmt 56-2] IP Repository Path: Could not find the directory 'C:/Users/mac/Desktop/IP_Core', nor could it be found using path 'D:/IP_Core'.
INFO: [IP_Flow 19-234] Refreshing IP repositories
WARNING: [IP_Flow 19-2248] Failed to load user IP repository 'c:/Users/mac/Desktop/RecView/HDMI_Demo/IP_Core/HDMI-IP/IP/RGB2DVI_IP'; Can't find the specified path.
If this directory should no longer be in your list of user repositories, go to the IP Settings dialog and remove it.
INFO: [IP_Flow 19-1700] Loaded user IP repository 'c:/Users/mac/Desktop/SEA-master/Examples/FPGA-IP/Mini-HDMI-IP'.
INFO: [IP_Flow 19-1700] Loaded user IP repository 'c:/Users/mac/Desktop/SEA-master/Examples/FPGA-IP/Image-Process-IP'.
WARNING: [IP_Flow 19-2248] Failed to load user IP repository 'c:/Users/mac/Desktop/IP_Core'; Can't find the specified path.
If this directory should no longer be in your list of user repositories, go to the IP Settings dialog and remove it.
INFO: [IP_Flow 19-2313] Loaded Vivado IP repository 'D:/XILINX/vivado/2018.3/data/ip'.
WARNING: [IP_Flow 19-2162] IP 'csi2_d_phy_rx_0' is locked:
* IP definition 'csi2_d_phy_rx (1.0)' for IP 'csi2_d_phy_rx_0' (customized with software release 2018.3) was not found in the IP Catalog.
Please select 'Report IP Status' from the 'Tools/Report' menu or run Tcl command 'report_ip_status' for more information.
WARNING: [IP_Flow 19-2162] IP 'csi_to_axis_0' is locked:
* IP definition 'csi_to_axis (1.0)' for IP 'csi_to_axis_0' (customized with software release 2018.3) was not found in the IP Catalog.
Please select 'Report IP Status' from the 'Tools/Report' menu or run Tcl command 'report_ip_status' for more information.
open_project: Time (s): cpu = 00:00:39 ; elapsed = 00:00:21 . Memory (MB): peak = 796.324 ; gain = 217.656
update_compile_order -fileset sources_1
export_ip_user_files -of_objects  [get_files C:/Users/mac/Desktop/SDRAM_VGA/SRC/disp_data2.v] -no_script -reset -force -quiet
export_ip_user_files -of_objects  [get_files C:/Users/mac/Desktop/SDRAM_VGA/SRC/disp_data3.v] -no_script -reset -force -quiet
export_ip_user_files -of_objects  [get_files C:/Users/mac/Desktop/SDRAM_VGA/SRC/disp_data4.v] -no_script -reset -force -quiet
remove_files  {C:/Users/mac/Desktop/SDRAM_VGA/SRC/disp_data2.v C:/Users/mac/Desktop/SDRAM_VGA/SRC/disp_data3.v C:/Users/mac/Desktop/SDRAM_VGA/SRC/disp_data4.v}
export_ip_user_files -of_objects  [get_files C:/Users/mac/Desktop/RecView/HDMI_Demo/HDMI_Demo.srcs/sources_1/new/disp_data1.v] -no_script -reset -force -quiet
export_ip_user_files -of_objects  [get_files C:/Users/mac/Desktop/RecView/HDMI_Demo/HDMI_Demo.srcs/sources_1/new/digitalRcg.v] -no_script -reset -force -quiet
remove_files  {C:/Users/mac/Desktop/RecView/HDMI_Demo/HDMI_Demo.srcs/sources_1/new/disp_data1.v C:/Users/mac/Desktop/RecView/HDMI_Demo/HDMI_Demo.srcs/sources_1/new/digitalRcg.v}
INFO: [Device 21-403] Loading part xc7s15ftgb196-1
WARNING: [IP_Flow 19-4067] Ignoring invalid widget type specified checkbox.Providing a default widget
WARNING: [IP_Flow 19-4067] Ignoring invalid widget type specified checkbox.Providing a default widget
set_property -dict [list CONFIG.Write_Width_B {8} CONFIG.Read_Width_B {8}] [get_ips AXIS_Data_RAM]
generate_target all [get_files  C:/Users/mac/Desktop/RecView/HDMI_Demo/HDMI_Demo.srcs/sources_1/ip/AXIS_Data_RAM/AXIS_Data_RAM.xci]
INFO: [IP_Flow 19-1686] Generating 'Instantiation Template' target for IP 'AXIS_Data_RAM'...
INFO: [IP_Flow 19-1686] Generating 'Simulation' target for IP 'AXIS_Data_RAM'...
INFO: [IP_Flow 19-1686] Generating 'Miscellaneous' target for IP 'AXIS_Data_RAM'...
INFO: [IP_Flow 19-1686] Generating 'Change Log' target for IP 'AXIS_Data_RAM'...
export_ip_user_files -of_objects [get_files C:/Users/mac/Desktop/RecView/HDMI_Demo/HDMI_Demo.srcs/sources_1/ip/AXIS_Data_RAM/AXIS_Data_RAM.xci] -no_script -sync -force -quiet
reset_run AXIS_Data_RAM_synth_1
launch_runs -jobs 4 AXIS_Data_RAM_synth_1
INFO: [Vivado 12-4149] The synthesis checkpoint for IP 'C:/Users/mac/Desktop/RecView/HDMI_Demo/HDMI_Demo.srcs/sources_1/ip/AXIS_Data_RAM/AXIS_Data_RAM.xci' is already up-to-date
[Fri Jul 31 21:44:26 2020] Launched AXIS_Data_RAM_synth_1...
Run output will be captured here: C:/Users/mac/Desktop/RecView/HDMI_Demo/HDMI_Demo.runs/AXIS_Data_RAM_synth_1/runme.log
export_simulation -of_objects [get_files C:/Users/mac/Desktop/RecView/HDMI_Demo/HDMI_Demo.srcs/sources_1/ip/AXIS_Data_RAM/AXIS_Data_RAM.xci] -directory C:/Users/mac/Desktop/RecView/HDMI_Demo/HDMI_Demo.ip_user_files/sim_scripts -ip_user_files_dir C:/Users/mac/Desktop/RecView/HDMI_Demo/HDMI_Demo.ip_user_files -ipstatic_source_dir C:/Users/mac/Desktop/RecView/HDMI_Demo/HDMI_Demo.ip_user_files/ipstatic -lib_map_path [list {modelsim=C:/Users/mac/Desktop/RecView/HDMI_Demo/HDMI_Demo.cache/compile_simlib/modelsim} {questa=C:/Users/mac/Desktop/RecView/HDMI_Demo/HDMI_Demo.cache/compile_simlib/questa} {riviera=C:/Users/mac/Desktop/RecView/HDMI_Demo/HDMI_Demo.cache/compile_simlib/riviera} {activehdl=C:/Users/mac/Desktop/RecView/HDMI_Demo/HDMI_Demo.cache/compile_simlib/activehdl}] -use_ip_compiled_libs -force -quiet
export_ip_user_files -of_objects  [get_files C:/Users/mac/Desktop/SDRAM_VGA/ROM/num1_bb.v] -no_script -reset -force -quiet
export_ip_user_files -of_objects  [get_files C:/Users/mac/Desktop/SDRAM_VGA/ROM/num2_bb.v] -no_script -reset -force -quiet
export_ip_user_files -of_objects  [get_files C:/Users/mac/Desktop/SDRAM_VGA/ROM/num3_bb.v] -no_script -reset -force -quiet
export_ip_user_files -of_objects  [get_files C:/Users/mac/Desktop/SDRAM_VGA/ROM/num4_bb.v] -no_script -reset -force -quiet
export_ip_user_files -of_objects  [get_files C:/Users/mac/Desktop/SDRAM_VGA/ROM/num5_bb.v] -no_script -reset -force -quiet
export_ip_user_files -of_objects  [get_files C:/Users/mac/Desktop/SDRAM_VGA/ROM/num6_bb.v] -no_script -reset -force -quiet
export_ip_user_files -of_objects  [get_files C:/Users/mac/Desktop/SDRAM_VGA/ROM/num7_bb.v] -no_script -reset -force -quiet
remove_files  {C:/Users/mac/Desktop/SDRAM_VGA/ROM/num1_bb.v C:/Users/mac/Desktop/SDRAM_VGA/ROM/num2_bb.v C:/Users/mac/Desktop/SDRAM_VGA/ROM/num3_bb.v C:/Users/mac/Desktop/SDRAM_VGA/ROM/num4_bb.v C:/Users/mac/Desktop/SDRAM_VGA/ROM/num5_bb.v C:/Users/mac/Desktop/SDRAM_VGA/ROM/num6_bb.v C:/Users/mac/Desktop/SDRAM_VGA/ROM/num7_bb.v}
export_ip_user_files -of_objects  [get_files C:/Users/mac/Desktop/RecView/HDMI_Demo/HDMI_Demo.srcs/sources_1/new/identf_number.v] -no_script -reset -force -quiet
remove_files  C:/Users/mac/Desktop/RecView/HDMI_Demo/HDMI_Demo.srcs/sources_1/new/identf_number.v
export_ip_user_files -of_objects  [get_files C:/Users/mac/Desktop/SDRAM_VGA/ROM/num8_bb.v] -no_script -reset -force -quiet
export_ip_user_files -of_objects  [get_files C:/Users/mac/Desktop/SDRAM_VGA/ROM/num9_bb.v] -no_script -reset -force -quiet
remove_files  {C:/Users/mac/Desktop/SDRAM_VGA/ROM/num8_bb.v C:/Users/mac/Desktop/SDRAM_VGA/ROM/num9_bb.v}
export_ip_user_files -of_objects  [get_files C:/Users/mac/Desktop/0_Picture_B_Rom.coe] -no_script -reset -force -quiet
export_ip_user_files -of_objects  [get_files C:/Users/mac/Desktop/Matlab_Demo/0_Picture_B_Rom.coe] -no_script -reset -force -quiet
export_ip_user_files -of_objects  [get_files C:/Users/mac/Desktop/RecView/0_Picture_B_Rom.coe] -no_script -reset -force -quiet
export_ip_user_files -of_objects  [get_files C:/Users/mac/Desktop/0_Picture_G_Rom.coe] -no_script -reset -force -quiet
export_ip_user_files -of_objects  [get_files C:/Users/mac/Desktop/Matlab_Demo/0_Picture_G_Rom.coe] -no_script -reset -force -quiet
export_ip_user_files -of_objects  [get_files C:/Users/mac/Desktop/RecView/0_Picture_G_Rom.coe] -no_script -reset -force -quiet
export_ip_user_files -of_objects  [get_files C:/Users/mac/Desktop/0_Picture_R_Rom.coe] -no_script -reset -force -quiet
export_ip_user_files -of_objects  [get_files C:/Users/mac/Desktop/Matlab_Demo/0_Picture_R_Rom.coe] -no_script -reset -force -quiet
export_ip_user_files -of_objects  [get_files C:/Users/mac/Desktop/RecView/0_Picture_R_Rom.coe] -no_script -reset -force -quiet
export_ip_user_files -of_objects  [get_files C:/Users/mac/Desktop/Matlab_Demo/SEU_Picture_B_Rom.coe] -no_script -reset -force -quiet
export_ip_user_files -of_objects  [get_files C:/Users/mac/Desktop/Matlab_Demo/SEU_Picture_G_Rom.coe] -no_script -reset -force -quiet
export_ip_user_files -of_objects  [get_files C:/Users/mac/Desktop/Matlab_Demo/SEU_Picture_R_Rom.coe] -no_script -reset -force -quiet
remove_files  {C:/Users/mac/Desktop/0_Picture_B_Rom.coe C:/Users/mac/Desktop/Matlab_Demo/0_Picture_B_Rom.coe C:/Users/mac/Desktop/RecView/0_Picture_B_Rom.coe C:/Users/mac/Desktop/0_Picture_G_Rom.coe C:/Users/mac/Desktop/Matlab_Demo/0_Picture_G_Rom.coe C:/Users/mac/Desktop/RecView/0_Picture_G_Rom.coe C:/Users/mac/Desktop/0_Picture_R_Rom.coe C:/Users/mac/Desktop/Matlab_Demo/0_Picture_R_Rom.coe C:/Users/mac/Desktop/RecView/0_Picture_R_Rom.coe C:/Users/mac/Desktop/Matlab_Demo/SEU_Picture_B_Rom.coe C:/Users/mac/Desktop/Matlab_Demo/SEU_Picture_G_Rom.coe C:/Users/mac/Desktop/Matlab_Demo/SEU_Picture_R_Rom.coe}
export_ip_user_files -of_objects  [get_files C:/Users/mac/Desktop/SDRAM_VGA/ROM/NUM0_bb.v] -no_script -reset -force -quiet
remove_files  C:/Users/mac/Desktop/SDRAM_VGA/ROM/NUM0_bb.v
export_ip_user_files -of_objects  [get_files C:/Users/mac/Desktop/RecView/HDMI_Demo/HDMI_Demo.srcs/sources_1/new/Driver_HDMI.v] -no_script -reset -force -quiet
remove_files  C:/Users/mac/Desktop/RecView/HDMI_Demo/HDMI_Demo.srcs/sources_1/new/Driver_HDMI.v
exit
INFO: [Common 17-206] Exiting Vivado at Fri Jul 31 22:07:28 2020...
