#-----------------------------------------------------------
# Vivado v2018.3 (64-bit)
# SW Build 2405991 on Thu Dec  6 23:38:27 MST 2018
# IP Build 2404404 on Fri Dec  7 01:43:56 MST 2018
# Start of session at: Fri Jul 31 20:25:43 2020
# Process ID: 13776
# Current directory: C:/Users/mac/Desktop/Camera_Demo/Camera_Demo
# Command line: vivado.exe -gui_launcher_event rodinguilauncherevent1800 C:\Users\mac\Desktop\Camera_Demo\Camera_Demo\Camera_Demo.xpr
# Log file: C:/Users/mac/Desktop/Camera_Demo/Camera_Demo/vivado.log
# Journal file: C:/Users/mac/Desktop/Camera_Demo/Camera_Demo\vivado.jou
#-----------------------------------------------------------
start_gui
open_project C:/Users/mac/Desktop/Camera_Demo/Camera_Demo/Camera_Demo.xpr
INFO: [Project 1-313] Project file moved from 'D:/camra/Camera_Demo' since last save.
CRITICAL WARNING: [Project 1-19] Could not find the file 'E:/FPGA-Demo-Project/Camera_Demo/tcl/Elimate_Constraints_Error.tcl'.
Scanning sources...
Finished scanning sources
INFO: [IP_Flow 19-234] Refreshing IP repositories
INFO: [IP_Flow 19-1700] Loaded user IP repository 'c:/Users/mac/Desktop/Camera_Demo/Camera_Demo/IP_Core'.
INFO: [IP_Flow 19-2313] Loaded Vivado IP repository 'D:/XILINX/vivado/2018.3/data/ip'.
open_project: Time (s): cpu = 00:00:33 ; elapsed = 00:00:17 . Memory (MB): peak = 925.293 ; gain = 78.395
update_compile_order -fileset sources_1
reset_run synth_1
launch_runs synth_1 -jobs 4
[Fri Jul 31 20:26:42 2020] Launched synth_1...
Run output will be captured here: C:/Users/mac/Desktop/Camera_Demo/Camera_Demo/Camera_Demo.runs/synth_1/runme.log
launch_runs impl_1 -to_step write_bitstream -jobs 4
[Fri Jul 31 20:28:35 2020] Launched impl_1...
Run output will be captured here: C:/Users/mac/Desktop/Camera_Demo/Camera_Demo/Camera_Demo.runs/impl_1/runme.log
reset_run impl_1
exit
INFO: [Common 17-206] Exiting Vivado at Fri Jul 31 20:31:40 2020...
